#
# There is insufficient memory for the Java Runtime Environment to continue.
# Native memory allocation (malloc) failed to allocate 174063616 bytes for committing reserved memory.
# Possible reasons:
#   The system is out of physical RAM or swap space
#   In 32 bit mode, the process size limit was hit
# Possible solutions:
#   Reduce memory load on the system
#   Increase physical memory or swap space
#   Check if swap backing store is full
#   Use 64 bit Java on a 64 bit OS
#   Decrease Java heap size (-Xmx/-Xms)
#   Decrease number of Java threads
#   Decrease Java thread stack sizes (-Xss)
#   Set larger code cache with -XX:ReservedCodeCacheSize=
# This output file may be truncated or incomplete.
#
#  Out of Memory Error (os_linux.cpp:2798), pid=3992, tid=139670864287488
#
# JRE version: OpenJDK Runtime Environment (7.0_75-b13) (build 1.7.0_75-b13)
# Java VM: OpenJDK 64-Bit Server VM (24.75-b04 mixed mode linux-amd64 compressed oops)
# Derivative: IcedTea 2.5.4
# Distribution: Custom build (Fri Jan 23 11:00:44 UTC 2015)
# Failed to write core dump. Core dumps have been disabled. To enable core dumping, try "ulimit -c unlimited" before starting Java again
#

---------------  T H R E A D  ---------------

Current thread (0x00007f07b417f800):  VMThread [stack: 0x00007f07a8305000,0x00007f07a8406000] [id=4087]

Stack: [0x00007f07a8305000,0x00007f07a8406000],  sp=0x00007f07a84044e0,  free space=1021k
Native frames: (J=compiled Java code, j=interpreted, Vv=VM code, C=native code)
V  [libjvm.so+0x97dfb6]
V  [libjvm.so+0x48e252]
V  [libjvm.so+0x7f188b]
V  [libjvm.so+0x7ebffe]
V  [libjvm.so+0x85e83b]
V  [libjvm.so+0x85f6e3]
V  [libjvm.so+0x85fdfb]
V  [libjvm.so+0x85b809]
V  [libjvm.so+0x85bfe8]
V  [libjvm.so+0x813d53]
V  [libjvm.so+0x97f882]
V  [libjvm.so+0x984107]
V  [libjvm.so+0x9826fb]
V  [libjvm.so+0x982da6]
V  [libjvm.so+0x983271]
V  [libjvm.so+0x7ee7d2]

VM_Operation (0x00007f07bacc2d60): ParallelGCFailedAllocation, mode: safepoint, requested by thread 0x00007f07b4008800


---------------  P R O C E S S  ---------------

Java Threads: ( => current thread )
  0x00007f07b41ba800 JavaThread "Service Thread" daemon [_thread_blocked, id=4117, stack(0x00007f07a3b6d000,0x00007f07a3c6e000)]
  0x00007f07b41b8000 JavaThread "C2 CompilerThread1" daemon [_thread_blocked, id=4116, stack(0x00007f07a3c6e000,0x00007f07a3d6f000)]
  0x00007f07b41b5000 JavaThread "C2 CompilerThread0" daemon [_thread_blocked, id=4111, stack(0x00007f07a3d6f000,0x00007f07a3e70000)]
  0x00007f07b41b3000 JavaThread "Signal Dispatcher" daemon [_thread_blocked, id=4109, stack(0x00007f07a8002000,0x00007f07a8103000)]
  0x00007f07b4186000 JavaThread "Finalizer" daemon [_thread_blocked, id=4090, stack(0x00007f07a8103000,0x00007f07a8204000)]
  0x00007f07b4184000 JavaThread "Reference Handler" daemon [_thread_blocked, id=4089, stack(0x00007f07a8204000,0x00007f07a8305000)]
  0x00007f07b4008800 JavaThread "main" [_thread_blocked, id=4046, stack(0x00007f07babc4000,0x00007f07bacc5000)]

Other Threads:
=>0x00007f07b417f800 VMThread [stack: 0x00007f07a8305000,0x00007f07a8406000] [id=4087]
  0x00007f07b41bd000 WatcherThread [stack: 0x00007f07a3a6c000,0x00007f07a3b6d000] [id=4119]

VM state:at safepoint (normal execution)

VM Mutex/Monitor currently owned by a thread:  ([mutex/lock_event])
[0x00007f07b4006510] Threads_lock - owner thread: 0x00007f07b417f800
[0x00007f07b4006a10] Heap_lock - owner thread: 0x00007f07b4008800

Heap
 PSYoungGen      total 134144K, used 5117K [0x00000000eaa80000, 0x00000000f3280000, 0x0000000100000000)
  eden space 129024K, 0% used [0x00000000eaa80000,0x00000000eaa80000,0x00000000f2880000)
  from space 5120K, 99% used [0x00000000f2880000,0x00000000f2d7f598,0x00000000f2d80000)
  to   space 5120K, 0% used [0x00000000f2d80000,0x00000000f2d80000,0x00000000f3280000)
 ParOldGen       total 84992K, used 45204K [0x00000000c0000000, 0x00000000c5300000, 0x00000000eaa80000)
  object space 84992K, 53% used [0x00000000c0000000,0x00000000c2c252e8,0x00000000c5300000)
 PSPermGen       total 21504K, used 5701K [0x00000000b5a00000, 0x00000000b6f00000, 0x00000000c0000000)
  object space 21504K, 26% used [0x00000000b5a00000,0x00000000b5f91510,0x00000000b6f00000)

Card table byte_map: [0x00007f07b0994000,0x00007f07b0be8000] byte_map_base: 0x00007f07b03e7000

Polling page: 0x00007f07babc3000

Code Cache  [0x00007f07b0be8000, 0x00007f07b0ea8000, 0x00007f07b3be8000)
 total_blobs=870 nmethods=644 adapters=180 free_code_cache=46394Kb largest_free_block=47455680

Compilation events (10 events):
Event: 9.794 Thread 0x00007f07b41b8000 nmethod 649 0x00007f07b0e67e90 code [0x00007f07b0e67fe0, 0x00007f07b0e68098]
Event: 9.798 Thread 0x00007f07b41b5000  650             com.android.dx.ssa.MoveParamCombiner$1::visitPhiInsn (1 bytes)
Event: 9.798 Thread 0x00007f07b41b5000 nmethod 650 0x00007f07b0d0e4d0 code [0x00007f07b0d0e600, 0x00007f07b0d0e658]
Event: 9.825 Thread 0x00007f07b41b5000  651             com.android.dx.ssa.SsaRenamer::dupArray (17 bytes)
Event: 9.827 Thread 0x00007f07b41b5000 nmethod 651 0x00007f07b0e789d0 code [0x00007f07b0e78b20, 0x00007f07b0e78c18]
Event: 9.907 Thread 0x00007f07b41b8000  652             com.android.dx.rop.cst.CstInteger::make (47 bytes)
Event: 9.909 Thread 0x00007f07b41b8000 nmethod 652 0x00007f07b0e7c8d0 code [0x00007f07b0e7ca20, 0x00007f07b0e7cb98]
Event: 9.937 Thread 0x00007f07b41b5000  653             com.android.dx.rop.cst.CstString::equals (24 bytes)
Event: 9.938 Thread 0x00007f07b41b5000 nmethod 653 0x00007f07b0e7c510 code [0x00007f07b0e7c660, 0x00007f07b0e7c7d8]
Event: 9.973 Thread 0x00007f07b41b8000  654             com.android.dx.ssa.SsaBasicBlock::addPhiInsnForReg (18 bytes)

GC Heap History (9 events):
Event: 4.476 GC heap before
{Heap before GC invocations=1 (full 0):
 PSYoungGen      total 37376K, used 32256K [0x00000000eaa80000, 0x00000000ed400000, 0x0000000100000000)
  eden space 32256K, 100% used [0x00000000eaa80000,0x00000000eca00000,0x00000000eca00000)
  from space 5120K, 0% used [0x00000000ecf00000,0x00000000ecf00000,0x00000000ed400000)
  to   space 5120K, 0% used [0x00000000eca00000,0x00000000eca00000,0x00000000ecf00000)
 ParOldGen       total 84992K, used 0K [0x00000000c0000000, 0x00000000c5300000, 0x00000000eaa80000)
  object space 84992K, 0% used [0x00000000c0000000,0x00000000c0000000,0x00000000c5300000)
 PSPermGen       total 21504K, used 5511K [0x00000000b5a00000, 0x00000000b6f00000, 0x00000000c0000000)
  object space 21504K, 25% used [0x00000000b5a00000,0x00000000b5f61c68,0x00000000b6f00000)
Event: 4.568 GC heap after
Heap after GC invocations=1 (full 0):
 PSYoungGen      total 37376K, used 5095K [0x00000000eaa80000, 0x00000000ef380000, 0x0000000100000000)
  eden space 32256K, 0% used [0x00000000eaa80000,0x00000000eaa80000,0x00000000eca00000)
  from space 5120K, 99% used [0x00000000eca00000,0x00000000ecef9c78,0x00000000ecf00000)
  to   space 5120K, 0% used [0x00000000eee80000,0x00000000eee80000,0x00000000ef380000)
 ParOldGen       total 84992K, used 1760K [0x00000000c0000000, 0x00000000c5300000, 0x00000000eaa80000)
  object space 84992K, 2% used [0x00000000c0000000,0x00000000c01b8130,0x00000000c5300000)
 PSPermGen       total 21504K, used 5511K [0x00000000b5a00000, 0x00000000b6f00000, 0x00000000c0000000)
  object space 21504K, 25% used [0x00000000b5a00000,0x00000000b5f61c68,0x00000000b6f00000)
}
Event: 6.033 GC heap before
{Heap before GC invocations=2 (full 0):
 PSYoungGen      total 37376K, used 37351K [0x00000000eaa80000, 0x00000000ef380000, 0x0000000100000000)
  eden space 32256K, 100% used [0x00000000eaa80000,0x00000000eca00000,0x00000000eca00000)
  from space 5120K, 99% used [0x00000000eca00000,0x00000000ecef9c78,0x00000000ecf00000)
  to   space 5120K, 0% used [0x00000000eee80000,0x00000000eee80000,0x00000000ef380000)
 ParOldGen       total 84992K, used 1760K [0x00000000c0000000, 0x00000000c5300000, 0x00000000eaa80000)
  object space 84992K, 2% used [0x00000000c0000000,0x00000000c01b8130,0x00000000c5300000)
 PSPermGen       total 21504K, used 5579K [0x00000000b5a00000, 0x00000000b6f00000, 0x00000000c0000000)
  object space 21504K, 25% used [0x00000000b5a00000,0x00000000b5f72ce0,0x00000000b6f00000)
Event: 6.157 GC heap after
Heap after GC invocations=2 (full 0):
 PSYoungGen      total 69632K, used 5099K [0x00000000eaa80000, 0x00000000ef380000, 0x0000000100000000)
  eden space 64512K, 0% used [0x00000000eaa80000,0x00000000eaa80000,0x00000000ee980000)
  from space 5120K, 99% used [0x00000000eee80000,0x00000000ef37adb0,0x00000000ef380000)
  to   space 5120K, 0% used [0x00000000ee980000,0x00000000ee980000,0x00000000eee80000)
 ParOldGen       total 84992K, used 6682K [0x00000000c0000000, 0x00000000c5300000, 0x00000000eaa80000)
  object space 84992K, 7% used [0x00000000c0000000,0x00000000c0686a00,0x00000000c5300000)
 PSPermGen       total 21504K, used 5579K [0x00000000b5a00000, 0x00000000b6f00000, 0x00000000c0000000)
  object space 21504K, 25% used [0x00000000b5a00000,0x00000000b5f72ce0,0x00000000b6f00000)
}
Event: 7.990 GC heap before
{Heap before GC invocations=3 (full 0):
 PSYoungGen      total 69632K, used 69611K [0x00000000eaa80000, 0x00000000ef380000, 0x0000000100000000)
  eden space 64512K, 100% used [0x00000000eaa80000,0x00000000ee980000,0x00000000ee980000)
  from space 5120K, 99% used [0x00000000eee80000,0x00000000ef37adb0,0x00000000ef380000)
  to   space 5120K, 0% used [0x00000000ee980000,0x00000000ee980000,0x00000000eee80000)
 ParOldGen       total 84992K, used 6682K [0x00000000c0000000, 0x00000000c5300000, 0x00000000eaa80000)
  object space 84992K, 7% used [0x00000000c0000000,0x00000000c0686a00,0x00000000c5300000)
 PSPermGen       total 21504K, used 5636K [0x00000000b5a00000, 0x00000000b6f00000, 0x00000000c0000000)
  object space 21504K, 26% used [0x00000000b5a00000,0x00000000b5f81020,0x00000000b6f00000)
Event: 8.077 GC heap after
Heap after GC invocations=3 (full 0):
 PSYoungGen      total 69632K, used 5118K [0x00000000eaa80000, 0x00000000f3280000, 0x0000000100000000)
  eden space 64512K, 0% used [0x00000000eaa80000,0x00000000eaa80000,0x00000000ee980000)
  from space 5120K, 99% used [0x00000000ee980000,0x00000000eee7f838,0x00000000eee80000)
  to   space 5120K, 0% used [0x00000000f2d80000,0x00000000f2d80000,0x00000000f3280000)
 ParOldGen       total 84992K, used 16923K [0x00000000c0000000, 0x00000000c5300000, 0x00000000eaa80000)
  object space 84992K, 19% used [0x00000000c0000000,0x00000000c1086e88,0x00000000c5300000)
 PSPermGen       total 21504K, used 5636K [0x00000000b5a00000, 0x00000000b6f00000, 0x00000000c0000000)
  object space 21504K, 26% used [0x00000000b5a00000,0x00000000b5f81020,0x00000000b6f00000)
}
Event: 8.923 GC heap before
{Heap before GC invocations=4 (full 0):
 PSYoungGen      total 69632K, used 69630K [0x00000000eaa80000, 0x00000000f3280000, 0x0000000100000000)
  eden space 64512K, 100% used [0x00000000eaa80000,0x00000000ee980000,0x00000000ee980000)
  from space 5120K, 99% used [0x00000000ee980000,0x00000000eee7f838,0x00000000eee80000)
  to   space 5120K, 0% used [0x00000000f2d80000,0x00000000f2d80000,0x00000000f3280000)
 ParOldGen       total 84992K, used 16923K [0x00000000c0000000, 0x00000000c5300000, 0x00000000eaa80000)
  object space 84992K, 19% used [0x00000000c0000000,0x00000000c1086e88,0x00000000c5300000)
 PSPermGen       total 21504K, used 5672K [0x00000000b5a00000, 0x00000000b6f00000, 0x00000000c0000000)
  object space 21504K, 26% used [0x00000000b5a00000,0x00000000b5f8a2c8,0x00000000b6f00000)
Event: 9.044 GC heap after
Heap after GC invocations=4 (full 0):
 PSYoungGen      total 134144K, used 5096K [0x00000000eaa80000, 0x00000000f3280000, 0x0000000100000000)
  eden space 129024K, 0% used [0x00000000eaa80000,0x00000000eaa80000,0x00000000f2880000)
  from space 5120K, 99% used [0x00000000f2d80000,0x00000000f327a3b8,0x00000000f3280000)
  to   space 5120K, 0% used [0x00000000f2880000,0x00000000f2880000,0x00000000f2d80000)
 ParOldGen       total 84992K, used 27492K [0x00000000c0000000, 0x00000000c5300000, 0x00000000eaa80000)
  object space 84992K, 32% used [0x00000000c0000000,0x00000000c1ad9030,0x00000000c5300000)
 PSPermGen       total 21504K, used 5672K [0x00000000b5a00000, 0x00000000b6f00000, 0x00000000c0000000)
  object space 21504K, 26% used [0x00000000b5a00000,0x00000000b5f8a2c8,0x00000000b6f00000)
}
Event: 9.974 GC heap before
{Heap before GC invocations=5 (full 0):
 PSYoungGen      total 134144K, used 134120K [0x00000000eaa80000, 0x00000000f3280000, 0x0000000100000000)
  eden space 129024K, 100% used [0x00000000eaa80000,0x00000000f2880000,0x00000000f2880000)
  from space 5120K, 99% used [0x00000000f2d80000,0x00000000f327a3b8,0x00000000f3280000)
  to   space 5120K, 0% used [0x00000000f2880000,0x00000000f2880000,0x00000000f2d80000)
 ParOldGen       total 84992K, used 27492K [0x00000000c0000000, 0x00000000c5300000, 0x00000000eaa80000)
  object space 84992K, 32% used [0x00000000c0000000,0x00000000c1ad9030,0x00000000c5300000)
 PSPermGen       total 21504K, used 5701K [0x00000000b5a00000, 0x00000000b6f00000, 0x00000000c0000000)
  object space 21504K, 26% used [0x00000000b5a00000,0x00000000b5f91510,0x00000000b6f00000)

Deoptimization events (10 events):
Event: 8.196 Thread 0x00007f07b4008800 Uncommon trap: reason=class_check action=maybe_recompile pc=0x00007f07b0d7d174 method=com.android.dx.ssa.SCCP.replaceConstants()V @ 127
Event: 8.214 Thread 0x00007f07b4008800 Uncommon trap: reason=class_check action=maybe_recompile pc=0x00007f07b0d8c7a0 method=com.android.dx.cf.code.RopperMachine.run(Lcom/android/dx/cf/code/Frame;II)V @ 310
Event: 8.391 Thread 0x00007f07b4008800 Uncommon trap: reason=null_check action=make_not_entrant pc=0x00007f07b0e28d58 method=com.android.dx.dex.file.FieldIdsSection.intern(Lcom/android/dx/rop/cst/CstFieldRef;)Lcom/android/dx/dex/file/FieldIdItem; @ 26
Event: 8.452 Thread 0x00007f07b4008800 Uncommon trap: reason=class_check action=maybe_recompile pc=0x00007f07b0d8c7a0 method=com.android.dx.cf.code.RopperMachine.run(Lcom/android/dx/cf/code/Frame;II)V @ 310
Event: 8.454 Thread 0x00007f07b4008800 Uncommon trap: reason=class_check action=maybe_recompile pc=0x00007f07b0d8c7a0 method=com.android.dx.cf.code.RopperMachine.run(Lcom/android/dx/cf/code/Frame;II)V @ 310
Event: 8.830 Thread 0x00007f07b4008800 Uncommon trap: reason=bimorphic action=maybe_recompile pc=0x00007f07b0df05a4 method=com.android.dx.cf.code.BytecodeArray.parseInstruction(ILcom/android/dx/cf/code/BytecodeArray$Visitor;)I @ 971
Event: 8.830 Thread 0x00007f07b4008800 Uncommon trap: reason=bimorphic action=maybe_recompile pc=0x00007f07b0df05a4 method=com.android.dx.cf.code.BytecodeArray.parseInstruction(ILcom/android/dx/cf/code/BytecodeArray$Visitor;)I @ 971
Event: 8.839 Thread 0x00007f07b4008800 Uncommon trap: reason=class_check action=maybe_recompile pc=0x00007f07b0e53308 method=com.android.dx.cf.code.Ropper.processBlock(Lcom/android/dx/cf/code/ByteBlock;Lcom/android/dx/cf/code/Frame;[I)V @ 777
Event: 8.839 Thread 0x00007f07b4008800 Uncommon trap: reason=class_check action=maybe_recompile pc=0x00007f07b0e53308 method=com.android.dx.cf.code.Ropper.processBlock(Lcom/android/dx/cf/code/ByteBlock;Lcom/android/dx/cf/code/Frame;[I)V @ 777
Event: 8.880 Thread 0x00007f07b4008800 Uncommon trap: reason=unreached action=reinterpret pc=0x00007f07b0daaa18 method=com.android.dx.cf.cst.ConstantPoolParser.parse()V @ 124

Internal exceptions (10 events):
Event: 4.012 Thread 0x00007f07b4008800 Implicit null exception at 0x00007f07b0c7f612 to 0x00007f07b0c7f715
Event: 5.673 Thread 0x00007f07b4008800 Threw 0x00000000ec334668 at /build/java7-openjdk/src/icedtea-2.5.4/openjdk/hotspot/src/share/vm/prims/jvm.cpp:1284
Event: 5.674 Thread 0x00007f07b4008800 Threw 0x00000000ec3363c0 at /build/java7-openjdk/src/icedtea-2.5.4/openjdk/hotspot/src/share/vm/prims/jvm.cpp:1284
Event: 5.675 Thread 0x00007f07b4008800 Threw 0x00000000ec33ed88 at /build/java7-openjdk/src/icedtea-2.5.4/openjdk/hotspot/src/share/vm/prims/jvm.cpp:1284
Event: 5.686 Thread 0x00007f07b4008800 Threw 0x00000000ec340cb8 at /build/java7-openjdk/src/icedtea-2.5.4/openjdk/hotspot/src/share/vm/prims/jvm.cpp:1284
Event: 6.934 Thread 0x00007f07b4008800 Threw 0x00000000ec3b90b0 at /build/java7-openjdk/src/icedtea-2.5.4/openjdk/hotspot/src/share/vm/prims/jvm.cpp:1284
Event: 6.980 Thread 0x00007f07b4008800 Threw 0x00000000ec5a4480 at /build/java7-openjdk/src/icedtea-2.5.4/openjdk/hotspot/src/share/vm/prims/jvm.cpp:1284
Event: 7.117 Thread 0x00007f07b4008800 Implicit null exception at 0x00007f07b0da9bb8 to 0x00007f07b0da9cb9
Event: 7.988 Thread 0x00007f07b4008800 Implicit null exception at 0x00007f07b0e07a11 to 0x00007f07b0e0b891
Event: 8.922 Thread 0x00007f07b4008800 Threw 0x00000000ee967260 at /build/java7-openjdk/src/icedtea-2.5.4/openjdk/hotspot/src/share/vm/prims/jvm.cpp:1284

Events (10 events):
Event: 8.880 Thread 0x00007f07b4008800 Uncommon trap: trap_request=0xffffffad fr.pc=0x00007f07b0daaa18
Event: 8.880 Thread 0x00007f07b4008800 DEOPT PACKING pc=0x00007f07b0daaa18 sp=0x00007f07bacc3160
Event: 8.880 Thread 0x00007f07b4008800 DEOPT UNPACKING pc=0x00007f07b0c21045 sp=0x00007f07bacc3110 mode 2
Event: 8.922 loading class 0x00007f07b42197e0
Event: 8.922 loading class 0x00007f07b42197e0 done
Event: 8.923 Executing VM operation: ParallelGCFailedAllocation
Event: 9.044 Executing VM operation: ParallelGCFailedAllocation done
Event: 9.182 Thread 0x00007f07b41b8000 flushing nmethod 0x00007f07b0ca3610
Event: 9.240 Thread 0x00007f07b41b5000 flushing nmethod 0x00007f07b0d0e350
Event: 9.974 Executing VM operation: ParallelGCFailedAllocation


Dynamic libraries:
00400000-00401000 r-xp 00000000 08:14 406396                             /usr/lib/jvm/java-7-openjdk/jre/bin/java
00600000-00601000 rw-p 00000000 08:14 406396                             /usr/lib/jvm/java-7-openjdk/jre/bin/java
021f1000-02212000 rw-p 00000000 00:00 0                                  [heap]
b5a00000-b6f00000 rw-p 00000000 00:00 0 
b6f00000-c0000000 rw-p 00000000 00:00 0 
c0000000-c5300000 rw-p 00000000 00:00 0 
c5300000-eaa80000 rw-p 00000000 00:00 0 
eaa80000-f3280000 rw-p 00000000 00:00 0 
fd880000-100000000 rw-p 00000000 00:00 0 
7f076c000000-7f076c021000 rw-p 00000000 00:00 0 
7f076c021000-7f0770000000 ---p 00000000 00:00 0 
7f0774000000-7f0774021000 rw-p 00000000 00:00 0 
7f0774021000-7f0778000000 ---p 00000000 00:00 0 
7f0778000000-7f0778021000 rw-p 00000000 00:00 0 
7f0778021000-7f077c000000 ---p 00000000 00:00 0 
7f077c000000-7f077d1b2000 rw-p 00000000 00:00 0 
7f077d1b2000-7f0780000000 ---p 00000000 00:00 0 
7f0780000000-7f078124a000 rw-p 00000000 00:00 0 
7f078124a000-7f0784000000 ---p 00000000 00:00 0 
7f0784000000-7f0784021000 rw-p 00000000 00:00 0 
7f0784021000-7f0788000000 ---p 00000000 00:00 0 
7f0788000000-7f0788021000 rw-p 00000000 00:00 0 
7f0788021000-7f078c000000 ---p 00000000 00:00 0 
7f078c000000-7f078c021000 rw-p 00000000 00:00 0 
7f078c021000-7f0790000000 ---p 00000000 00:00 0 
7f0790000000-7f0790021000 rw-p 00000000 00:00 0 
7f0790021000-7f0794000000 ---p 00000000 00:00 0 
7f0794000000-7f0794021000 rw-p 00000000 00:00 0 
7f0794021000-7f0798000000 ---p 00000000 00:00 0 
7f0798000000-7f0798021000 rw-p 00000000 00:00 0 
7f0798021000-7f079c000000 ---p 00000000 00:00 0 
7f079c000000-7f079c021000 rw-p 00000000 00:00 0 
7f079c021000-7f07a0000000 ---p 00000000 00:00 0 
7f07a24c0000-7f07a24d4000 r-xp 00000000 08:14 264991                     /usr/lib/libresolv-2.21.so
7f07a24d4000-7f07a26d3000 ---p 00014000 08:14 264991                     /usr/lib/libresolv-2.21.so
7f07a26d3000-7f07a26d4000 r--p 00013000 08:14 264991                     /usr/lib/libresolv-2.21.so
7f07a26d4000-7f07a26d5000 rw-p 00014000 08:14 264991                     /usr/lib/libresolv-2.21.so
7f07a26d5000-7f07a26d7000 rw-p 00000000 00:00 0 
7f07a26d8000-7f07a2746000 r-xp 00000000 08:14 272888                     /usr/lib/libpcre.so.1.2.4
7f07a2746000-7f07a2945000 ---p 0006e000 08:14 272888                     /usr/lib/libpcre.so.1.2.4
7f07a2945000-7f07a2946000 r--p 0006d000 08:14 272888                     /usr/lib/libpcre.so.1.2.4
7f07a2946000-7f07a2947000 rw-p 0006e000 08:14 272888                     /usr/lib/libpcre.so.1.2.4
7f07a2948000-7f07a294b000 r-xp 00000000 08:14 314903                     /usr/lib/libgmodule-2.0.so.0.4200.2
7f07a294b000-7f07a2b4a000 ---p 00003000 08:14 314903                     /usr/lib/libgmodule-2.0.so.0.4200.2
7f07a2b4a000-7f07a2b4b000 r--p 00002000 08:14 314903                     /usr/lib/libgmodule-2.0.so.0.4200.2
7f07a2b4b000-7f07a2b4c000 rw-p 00003000 08:14 314903                     /usr/lib/libgmodule-2.0.so.0.4200.2
7f07a2b50000-7f07a2b58000 r-xp 00000000 08:14 273017                     /usr/lib/libffi.so.6.0.4
7f07a2b58000-7f07a2d57000 ---p 00008000 08:14 273017                     /usr/lib/libffi.so.6.0.4
7f07a2d57000-7f07a2d58000 r--p 00007000 08:14 273017                     /usr/lib/libffi.so.6.0.4
7f07a2d58000-7f07a2d59000 rw-p 00008000 08:14 273017                     /usr/lib/libffi.so.6.0.4
7f07a2d60000-7f07a2e6c000 r-xp 00000000 08:14 310843                     /usr/lib/libglib-2.0.so.0.4200.2
7f07a2e6c000-7f07a306b000 ---p 0010c000 08:14 310843                     /usr/lib/libglib-2.0.so.0.4200.2
7f07a306b000-7f07a306c000 r--p 0010b000 08:14 310843                     /usr/lib/libglib-2.0.so.0.4200.2
7f07a306c000-7f07a306d000 rw-p 0010c000 08:14 310843                     /usr/lib/libglib-2.0.so.0.4200.2
7f07a306d000-7f07a306e000 rw-p 00000000 00:00 0 
7f07a3070000-7f07a30bf000 r-xp 00000000 08:14 314905                     /usr/lib/libgobject-2.0.so.0.4200.2
7f07a30bf000-7f07a32bf000 ---p 0004f000 08:14 314905                     /usr/lib/libgobject-2.0.so.0.4200.2
7f07a32bf000-7f07a32c0000 r--p 0004f000 08:14 314905                     /usr/lib/libgobject-2.0.so.0.4200.2
7f07a32c0000-7f07a32c1000 rw-p 00050000 08:14 314905                     /usr/lib/libgobject-2.0.so.0.4200.2
7f07a32c8000-7f07a3437000 r-xp 00000000 08:14 314906                     /usr/lib/libgio-2.0.so.0.4200.2
7f07a3437000-7f07a3636000 ---p 0016f000 08:14 314906                     /usr/lib/libgio-2.0.so.0.4200.2
7f07a3636000-7f07a363a000 r--p 0016e000 08:14 314906                     /usr/lib/libgio-2.0.so.0.4200.2
7f07a363a000-7f07a363c000 rw-p 00172000 08:14 314906                     /usr/lib/libgio-2.0.so.0.4200.2
7f07a363c000-7f07a363e000 rw-p 00000000 00:00 0 
7f07a3640000-7f07a3657000 r-xp 00000000 08:14 663906                     /usr/lib/jvm/java-7-openjdk/jre/lib/amd64/libnet.so
7f07a3657000-7f07a3856000 ---p 00017000 08:14 663906                     /usr/lib/jvm/java-7-openjdk/jre/lib/amd64/libnet.so
7f07a3856000-7f07a3857000 rw-p 00016000 08:14 663906                     /usr/lib/jvm/java-7-openjdk/jre/lib/amd64/libnet.so
7f07a3858000-7f07a3868000 r-xp 00000000 08:14 663907                     /usr/lib/jvm/java-7-openjdk/jre/lib/amd64/libnio.so
7f07a3868000-7f07a3a68000 ---p 00010000 08:14 663907                     /usr/lib/jvm/java-7-openjdk/jre/lib/amd64/libnio.so
7f07a3a68000-7f07a3a69000 rw-p 00010000 08:14 663907                     /usr/lib/jvm/java-7-openjdk/jre/lib/amd64/libnio.so
7f07a3a6c000-7f07a3a6d000 ---p 00000000 00:00 0 
7f07a3a6d000-7f07a3b6d000 rw-p 00000000 00:00 0                          [stack:4119]
7f07a3b6d000-7f07a3b70000 ---p 00000000 00:00 0 
7f07a3b70000-7f07a3c6e000 rw-p 00000000 00:00 0                          [stack:4117]
7f07a3c6e000-7f07a3c71000 ---p 00000000 00:00 0 
7f07a3c71000-7f07a3d6f000 rw-p 00000000 00:00 0                          [stack:4116]
7f07a3d6f000-7f07a3d72000 ---p 00000000 00:00 0 
7f07a3d72000-7f07a3e70000 rw-p 00000000 00:00 0                          [stack:4111]
7f07a3e70000-7f07a3ffa000 r--p 00000000 08:14 311179                     /usr/lib/locale/locale-archive
7f07a4000000-7f07a4021000 rw-p 00000000 00:00 0 
7f07a4021000-7f07a8000000 ---p 00000000 00:00 0 
7f07a8002000-7f07a8005000 ---p 00000000 00:00 0 
7f07a8005000-7f07a8103000 rw-p 00000000 00:00 0                          [stack:4109]
7f07a8103000-7f07a8106000 ---p 00000000 00:00 0 
7f07a8106000-7f07a8204000 rw-p 00000000 00:00 0                          [stack:4090]
7f07a8204000-7f07a8207000 ---p 00000000 00:00 0 
7f07a8207000-7f07a8305000 rw-p 00000000 00:00 0                          [stack:4089]
7f07a8305000-7f07a8306000 ---p 00000000 00:00 0 
7f07a8306000-7f07a991b000 rw-p 00000000 00:00 0                          [stack:4087]
7f07a991b000-7f07a9acc000 r--s 01d23000 08:14 406372                     /usr/lib/jvm/java-7-openjdk/jre/lib/rt.jar
7f07a9ad0000-7f07ac000000 rw-p 00000000 00:00 0 
7f07ac000000-7f07ac021000 rw-p 00000000 00:00 0 
7f07ac021000-7f07b0000000 ---p 00000000 00:00 0 
7f07b0056000-7f07b0064000 r--s 000ce000 08:13 1187623                    /home/robin/AndroidStudioProjects/be.robinj.ubuntu/UbuntuLauncher/app/libs/libGoogleAnalyticsServices.jar
7f07b006a000-7f07b038e000 rw-p 00000000 00:00 0 
7f07b038e000-7f07b038f000 ---p 00000000 00:00 0 
7f07b038f000-7f07b048f000 rw-p 00000000 00:00 0                          [stack:4076]
7f07b048f000-7f07b0490000 ---p 00000000 00:00 0 
7f07b0490000-7f07b0590000 rw-p 00000000 00:00 0                          [stack:4075]
7f07b0590000-7f07b0591000 ---p 00000000 00:00 0 
7f07b0591000-7f07b0691000 rw-p 00000000 00:00 0                          [stack:4074]
7f07b0691000-7f07b0692000 ---p 00000000 00:00 0 
7f07b0692000-7f07b0792000 rw-p 00000000 00:00 0                          [stack:4069]
7f07b0792000-7f07b0793000 ---p 00000000 00:00 0 
7f07b0793000-7f07b0893000 rw-p 00000000 00:00 0                          [stack:4068]
7f07b0893000-7f07b0894000 ---p 00000000 00:00 0 
7f07b0894000-7f07b099f000 rw-p 00000000 00:00 0                          [stack:4057]
7f07b099f000-7f07b09e7000 rw-p 00000000 00:00 0 
7f07b09e7000-7f07b0a11000 rw-p 00000000 00:00 0 
7f07b0a11000-7f07b0b3c000 rw-p 00000000 00:00 0 
7f07b0b3c000-7f07b0b81000 rw-p 00000000 00:00 0 
7f07b0b81000-7f07b0be7000 rw-p 00000000 00:00 0 
7f07b0be7000-7f07b0be8000 rw-p 00000000 00:00 0 
7f07b0be8000-7f07b0ea8000 rwxp 00000000 00:00 0 
7f07b0ea8000-7f07b3be8000 rw-p 00000000 00:00 0 
7f07b3be8000-7f07b3bf0000 r-xp 00000000 08:14 663905                     /usr/lib/jvm/java-7-openjdk/jre/lib/amd64/libzip.so
7f07b3bf0000-7f07b3def000 ---p 00008000 08:14 663905                     /usr/lib/jvm/java-7-openjdk/jre/lib/amd64/libzip.so
7f07b3def000-7f07b3df0000 rw-p 00007000 08:14 663905                     /usr/lib/jvm/java-7-openjdk/jre/lib/amd64/libzip.so
7f07b3df0000-7f07b3dfb000 r-xp 00000000 08:14 264997                     /usr/lib/libnss_files-2.21.so
7f07b3dfb000-7f07b3ffb000 ---p 0000b000 08:14 264997                     /usr/lib/libnss_files-2.21.so
7f07b3ffb000-7f07b3ffc000 r--p 0000b000 08:14 264997                     /usr/lib/libnss_files-2.21.so
7f07b3ffc000-7f07b3ffd000 rw-p 0000c000 08:14 264997                     /usr/lib/libnss_files-2.21.so
7f07b4000000-7f07b4312000 rw-p 00000000 00:00 0 
7f07b4312000-7f07b8000000 ---p 00000000 00:00 0 
7f07b8008000-7f07b8009000 r--p 00000000 08:14 264883                     /usr/share/locale/en_GB/LC_MESSAGES/libc.mo
7f07b800e000-7f07b8062000 rw-p 00000000 00:00 0 
7f07b8062000-7f07b80aa000 rw-p 00000000 00:00 0 
7f07b80aa000-7f07b80d4000 rw-p 00000000 00:00 0 
7f07b80d4000-7f07b8200000 rw-p 00000000 00:00 0 
7f07b8200000-7f07b822c000 r-xp 00000000 08:14 663904                     /usr/lib/jvm/java-7-openjdk/jre/lib/amd64/libjava.so
7f07b822c000-7f07b842b000 ---p 0002c000 08:14 663904                     /usr/lib/jvm/java-7-openjdk/jre/lib/amd64/libjava.so
7f07b842b000-7f07b842d000 rw-p 0002b000 08:14 663904                     /usr/lib/jvm/java-7-openjdk/jre/lib/amd64/libjava.so
7f07b8430000-7f07b843d000 r-xp 00000000 08:14 663903                     /usr/lib/jvm/java-7-openjdk/jre/lib/amd64/libverify.so
7f07b843d000-7f07b863c000 ---p 0000d000 08:14 663903                     /usr/lib/jvm/java-7-openjdk/jre/lib/amd64/libverify.so
7f07b863c000-7f07b863e000 rw-p 0000c000 08:14 663903                     /usr/lib/jvm/java-7-openjdk/jre/lib/amd64/libverify.so
7f07b8640000-7f07b8647000 r-xp 00000000 08:14 265046                     /usr/lib/librt-2.21.so
7f07b8647000-7f07b8846000 ---p 00007000 08:14 265046                     /usr/lib/librt-2.21.so
7f07b8846000-7f07b8847000 r--p 00006000 08:14 265046                     /usr/lib/librt-2.21.so
7f07b8847000-7f07b8848000 rw-p 00007000 08:14 265046                     /usr/lib/librt-2.21.so
7f07b8848000-7f07b885e000 r-xp 00000000 08:14 264920                     /usr/lib/libgcc_s.so.1
7f07b885e000-7f07b8a5d000 ---p 00016000 08:14 264920                     /usr/lib/libgcc_s.so.1
7f07b8a5d000-7f07b8a5e000 rw-p 00015000 08:14 264920                     /usr/lib/libgcc_s.so.1
7f07b8a60000-7f07b8b63000 r-xp 00000000 08:14 265079                     /usr/lib/libm-2.21.so
7f07b8b63000-7f07b8d63000 ---p 00103000 08:14 265079                     /usr/lib/libm-2.21.so
7f07b8d63000-7f07b8d64000 r--p 00103000 08:14 265079                     /usr/lib/libm-2.21.so
7f07b8d64000-7f07b8d65000 rw-p 00104000 08:14 265079                     /usr/lib/libm-2.21.so
7f07b8d68000-7f07b8e58000 r-xp 00000000 08:14 274048                     /usr/lib/libstdc++.so.6.0.20
7f07b8e58000-7f07b9058000 ---p 000f0000 08:14 274048                     /usr/lib/libstdc++.so.6.0.20
7f07b9058000-7f07b9060000 r--p 000f0000 08:14 274048                     /usr/lib/libstdc++.so.6.0.20
7f07b9060000-7f07b9062000 rw-p 000f8000 08:14 274048                     /usr/lib/libstdc++.so.6.0.20
7f07b9062000-7f07b9077000 rw-p 00000000 00:00 0 
7f07b9078000-7f07b9bc2000 r-xp 00000000 08:14 663937                     /usr/lib/jvm/java-7-openjdk/jre/lib/amd64/server/libjvm.so
7f07b9bc2000-7f07b9dc2000 ---p 00b4a000 08:14 663937                     /usr/lib/jvm/java-7-openjdk/jre/lib/amd64/server/libjvm.so
7f07b9dc2000-7f07b9e84000 rw-p 00b4a000 08:14 663937                     /usr/lib/jvm/java-7-openjdk/jre/lib/amd64/server/libjvm.so
7f07b9e84000-7f07b9eb0000 rw-p 00000000 00:00 0 
7f07b9eb0000-7f07b9ec5000 r-xp 00000000 08:14 267949                     /usr/lib/libz.so.1.2.8
7f07b9ec5000-7f07ba0c4000 ---p 00015000 08:14 267949                     /usr/lib/libz.so.1.2.8
7f07ba0c4000-7f07ba0c5000 r--p 00014000 08:14 267949                     /usr/lib/libz.so.1.2.8
7f07ba0c5000-7f07ba0c6000 rw-p 00015000 08:14 267949                     /usr/lib/libz.so.1.2.8
7f07ba0c8000-7f07ba261000 r-xp 00000000 08:14 265018                     /usr/lib/libc-2.21.so
7f07ba261000-7f07ba461000 ---p 00199000 08:14 265018                     /usr/lib/libc-2.21.so
7f07ba461000-7f07ba465000 r--p 00199000 08:14 265018                     /usr/lib/libc-2.21.so
7f07ba465000-7f07ba467000 rw-p 0019d000 08:14 265018                     /usr/lib/libc-2.21.so
7f07ba467000-7f07ba46b000 rw-p 00000000 00:00 0 
7f07ba470000-7f07ba472000 r-xp 00000000 08:14 265057                     /usr/lib/libdl-2.21.so
7f07ba472000-7f07ba672000 ---p 00002000 08:14 265057                     /usr/lib/libdl-2.21.so
7f07ba672000-7f07ba673000 r--p 00002000 08:14 265057                     /usr/lib/libdl-2.21.so
7f07ba673000-7f07ba674000 rw-p 00003000 08:14 265057                     /usr/lib/libdl-2.21.so
7f07ba678000-7f07ba685000 r-xp 00000000 08:14 663933                     /usr/lib/jvm/java-7-openjdk/jre/lib/amd64/jli/libjli.so
7f07ba685000-7f07ba884000 ---p 0000d000 08:14 663933                     /usr/lib/jvm/java-7-openjdk/jre/lib/amd64/jli/libjli.so
7f07ba884000-7f07ba885000 rw-p 0000c000 08:14 663933                     /usr/lib/jvm/java-7-openjdk/jre/lib/amd64/jli/libjli.so
7f07ba888000-7f07ba8a0000 r-xp 00000000 08:14 265045                     /usr/lib/libpthread-2.21.so
7f07ba8a0000-7f07baa9f000 ---p 00018000 08:14 265045                     /usr/lib/libpthread-2.21.so
7f07baa9f000-7f07baaa0000 r--p 00017000 08:14 265045                     /usr/lib/libpthread-2.21.so
7f07baaa0000-7f07baaa1000 rw-p 00018000 08:14 265045                     /usr/lib/libpthread-2.21.so
7f07baaa1000-7f07baaa5000 rw-p 00000000 00:00 0 
7f07baaa8000-7f07baaca000 r-xp 00000000 08:14 265075                     /usr/lib/ld-2.21.so
7f07baacc000-7f07baada000 r--s 000b4000 08:14 933170                     /opt/android-sdk/build-tools/20.0.0/lib/dx.jar
7f07baae0000-7f07bab03000 rw-p 00000000 00:00 0 
7f07bab03000-7f07babb8000 rw-p 00000000 00:00 0 
7f07babb8000-7f07babc0000 rw-s 00000000 00:20 810288                     /tmp/hsperfdata_robin/3992
7f07babc1000-7f07babc3000 rw-p 00000000 00:00 0 
7f07babc3000-7f07babc4000 ---p 00000000 00:00 0 
7f07babc4000-7f07babc7000 ---p 00000000 00:00 0 
7f07babc7000-7f07bacc9000 rw-p 00000000 00:00 0                          [stack:4046]
7f07bacc9000-7f07bacca000 r--p 00021000 08:14 265075                     /usr/lib/ld-2.21.so
7f07bacca000-7f07baccb000 rw-p 00022000 08:14 265075                     /usr/lib/ld-2.21.so
7f07baccb000-7f07baccd000 rw-p 00000000 00:00 0 
7ffc82b4e000-7ffc82b6f000 rw-p 00000000 00:00 0                          [stack]
7ffc82bc0000-7ffc82bc2000 r--p 00000000 00:00 0                          [vvar]
7ffc82bc2000-7ffc82bc4000 r-xp 00000000 00:00 0                          [vdso]
ffffffffff600000-ffffffffff601000 r-xp 00000000 00:00 0                  [vsyscall]

VM Arguments:
jvm_args: -Xmx1024M 
java_command: /opt/android-sdk/build-tools/20.0.0/lib/dx.jar --dex --output /home/robin/AndroidStudioProjects/be.robinj.ubuntu/UbuntuLauncher/app/build/intermediates/pre-dexed/debug/libGoogleAnalyticsServices-7eb596eb2f9bbba73330b5f1f817fa02bdd8b743.jar /home/robin/AndroidStudioProjects/be.robinj.ubuntu/UbuntuLauncher/app/libs/libGoogleAnalyticsServices.jar
Launcher Type: SUN_STANDARD

Environment Variables:
CLASSPATH=/opt/android-studio/bin/../lib/bootstrap.jar:/opt/android-studio/bin/../lib/extensions.jar:/opt/android-studio/bin/../lib/util.jar:/opt/android-studio/bin/../lib/jdom.jar:/opt/android-studio/bin/../lib/log4j.jar:/opt/android-studio/bin/../lib/trove4j.jar:/opt/android-studio/bin/../lib/jna.jar:/usr/lib/jvm/java-7-openjdk/lib/tools.jar
PATH=/usr/local/sbin:/usr/local/bin:/usr/bin:/opt/android-sdk/tools:/usr/lib/jvm/default/bin:/usr/bin/site_perl:/usr/bin/vendor_perl:/usr/bin/core_perl
LD_LIBRARY_PATH=/opt/android-studio/bin:
SHELL=/bin/bash
DISPLAY=:0

Signal Handlers:
SIGSEGV: [libjvm.so+0x97eaa0], sa_mask[0]=0x7ffbfeff, sa_flags=0x10000004
SIGBUS: [libjvm.so+0x97eaa0], sa_mask[0]=0x7ffbfeff, sa_flags=0x10000004
SIGFPE: [libjvm.so+0x7ece30], sa_mask[0]=0x7ffbfeff, sa_flags=0x10000004
SIGPIPE: [libjvm.so+0x7ece30], sa_mask[0]=0x7ffbfeff, sa_flags=0x10000004
SIGXFSZ: [libjvm.so+0x7ece30], sa_mask[0]=0x7ffbfeff, sa_flags=0x10000004
SIGILL: [libjvm.so+0x7ece30], sa_mask[0]=0x7ffbfeff, sa_flags=0x10000004
SIGUSR1: SIG_DFL, sa_mask[0]=0x00000000, sa_flags=0x00000000
SIGUSR2: [libjvm.so+0x7eccb0], sa_mask[0]=0x00000004, sa_flags=0x10000004
SIGHUP: [libjvm.so+0x7eceb0], sa_mask[0]=0x7ffbfeff, sa_flags=0x10000004
SIGINT: [libjvm.so+0x7eceb0], sa_mask[0]=0x7ffbfeff, sa_flags=0x10000004
SIGTERM: [libjvm.so+0x7eceb0], sa_mask[0]=0x7ffbfeff, sa_flags=0x10000004
SIGQUIT: [libjvm.so+0x7eceb0], sa_mask[0]=0x7ffbfeff, sa_flags=0x10000004
SIGTRAP: SIG_DFL, sa_mask[0]=0x00000000, sa_flags=0x00000000


---------------  S Y S T E M  ---------------

OS:Linux
uname:Linux 3.19.2-1-ARCH #1 SMP PREEMPT Wed Mar 18 16:21:02 CET 2015 x86_64
libc:glibc 2.21 NPTL 2.21 
rlimit: STACK 8192k, CORE 0k, NPROC 31610, NOFILE 4096, AS infinity
load average:4.49 2.46 1.98

/proc/meminfo:
MemTotal:        8163844 kB
MemFree:          143344 kB
MemAvailable:     138476 kB
Buffers:            4508 kB
Cached:           138688 kB
SwapCached:            0 kB
Active:          4238252 kB
Inactive:          92744 kB
Active(anon):    4198188 kB
Inactive(anon):    57932 kB
Active(file):      40064 kB
Inactive(file):    34812 kB
Unevictable:         100 kB
Mlocked:             100 kB
SwapTotal:             0 kB
SwapFree:              0 kB
Dirty:               964 kB
Writeback:             0 kB
AnonPages:       4188940 kB
Mapped:          3509704 kB
Shmem:             67356 kB
Slab:             154488 kB
SReclaimable:      84328 kB
SUnreclaim:        70160 kB
KernelStack:       11568 kB
PageTables:        56020 kB
NFS_Unstable:          0 kB
Bounce:                0 kB
WritebackTmp:          0 kB
CommitLimit:     4081920 kB
Committed_AS:   13559844 kB
VmallocTotal:   34359738367 kB
VmallocUsed:      361440 kB
VmallocChunk:   34359374244 kB
HardwareCorrupted:     0 kB
AnonHugePages:   1226752 kB
HugePages_Total:       0
HugePages_Free:        0
HugePages_Rsvd:        0
HugePages_Surp:        0
Hugepagesize:       2048 kB
DirectMap4k:     2233856 kB
DirectMap2M:     6137856 kB
DirectMap1G:     1048576 kB


CPU:total 6 (6 cores per cpu, 1 threads per core) family 21 model 1 stepping 2, cmov, cx8, fxsr, mmx, sse, sse2, sse3, ssse3, sse4.1, sse4.2, popcnt, avx, aes, mmxext, 3dnowpref, lzcnt, sse4a, tsc, tscinvbit, tscinv

/proc/cpuinfo:
processor	: 0
vendor_id	: AuthenticAMD
cpu family	: 21
model		: 1
model name	: AMD FX(tm)-6100 Six-Core Processor
stepping	: 2
microcode	: 0x600063d
cpu MHz		: 3000.000
cache size	: 2048 KB
physical id	: 0
siblings	: 6
core id		: 0
cpu cores	: 3
apicid		: 16
initial apicid	: 0
fpu		: yes
fpu_exception	: yes
cpuid level	: 13
wp		: yes
flags		: fpu vme de pse tsc msr pae mce cx8 apic sep mtrr pge mca cmov pat pse36 clflush mmx fxsr sse sse2 ht syscall nx mmxext fxsr_opt pdpe1gb rdtscp lm constant_tsc rep_good nopl nonstop_tsc extd_apicid aperfmperf pni pclmulqdq monitor ssse3 cx16 sse4_1 sse4_2 popcnt aes xsave avx lahf_lm cmp_legacy svm extapic cr8_legacy abm sse4a misalignsse 3dnowprefetch osvw ibs xop skinit wdt lwp fma4 nodeid_msr topoext perfctr_core perfctr_nb arat cpb hw_pstate npt lbrv svm_lock nrip_save tsc_scale vmcb_clean flushbyasid decodeassists pausefilter pfthreshold vmmcall
bugs		: fxsave_leak
bogomips	: 6632.72
TLB size	: 1536 4K pages
clflush size	: 64
cache_alignment	: 64
address sizes	: 48 bits physical, 48 bits virtual
power management: ts ttp tm 100mhzsteps hwpstate cpb

processor	: 1
vendor_id	: AuthenticAMD
cpu family	: 21
model		: 1
model name	: AMD FX(tm)-6100 Six-Core Processor             
stepping	: 2
microcode	: 0x600063d
cpu MHz		: 3000.000
cache size	: 2048 KB
physical id	: 0
siblings	: 6
core id		: 1
cpu cores	: 3
apicid		: 17
initial apicid	: 1
fpu		: yes
fpu_exception	: yes
cpuid level	: 13
wp		: yes
flags		: fpu vme de pse tsc msr pae mce cx8 apic sep mtrr pge mca cmov pat pse36 clflush mmx fxsr sse sse2 ht syscall nx mmxext fxsr_opt pdpe1gb rdtscp lm constant_tsc rep_good nopl nonstop_tsc extd_apicid aperfmperf pni pclmulqdq monitor ssse3 cx16 sse4_1 sse4_2 popcnt aes xsave avx lahf_lm cmp_legacy svm extapic cr8_legacy abm sse4a misalignsse 3dnowprefetch osvw ibs xop skinit wdt lwp fma4 nodeid_msr topoext perfctr_core perfctr_nb arat cpb hw_pstate npt lbrv svm_lock nrip_save tsc_scale vmcb_clean flushbyasid decodeassists pausefilter pfthreshold vmmcall
bugs		: fxsave_leak
bogomips	: 6632.72
TLB size	: 1536 4K pages
clflush size	: 64
cache_alignment	: 64
address sizes	: 48 bits physical, 48 bits virtual
power management: ts ttp tm 100mhzsteps hwpstate cpb

processor	: 2
vendor_id	: AuthenticAMD
cpu family	: 21
model		: 1
model name	: AMD FX(tm)-6100 Six-Core Processor             
stepping	: 2
microcode	: 0x600063d
cpu MHz		: 3000.000
cache size	: 2048 KB
physical id	: 0
siblings	: 6
core id		: 2
cpu cores	: 3
apicid		: 18
initial apicid	: 2
fpu		: yes
fpu_exception	: yes
cpuid level	: 13
wp		: yes
flags		: fpu vme de pse tsc msr pae mce cx8 apic sep mtrr pge mca cmov pat pse36 clflush mmx fxsr sse sse2 ht syscall nx mmxext fxsr_opt pdpe1gb rdtscp lm constant_tsc rep_good nopl nonstop_tsc extd_apicid aperfmperf pni pclmulqdq monitor ssse3 cx16 sse4_1 sse4_2 popcnt aes xsave avx lahf_lm cmp_legacy svm extapic cr8_legacy abm sse4a misalignsse 3dnowprefetch osvw ibs xop skinit wdt lwp fma4 nodeid_msr topoext perfctr_core perfctr_nb arat cpb hw_pstate npt lbrv svm_lock nrip_save tsc_scale vmcb_clean flushbyasid decodeassists pausefilter pfthreshold vmmcall
bugs		: fxsave_leak
bogomips	: 6632.72
TLB size	: 1536 4K pages
clflush size	: 64
cache_alignment	: 64
address sizes	: 48 bits physical, 48 bits virtual
power management: ts ttp tm 100mhzsteps hwpstate cpb

processor	: 3
vendor_id	: AuthenticAMD
cpu family	: 21
model		: 1
model name	: AMD FX(tm)-6100 Six-Core Processor             
stepping	: 2
microcode	: 0x600063d
cpu MHz		: 3000.000
cache size	: 2048 KB
physical id	: 0
siblings	: 6
core id		: 3
cpu cores	: 3
apicid		: 19
initial apicid	: 3
fpu		: yes
fpu_exception	: yes
cpuid level	: 13
wp		: yes
flags		: fpu vme de pse tsc msr pae mce cx8 apic sep mtrr pge mca cmov pat pse36 clflush mmx fxsr sse sse2 ht syscall nx mmxext fxsr_opt pdpe1gb rdtscp lm constant_tsc rep_good nopl nonstop_tsc extd_apicid aperfmperf pni pclmulqdq monitor ssse3 cx16 sse4_1 sse4_2 popcnt aes xsave avx lahf_lm cmp_legacy svm extapic cr8_legacy abm sse4a misalignsse 3dnowprefetch osvw ibs xop skinit wdt lwp fma4 nodeid_msr topoext perfctr_core perfctr_nb arat cpb hw_pstate npt lbrv svm_lock nrip_save tsc_scale vmcb_clean flushbyasid decodeassists pausefilter pfthreshold vmmcall
bugs		: fxsave_leak
bogomips	: 6632.72
TLB size	: 1536 4K pages
clflush size	: 64
cache_alignment	: 64
address sizes	: 48 bits physical, 48 bits virtual
power management: ts ttp tm 100mhzsteps hwpstate cpb

processor	: 4
vendor_id	: AuthenticAMD
cpu family	: 21
model		: 1
model name	: AMD FX(tm)-6100 Six-Core Processor             
stepping	: 2
microcode	: 0x600063d
cpu MHz		: 3300.000
cache size	: 2048 KB
physical id	: 0
siblings	: 6
core id		: 4
cpu cores	: 3
apicid		: 20
initial apicid	: 4
fpu		: yes
fpu_exception	: yes
cpuid level	: 13
wp		: yes
flags		: fpu vme de pse tsc msr pae mce cx8 apic sep mtrr pge mca cmov pat pse36 clflush mmx fxsr sse sse2 ht syscall nx mmxext fxsr_opt pdpe1gb rdtscp lm constant_tsc rep_good nopl nonstop_tsc extd_apicid aperfmperf pni pclmulqdq monitor ssse3 cx16 sse4_1 sse4_2 popcnt aes xsave avx lahf_lm cmp_legacy svm extapic cr8_legacy abm sse4a misalignsse 3dnowprefetch osvw ibs xop skinit wdt lwp fma4 nodeid_msr topoext perfctr_core perfctr_nb arat cpb hw_pstate npt lbrv svm_lock nrip_save tsc_scale vmcb_clean flushbyasid decodeassists pausefilter pfthreshold vmmcall
bugs		: fxsave_leak
bogomips	: 6632.72
TLB size	: 1536 4K pages
clflush size	: 64
cache_alignment	: 64
address sizes	: 48 bits physical, 48 bits virtual
power management: ts ttp tm 100mhzsteps hwpstate cpb

processor	: 5
vendor_id	: AuthenticAMD
cpu family	: 21
model		: 1
model name	: AMD FX(tm)-6100 Six-Core Processor             
stepping	: 2
microcode	: 0x600063d
cpu MHz		: 3300.000
cache size	: 2048 KB
physical id	: 0
siblings	: 6
core id		: 5
cpu cores	: 3
apicid		: 21
initial apicid	: 5
fpu		: yes
fpu_exception	: yes
cpuid level	: 13
wp		: yes
flags		: fpu vme de pse tsc msr pae mce cx8 apic sep mtrr pge mca cmov pat pse36 clflush mmx fxsr sse sse2 ht syscall nx mmxext fxsr_opt pdpe1gb rdtscp lm constant_tsc rep_good nopl nonstop_tsc extd_apicid aperfmperf pni pclmulqdq monitor ssse3 cx16 sse4_1 sse4_2 popcnt aes xsave avx lahf_lm cmp_legacy svm extapic cr8_legacy abm sse4a misalignsse 3dnowprefetch osvw ibs xop skinit wdt lwp fma4 nodeid_msr topoext perfctr_core perfctr_nb arat cpb hw_pstate npt lbrv svm_lock nrip_save tsc_scale vmcb_clean flushbyasid decodeassists pausefilter pfthreshold vmmcall
bugs		: fxsave_leak
bogomips	: 6632.72
TLB size	: 1536 4K pages
clflush size	: 64
cache_alignment	: 64
address sizes	: 48 bits physical, 48 bits virtual
power management: ts ttp tm 100mhzsteps hwpstate cpb



Memory: 4k page, physical 8163844k(143044k free), swap 0k(0k free)

vm_info: OpenJDK 64-Bit Server VM (24.75-b04) for linux-amd64 JRE (1.7.0_75-b13), built on Jan 23 2015 11:04:40 by "builduser" with gcc 4.9.2 20141224 (prerelease)

time: Sun Mar 29 13:34:31 2015
elapsed time: 10 seconds

