#
# There is insufficient memory for the Java Runtime Environment to continue.
# Native memory allocation (malloc) failed to allocate 146800640 bytes for committing reserved memory.
# Possible reasons:
#   The system is out of physical RAM or swap space
#   In 32 bit mode, the process size limit was hit
# Possible solutions:
#   Reduce memory load on the system
#   Increase physical memory or swap space
#   Check if swap backing store is full
#   Use 64 bit Java on a 64 bit OS
#   Decrease Java heap size (-Xmx/-Xms)
#   Decrease number of Java threads
#   Decrease Java thread stack sizes (-Xss)
#   Set larger code cache with -XX:ReservedCodeCacheSize=
# This output file may be truncated or incomplete.
#
#  Out of Memory Error (os_linux.cpp:2798), pid=5068, tid=140570397742848
#
# JRE version: OpenJDK Runtime Environment (7.0_75-b13) (build 1.7.0_75-b13)
# Java VM: OpenJDK 64-Bit Server VM (24.75-b04 mixed mode linux-amd64 compressed oops)
# Derivative: IcedTea 2.5.4
# Distribution: Custom build (Fri Jan 23 11:00:44 UTC 2015)
# Failed to write core dump. Core dumps have been disabled. To enable core dumping, try "ulimit -c unlimited" before starting Java again
#

---------------  T H R E A D  ---------------

Current thread (0x00007fd91c17f800):  VMThread [stack: 0x00007fd9188f9000,0x00007fd9189fa000] [id=5155]

Stack: [0x00007fd9188f9000,0x00007fd9189fa000],  sp=0x00007fd9189f84e0,  free space=1021k
Native frames: (J=compiled Java code, j=interpreted, Vv=VM code, C=native code)
V  [libjvm.so+0x97dfb6]
V  [libjvm.so+0x48e252]
V  [libjvm.so+0x7f188b]
V  [libjvm.so+0x7ebffe]
V  [libjvm.so+0x85e83b]
V  [libjvm.so+0x85f6e3]
V  [libjvm.so+0x85fdfb]
V  [libjvm.so+0x85b809]
V  [libjvm.so+0x85bfe8]
V  [libjvm.so+0x813d53]
V  [libjvm.so+0x97f882]
V  [libjvm.so+0x984107]
V  [libjvm.so+0x9826fb]
V  [libjvm.so+0x982da6]
V  [libjvm.so+0x983271]
V  [libjvm.so+0x7ee7d2]

VM_Operation (0x00007fd924d3ee10): ParallelGCFailedAllocation, mode: safepoint, requested by thread 0x00007fd91c008800


---------------  P R O C E S S  ---------------

Java Threads: ( => current thread )
  0x00007fd91c1b8800 JavaThread "Service Thread" daemon [_thread_blocked, id=5198, stack(0x00007fd918164000,0x00007fd918265000)]
  0x00007fd91c1b6000 JavaThread "C2 CompilerThread1" daemon [_thread_blocked, id=5186, stack(0x00007fd918265000,0x00007fd918366000)]
  0x00007fd91c1b3000 JavaThread "C2 CompilerThread0" daemon [_thread_blocked, id=5184, stack(0x00007fd918366000,0x00007fd918467000)]
  0x00007fd91c1b1000 JavaThread "Signal Dispatcher" daemon [_thread_blocked, id=5173, stack(0x00007fd918467000,0x00007fd918568000)]
  0x00007fd91c186000 JavaThread "Finalizer" daemon [_thread_blocked, id=5164, stack(0x00007fd9186f7000,0x00007fd9187f8000)]
  0x00007fd91c184000 JavaThread "Reference Handler" daemon [_thread_blocked, id=5158, stack(0x00007fd9187f8000,0x00007fd9188f9000)]
  0x00007fd91c008800 JavaThread "main" [_thread_blocked, id=5117, stack(0x00007fd924c40000,0x00007fd924d41000)]

Other Threads:
=>0x00007fd91c17f800 VMThread [stack: 0x00007fd9188f9000,0x00007fd9189fa000] [id=5155]
  0x00007fd91c1bb000 WatcherThread [stack: 0x00007fd918063000,0x00007fd918164000] [id=5199]

VM state:at safepoint (normal execution)

VM Mutex/Monitor currently owned by a thread:  ([mutex/lock_event])
[0x00007fd91c006510] Threads_lock - owner thread: 0x00007fd91c17f800
[0x00007fd91c006a10] Heap_lock - owner thread: 0x00007fd91c008800

Heap
 PSYoungGen      total 145408K, used 17914K [0x00000000eaa80000, 0x00000000f4b80000, 0x0000000100000000)
  eden space 127488K, 0% used [0x00000000eaa80000,0x00000000eaa80000,0x00000000f2700000)
  from space 17920K, 99% used [0x00000000f2700000,0x00000000f387e998,0x00000000f3880000)
  to   space 16384K, 0% used [0x00000000f3880000,0x00000000f3880000,0x00000000f4880000)
 ParOldGen       total 84992K, used 40696K [0x00000000c0000000, 0x00000000c5300000, 0x00000000eaa80000)
  object space 84992K, 47% used [0x00000000c0000000,0x00000000c27be2f0,0x00000000c5300000)
 PSPermGen       total 21504K, used 5733K [0x00000000b5a00000, 0x00000000b6f00000, 0x00000000c0000000)
  object space 21504K, 26% used [0x00000000b5a00000,0x00000000b5f99748,0x00000000b6f00000)

Card table byte_map: [0x00007fd921c0c000,0x00007fd921e60000] byte_map_base: 0x00007fd92165f000

Polling page: 0x00007fd924d45000

Code Cache  [0x00007fd919000000, 0x00007fd9192a0000, 0x00007fd91c000000)
 total_blobs=864 nmethods=638 adapters=180 free_code_cache=46560Kb largest_free_block=47620672

Compilation events (10 events):
Event: 10.202 Thread 0x00007fd91c1b3000 nmethod 649 0x00007fd9191b27d0 code [0x00007fd9191b2920, 0x00007fd9191b2a38]
Event: 10.202 Thread 0x00007fd91c1b3000  650             com.android.dx.rop.code.AccessFlags::isStatic (13 bytes)
Event: 10.210 Thread 0x00007fd91c1b3000 nmethod 650 0x00007fd9191b25d0 code [0x00007fd9191b2700, 0x00007fd9191b2758]
Event: 10.216 Thread 0x00007fd91c1b3000  651             com.android.dx.cf.code.BaseMachine::popArgs (72 bytes)
Event: 10.261 Thread 0x00007fd91c1b3000 nmethod 651 0x00007fd9191b1750 code [0x00007fd9191b18a0, 0x00007fd9191b1998]
Event: 10.263 Thread 0x00007fd91c1b6000 nmethod 647 0x00007fd91928ced0 code [0x00007fd91928e020, 0x00007fd919290f10]
Event: 10.265 Thread 0x00007fd91c1b6000  653             com.android.dx.cf.code.Frame::initializeWithParameters (49 bytes)
Event: 10.265 Thread 0x00007fd91c1b3000  652             com.android.dx.cf.code.Ropper::addSetupBlocks (535 bytes)
Event: 10.321 Thread 0x00007fd91c1b6000 nmethod 653 0x00007fd9191372d0 code [0x00007fd919137480, 0x00007fd919137ad8]
Event: 10.326 Thread 0x00007fd91c1b6000  654             com.android.dx.cf.code.ExecutionStack::clear (40 bytes)

GC Heap History (10 events):
Event: 6.580 GC heap after
Heap after GC invocations=2 (full 0):
 PSYoungGen      total 37376K, used 5090K [0x00000000eaa80000, 0x00000000ef380000, 0x0000000100000000)
  eden space 32256K, 0% used [0x00000000eaa80000,0x00000000eaa80000,0x00000000eca00000)
  from space 5120K, 99% used [0x00000000ecf00000,0x00000000ed3f89d0,0x00000000ed400000)
  to   space 5120K, 0% used [0x00000000eca00000,0x00000000eca00000,0x00000000ecf00000)
 ParOldGen       total 84992K, used 6474K [0x00000000c0000000, 0x00000000c5300000, 0x00000000eaa80000)
  object space 84992K, 7% used [0x00000000c0000000,0x00000000c0652bc8,0x00000000c5300000)
 PSPermGen       total 21504K, used 5572K [0x00000000b5a00000, 0x00000000b6f00000, 0x00000000c0000000)
  object space 21504K, 25% used [0x00000000b5a00000,0x00000000b5f71260,0x00000000b6f00000)
}
Event: 7.276 GC heap before
{Heap before GC invocations=3 (full 0):
 PSYoungGen      total 37376K, used 37346K [0x00000000eaa80000, 0x00000000ef380000, 0x0000000100000000)
  eden space 32256K, 100% used [0x00000000eaa80000,0x00000000eca00000,0x00000000eca00000)
  from space 5120K, 99% used [0x00000000ecf00000,0x00000000ed3f89d0,0x00000000ed400000)
  to   space 5120K, 0% used [0x00000000eca00000,0x00000000eca00000,0x00000000ecf00000)
 ParOldGen       total 84992K, used 6474K [0x00000000c0000000, 0x00000000c5300000, 0x00000000eaa80000)
  object space 84992K, 7% used [0x00000000c0000000,0x00000000c0652bc8,0x00000000c5300000)
 PSPermGen       total 21504K, used 5605K [0x00000000b5a00000, 0x00000000b6f00000, 0x00000000c0000000)
  object space 21504K, 26% used [0x00000000b5a00000,0x00000000b5f79450,0x00000000b6f00000)
Event: 7.338 GC heap after
Heap after GC invocations=3 (full 0):
 PSYoungGen      total 37376K, used 5116K [0x00000000eaa80000, 0x00000000ef380000, 0x0000000100000000)
  eden space 32256K, 0% used [0x00000000eaa80000,0x00000000eaa80000,0x00000000eca00000)
  from space 5120K, 99% used [0x00000000eca00000,0x00000000eceff338,0x00000000ecf00000)
  to   space 5120K, 0% used [0x00000000eee80000,0x00000000eee80000,0x00000000ef380000)
 ParOldGen       total 84992K, used 11494K [0x00000000c0000000, 0x00000000c5300000, 0x00000000eaa80000)
  object space 84992K, 13% used [0x00000000c0000000,0x00000000c0b39808,0x00000000c5300000)
 PSPermGen       total 21504K, used 5605K [0x00000000b5a00000, 0x00000000b6f00000, 0x00000000c0000000)
  object space 21504K, 26% used [0x00000000b5a00000,0x00000000b5f79450,0x00000000b6f00000)
}
Event: 7.820 GC heap before
{Heap before GC invocations=4 (full 0):
 PSYoungGen      total 37376K, used 37372K [0x00000000eaa80000, 0x00000000ef380000, 0x0000000100000000)
  eden space 32256K, 100% used [0x00000000eaa80000,0x00000000eca00000,0x00000000eca00000)
  from space 5120K, 99% used [0x00000000eca00000,0x00000000eceff338,0x00000000ecf00000)
  to   space 5120K, 0% used [0x00000000eee80000,0x00000000eee80000,0x00000000ef380000)
 ParOldGen       total 84992K, used 11494K [0x00000000c0000000, 0x00000000c5300000, 0x00000000eaa80000)
  object space 84992K, 13% used [0x00000000c0000000,0x00000000c0b39808,0x00000000c5300000)
 PSPermGen       total 21504K, used 5633K [0x00000000b5a00000, 0x00000000b6f00000, 0x00000000c0000000)
  object space 21504K, 26% used [0x00000000b5a00000,0x00000000b5f80688,0x00000000b6f00000)
Event: 7.852 GC heap after
Heap after GC invocations=4 (full 0):
 PSYoungGen      total 69632K, used 5093K [0x00000000eaa80000, 0x00000000ef380000, 0x0000000100000000)
  eden space 64512K, 0% used [0x00000000eaa80000,0x00000000eaa80000,0x00000000ee980000)
  from space 5120K, 99% used [0x00000000eee80000,0x00000000ef379550,0x00000000ef380000)
  to   space 5120K, 0% used [0x00000000ee980000,0x00000000ee980000,0x00000000eee80000)
 ParOldGen       total 84992K, used 16882K [0x00000000c0000000, 0x00000000c5300000, 0x00000000eaa80000)
  object space 84992K, 19% used [0x00000000c0000000,0x00000000c107c9d0,0x00000000c5300000)
 PSPermGen       total 21504K, used 5633K [0x00000000b5a00000, 0x00000000b6f00000, 0x00000000c0000000)
  object space 21504K, 26% used [0x00000000b5a00000,0x00000000b5f80688,0x00000000b6f00000)
}
Event: 8.525 GC heap before
{Heap before GC invocations=5 (full 0):
 PSYoungGen      total 69632K, used 69605K [0x00000000eaa80000, 0x00000000ef380000, 0x0000000100000000)
  eden space 64512K, 100% used [0x00000000eaa80000,0x00000000ee980000,0x00000000ee980000)
  from space 5120K, 99% used [0x00000000eee80000,0x00000000ef379550,0x00000000ef380000)
  to   space 5120K, 0% used [0x00000000ee980000,0x00000000ee980000,0x00000000eee80000)
 ParOldGen       total 84992K, used 16882K [0x00000000c0000000, 0x00000000c5300000, 0x00000000eaa80000)
  object space 84992K, 19% used [0x00000000c0000000,0x00000000c107c9d0,0x00000000c5300000)
 PSPermGen       total 21504K, used 5668K [0x00000000b5a00000, 0x00000000b6f00000, 0x00000000c0000000)
  object space 21504K, 26% used [0x00000000b5a00000,0x00000000b5f89228,0x00000000b6f00000)
Event: 8.577 GC heap after
Heap after GC invocations=5 (full 0):
 PSYoungGen      total 69632K, used 5094K [0x00000000eaa80000, 0x00000000f4880000, 0x0000000100000000)
  eden space 64512K, 0% used [0x00000000eaa80000,0x00000000eaa80000,0x00000000ee980000)
  from space 5120K, 99% used [0x00000000ee980000,0x00000000eee79bf8,0x00000000eee80000)
  to   space 16384K, 0% used [0x00000000f3880000,0x00000000f3880000,0x00000000f4880000)
 ParOldGen       total 84992K, used 27519K [0x00000000c0000000, 0x00000000c5300000, 0x00000000eaa80000)
  object space 84992K, 32% used [0x00000000c0000000,0x00000000c1adffc8,0x00000000c5300000)
 PSPermGen       total 21504K, used 5668K [0x00000000b5a00000, 0x00000000b6f00000, 0x00000000c0000000)
  object space 21504K, 26% used [0x00000000b5a00000,0x00000000b5f89228,0x00000000b6f00000)
}
Event: 9.213 GC heap before
{Heap before GC invocations=6 (full 0):
 PSYoungGen      total 69632K, used 69606K [0x00000000eaa80000, 0x00000000f4880000, 0x0000000100000000)
  eden space 64512K, 100% used [0x00000000eaa80000,0x00000000ee980000,0x00000000ee980000)
  from space 5120K, 99% used [0x00000000ee980000,0x00000000eee79bf8,0x00000000eee80000)
  to   space 16384K, 0% used [0x00000000f3880000,0x00000000f3880000,0x00000000f4880000)
 ParOldGen       total 84992K, used 27519K [0x00000000c0000000, 0x00000000c5300000, 0x00000000eaa80000)
  object space 84992K, 32% used [0x00000000c0000000,0x00000000c1adffc8,0x00000000c5300000)
 PSPermGen       total 21504K, used 5681K [0x00000000b5a00000, 0x00000000b6f00000, 0x00000000c0000000)
  object space 21504K, 26% used [0x00000000b5a00000,0x00000000b5f8c7b0,0x00000000b6f00000)
Event: 9.336 GC heap after
Heap after GC invocations=6 (full 0):
 PSYoungGen      total 143872K, used 14626K [0x00000000eaa80000, 0x00000000f4b80000, 0x0000000100000000)
  eden space 127488K, 0% used [0x00000000eaa80000,0x00000000eaa80000,0x00000000f2700000)
  from space 16384K, 89% used [0x00000000f3880000,0x00000000f46c8bb0,0x00000000f4880000)
  to   space 17920K, 0% used [0x00000000f2700000,0x00000000f2700000,0x00000000f3880000)
 ParOldGen       total 84992K, used 27519K [0x00000000c0000000, 0x00000000c5300000, 0x00000000eaa80000)
  object space 84992K, 32% used [0x00000000c0000000,0x00000000c1adffc8,0x00000000c5300000)
 PSPermGen       total 21504K, used 5681K [0x00000000b5a00000, 0x00000000b6f00000, 0x00000000c0000000)
  object space 21504K, 26% used [0x00000000b5a00000,0x00000000b5f8c7b0,0x00000000b6f00000)
}
Event: 11.451 GC heap before
{Heap before GC invocations=7 (full 0):
 PSYoungGen      total 143872K, used 142114K [0x00000000eaa80000, 0x00000000f4b80000, 0x0000000100000000)
  eden space 127488K, 100% used [0x00000000eaa80000,0x00000000f2700000,0x00000000f2700000)
  from space 16384K, 89% used [0x00000000f3880000,0x00000000f46c8bb0,0x00000000f4880000)
  to   space 17920K, 0% used [0x00000000f2700000,0x00000000f2700000,0x00000000f3880000)
 ParOldGen       total 84992K, used 27519K [0x00000000c0000000, 0x00000000c5300000, 0x00000000eaa80000)
  object space 84992K, 32% used [0x00000000c0000000,0x00000000c1adffc8,0x00000000c5300000)
 PSPermGen       total 21504K, used 5733K [0x00000000b5a00000, 0x00000000b6f00000, 0x00000000c0000000)
  object space 21504K, 26% used [0x00000000b5a00000,0x00000000b5f99748,0x00000000b6f00000)

Deoptimization events (10 events):
Event: 8.396 Thread 0x00007fd91c008800 Uncommon trap: reason=class_check action=maybe_recompile pc=0x00007fd91916009c method=com.android.dx.ssa.PhiTypeResolver.run()V @ 151
Event: 8.410 Thread 0x00007fd91c008800 Uncommon trap: reason=bimorphic action=maybe_recompile pc=0x00007fd9191e8520 method=com.android.dx.cf.code.BytecodeArray.parseInstruction(ILcom/android/dx/cf/code/BytecodeArray$Visitor;)I @ 971
Event: 8.410 Thread 0x00007fd91c008800 Uncommon trap: reason=bimorphic action=maybe_recompile pc=0x00007fd9191e8520 method=com.android.dx.cf.code.BytecodeArray.parseInstruction(ILcom/android/dx/cf/code/BytecodeArray$Visitor;)I @ 971
Event: 8.418 Thread 0x00007fd91c008800 Uncommon trap: reason=class_check action=maybe_recompile pc=0x00007fd919213ec0 method=com.android.dx.cf.code.Ropper.processBlock(Lcom/android/dx/cf/code/ByteBlock;Lcom/android/dx/cf/code/Frame;[I)V @ 777
Event: 8.419 Thread 0x00007fd91c008800 Uncommon trap: reason=class_check action=maybe_recompile pc=0x00007fd919213ec0 method=com.android.dx.cf.code.Ropper.processBlock(Lcom/android/dx/cf/code/ByteBlock;Lcom/android/dx/cf/code/Frame;[I)V @ 777
Event: 8.474 Thread 0x00007fd91c008800 Uncommon trap: reason=unreached action=reinterpret pc=0x00007fd9191bb318 method=com.android.dx.cf.cst.ConstantPoolParser.parse()V @ 124
Event: 9.830 Thread 0x00007fd91c008800 Uncommon trap: reason=class_check action=maybe_recompile pc=0x00007fd91920b204 method=com.android.dx.rop.cst.CstLiteral32.equals(Ljava/lang/Object;)Z @ 20
Event: 9.830 Thread 0x00007fd91c008800 Uncommon trap: reason=class_check action=maybe_recompile pc=0x00007fd91920b204 method=com.android.dx.rop.cst.CstLiteral32.equals(Ljava/lang/Object;)Z @ 20
Event: 9.832 Thread 0x00007fd91c008800 Uncommon trap: reason=class_check action=maybe_recompile pc=0x00007fd91920b204 method=com.android.dx.rop.cst.CstLiteral32.equals(Ljava/lang/Object;)Z @ 20
Event: 9.832 Thread 0x00007fd91c008800 Uncommon trap: reason=class_check action=maybe_recompile pc=0x00007fd91920b204 method=com.android.dx.rop.cst.CstLiteral32.equals(Ljava/lang/Object;)Z @ 20

Internal exceptions (10 events):
Event: 6.275 Thread 0x00007fd91c008800 Threw 0x00000000ec418768 at /build/java7-openjdk/src/icedtea-2.5.4/openjdk/hotspot/src/share/vm/prims/jvm.cpp:1284
Event: 6.276 Thread 0x00007fd91c008800 Threw 0x00000000ec421130 at /build/java7-openjdk/src/icedtea-2.5.4/openjdk/hotspot/src/share/vm/prims/jvm.cpp:1284
Event: 6.276 Thread 0x00007fd91c008800 Threw 0x00000000ec423060 at /build/java7-openjdk/src/icedtea-2.5.4/openjdk/hotspot/src/share/vm/prims/jvm.cpp:1284
Event: 7.161 Thread 0x00007fd91c008800 Implicit null exception at 0x00007fd9191cfa38 to 0x00007fd9191d0711
Event: 7.189 Thread 0x00007fd91c008800 Threw 0x00000000ec488c20 at /build/java7-openjdk/src/icedtea-2.5.4/openjdk/hotspot/src/share/vm/prims/jvm.cpp:1284
Event: 7.222 Thread 0x00007fd91c008800 Threw 0x00000000ec673340 at /build/java7-openjdk/src/icedtea-2.5.4/openjdk/hotspot/src/share/vm/prims/jvm.cpp:1284
Event: 7.370 Thread 0x00007fd91c008800 Implicit null exception at 0x00007fd9191d4fa1 to 0x00007fd9191d6a91
Event: 7.387 Thread 0x00007fd91c008800 Implicit null exception at 0x00007fd919139682 to 0x00007fd9191397f9
Event: 7.387 Thread 0x00007fd91c008800 Implicit null exception at 0x00007fd9190d4c38 to 0x00007fd9190d4d39
Event: 8.585 Thread 0x00007fd91c008800 Threw 0x00000000eab1ef78 at /build/java7-openjdk/src/icedtea-2.5.4/openjdk/hotspot/src/share/vm/prims/jvm.cpp:1284

Events (10 events):
Event: 9.830 Thread 0x00007fd91c008800 Uncommon trap: trap_request=0xffffffde fr.pc=0x00007fd91920b204
Event: 9.830 Thread 0x00007fd91c008800 DEOPT PACKING pc=0x00007fd91920b204 sp=0x00007fd924d3ed20
Event: 9.830 Thread 0x00007fd91c008800 DEOPT UNPACKING pc=0x00007fd919039045 sp=0x00007fd924d3ecd0 mode 2
Event: 9.832 Thread 0x00007fd91c008800 Uncommon trap: trap_request=0xffffffde fr.pc=0x00007fd91920b204
Event: 9.832 Thread 0x00007fd91c008800 DEOPT PACKING pc=0x00007fd91920b204 sp=0x00007fd924d3ecf0
Event: 9.832 Thread 0x00007fd91c008800 DEOPT UNPACKING pc=0x00007fd919039045 sp=0x00007fd924d3eca0 mode 2
Event: 9.832 Thread 0x00007fd91c008800 Uncommon trap: trap_request=0xffffffde fr.pc=0x00007fd91920b204
Event: 9.832 Thread 0x00007fd91c008800 DEOPT PACKING pc=0x00007fd91920b204 sp=0x00007fd924d3ee20
Event: 9.832 Thread 0x00007fd91c008800 DEOPT UNPACKING pc=0x00007fd919039045 sp=0x00007fd924d3edd0 mode 2
Event: 11.392 Executing VM operation: ParallelGCFailedAllocation


Dynamic libraries:
00400000-00401000 r-xp 00000000 08:14 406396                             /usr/lib/jvm/java-7-openjdk/jre/bin/java
00600000-00601000 rw-p 00000000 08:14 406396                             /usr/lib/jvm/java-7-openjdk/jre/bin/java
01974000-01995000 rw-p 00000000 00:00 0                                  [heap]
b5a00000-b6f00000 rw-p 00000000 00:00 0 
b6f00000-c0000000 rw-p 00000000 00:00 0 
c0000000-c5300000 rw-p 00000000 00:00 0 
c5300000-eaa80000 rw-p 00000000 00:00 0 
eaa80000-f4b80000 rw-p 00000000 00:00 0 
fd780000-100000000 rw-p 00000000 00:00 0 
7fd8d8000000-7fd8d8021000 rw-p 00000000 00:00 0 
7fd8d8021000-7fd8dc000000 ---p 00000000 00:00 0 
7fd8dc000000-7fd8dc021000 rw-p 00000000 00:00 0 
7fd8dc021000-7fd8e0000000 ---p 00000000 00:00 0 
7fd8e0000000-7fd8e0021000 rw-p 00000000 00:00 0 
7fd8e0021000-7fd8e4000000 ---p 00000000 00:00 0 
7fd8e4000000-7fd8e4e59000 rw-p 00000000 00:00 0 
7fd8e4e59000-7fd8e8000000 ---p 00000000 00:00 0 
7fd8e8000000-7fd8e9214000 rw-p 00000000 00:00 0 
7fd8e9214000-7fd8ec000000 ---p 00000000 00:00 0 
7fd8f0000000-7fd8f0021000 rw-p 00000000 00:00 0 
7fd8f0021000-7fd8f4000000 ---p 00000000 00:00 0 
7fd8f4000000-7fd8f4021000 rw-p 00000000 00:00 0 
7fd8f4021000-7fd8f8000000 ---p 00000000 00:00 0 
7fd8f8000000-7fd8f8021000 rw-p 00000000 00:00 0 
7fd8f8021000-7fd8fc000000 ---p 00000000 00:00 0 
7fd8fc000000-7fd8fc021000 rw-p 00000000 00:00 0 
7fd8fc021000-7fd900000000 ---p 00000000 00:00 0 
7fd900520000-7fd900534000 r-xp 00000000 08:14 264991                     /usr/lib/libresolv-2.21.so
7fd900534000-7fd900733000 ---p 00014000 08:14 264991                     /usr/lib/libresolv-2.21.so
7fd900733000-7fd900734000 r--p 00013000 08:14 264991                     /usr/lib/libresolv-2.21.so
7fd900734000-7fd900735000 rw-p 00014000 08:14 264991                     /usr/lib/libresolv-2.21.so
7fd900735000-7fd900737000 rw-p 00000000 00:00 0 
7fd900738000-7fd9007a6000 r-xp 00000000 08:14 272888                     /usr/lib/libpcre.so.1.2.4
7fd9007a6000-7fd9009a5000 ---p 0006e000 08:14 272888                     /usr/lib/libpcre.so.1.2.4
7fd9009a5000-7fd9009a6000 r--p 0006d000 08:14 272888                     /usr/lib/libpcre.so.1.2.4
7fd9009a6000-7fd9009a7000 rw-p 0006e000 08:14 272888                     /usr/lib/libpcre.so.1.2.4
7fd9009a8000-7fd9009ab000 r-xp 00000000 08:14 314903                     /usr/lib/libgmodule-2.0.so.0.4200.2
7fd9009ab000-7fd900baa000 ---p 00003000 08:14 314903                     /usr/lib/libgmodule-2.0.so.0.4200.2
7fd900baa000-7fd900bab000 r--p 00002000 08:14 314903                     /usr/lib/libgmodule-2.0.so.0.4200.2
7fd900bab000-7fd900bac000 rw-p 00003000 08:14 314903                     /usr/lib/libgmodule-2.0.so.0.4200.2
7fd900bb0000-7fd900bb8000 r-xp 00000000 08:14 273017                     /usr/lib/libffi.so.6.0.4
7fd900bb8000-7fd900db7000 ---p 00008000 08:14 273017                     /usr/lib/libffi.so.6.0.4
7fd900db7000-7fd900db8000 r--p 00007000 08:14 273017                     /usr/lib/libffi.so.6.0.4
7fd900db8000-7fd900db9000 rw-p 00008000 08:14 273017                     /usr/lib/libffi.so.6.0.4
7fd900dc0000-7fd900ecc000 r-xp 00000000 08:14 310843                     /usr/lib/libglib-2.0.so.0.4200.2
7fd900ecc000-7fd9010cb000 ---p 0010c000 08:14 310843                     /usr/lib/libglib-2.0.so.0.4200.2
7fd9010cb000-7fd9010cc000 r--p 0010b000 08:14 310843                     /usr/lib/libglib-2.0.so.0.4200.2
7fd9010cc000-7fd9010cd000 rw-p 0010c000 08:14 310843                     /usr/lib/libglib-2.0.so.0.4200.2
7fd9010cd000-7fd9010ce000 rw-p 00000000 00:00 0 
7fd9010d0000-7fd90111f000 r-xp 00000000 08:14 314905                     /usr/lib/libgobject-2.0.so.0.4200.2
7fd90111f000-7fd90131f000 ---p 0004f000 08:14 314905                     /usr/lib/libgobject-2.0.so.0.4200.2
7fd90131f000-7fd901320000 r--p 0004f000 08:14 314905                     /usr/lib/libgobject-2.0.so.0.4200.2
7fd901320000-7fd901321000 rw-p 00050000 08:14 314905                     /usr/lib/libgobject-2.0.so.0.4200.2
7fd901328000-7fd901497000 r-xp 00000000 08:14 314906                     /usr/lib/libgio-2.0.so.0.4200.2
7fd901497000-7fd901696000 ---p 0016f000 08:14 314906                     /usr/lib/libgio-2.0.so.0.4200.2
7fd901696000-7fd90169a000 r--p 0016e000 08:14 314906                     /usr/lib/libgio-2.0.so.0.4200.2
7fd90169a000-7fd90169c000 rw-p 00172000 08:14 314906                     /usr/lib/libgio-2.0.so.0.4200.2
7fd90169c000-7fd90169e000 rw-p 00000000 00:00 0 
7fd9016a0000-7fd9016b7000 r-xp 00000000 08:14 663906                     /usr/lib/jvm/java-7-openjdk/jre/lib/amd64/libnet.so
7fd9016b7000-7fd9018b6000 ---p 00017000 08:14 663906                     /usr/lib/jvm/java-7-openjdk/jre/lib/amd64/libnet.so
7fd9018b6000-7fd9018b7000 rw-p 00016000 08:14 663906                     /usr/lib/jvm/java-7-openjdk/jre/lib/amd64/libnet.so
7fd9018b8000-7fd9018c8000 r-xp 00000000 08:14 663907                     /usr/lib/jvm/java-7-openjdk/jre/lib/amd64/libnio.so
7fd9018c8000-7fd901ac8000 ---p 00010000 08:14 663907                     /usr/lib/jvm/java-7-openjdk/jre/lib/amd64/libnio.so
7fd901ac8000-7fd901ac9000 rw-p 00010000 08:14 663907                     /usr/lib/jvm/java-7-openjdk/jre/lib/amd64/libnio.so
7fd901ad0000-7fd904000000 rw-p 00000000 00:00 0 
7fd904000000-7fd904021000 rw-p 00000000 00:00 0 
7fd904021000-7fd908000000 ---p 00000000 00:00 0 
7fd908000000-7fd908021000 rw-p 00000000 00:00 0 
7fd908021000-7fd90c000000 ---p 00000000 00:00 0 
7fd90c000000-7fd90c021000 rw-p 00000000 00:00 0 
7fd90c021000-7fd910000000 ---p 00000000 00:00 0 
7fd910000000-7fd910021000 rw-p 00000000 00:00 0 
7fd910021000-7fd914000000 ---p 00000000 00:00 0 
7fd914000000-7fd914021000 rw-p 00000000 00:00 0 
7fd914021000-7fd918000000 ---p 00000000 00:00 0 
7fd918063000-7fd918064000 ---p 00000000 00:00 0 
7fd918064000-7fd918164000 rw-p 00000000 00:00 0                          [stack:5199]
7fd918164000-7fd918167000 ---p 00000000 00:00 0 
7fd918167000-7fd918265000 rw-p 00000000 00:00 0                          [stack:5198]
7fd918265000-7fd918268000 ---p 00000000 00:00 0 
7fd918268000-7fd918366000 rw-p 00000000 00:00 0                          [stack:5186]
7fd918366000-7fd918369000 ---p 00000000 00:00 0 
7fd918369000-7fd918467000 rw-p 00000000 00:00 0                          [stack:5184]
7fd918467000-7fd91846a000 ---p 00000000 00:00 0 
7fd91846a000-7fd918568000 rw-p 00000000 00:00 0                          [stack:5173]
7fd918568000-7fd9186f2000 r--p 00000000 08:14 311179                     /usr/lib/locale/locale-archive
7fd9186f7000-7fd9186fa000 ---p 00000000 00:00 0 
7fd9186fa000-7fd9187f8000 rw-p 00000000 00:00 0                          [stack:5164]
7fd9187f8000-7fd9187fb000 ---p 00000000 00:00 0 
7fd9187fb000-7fd9188f9000 rw-p 00000000 00:00 0                          [stack:5158]
7fd9188f9000-7fd9188fa000 ---p 00000000 00:00 0 
7fd9188fa000-7fd919000000 rw-p 00000000 00:00 0                          [stack:5155]
7fd919000000-7fd9192a0000 rwxp 00000000 00:00 0 
7fd9192a0000-7fd91c30c000 rw-p 00000000 00:00 0 
7fd91c30c000-7fd920000000 ---p 00000000 00:00 0 
7fd920016000-7fd920024000 r--s 000ce000 08:13 1187623                    /home/robin/AndroidStudioProjects/be.robinj.ubuntu/UbuntuLauncher/app/libs/libGoogleAnalyticsServices.jar
7fd92002b000-7fd920f83000 rw-p 00000000 00:00 0 
7fd920f83000-7fd921134000 r--s 01d23000 08:14 406372                     /usr/lib/jvm/java-7-openjdk/jre/lib/rt.jar
7fd921139000-7fd92145d000 rw-p 00000000 00:00 0 
7fd92145d000-7fd92145e000 ---p 00000000 00:00 0 
7fd92145e000-7fd92155e000 rw-p 00000000 00:00 0                          [stack:5131]
7fd92155e000-7fd92155f000 ---p 00000000 00:00 0 
7fd92155f000-7fd92165f000 rw-p 00000000 00:00 0                          [stack:5130]
7fd92165f000-7fd921660000 ---p 00000000 00:00 0 
7fd921660000-7fd921760000 rw-p 00000000 00:00 0                          [stack:5129]
7fd921760000-7fd921761000 ---p 00000000 00:00 0 
7fd921761000-7fd921861000 rw-p 00000000 00:00 0                          [stack:5128]
7fd921861000-7fd921862000 ---p 00000000 00:00 0 
7fd921862000-7fd921962000 rw-p 00000000 00:00 0                          [stack:5127]
7fd921962000-7fd921963000 ---p 00000000 00:00 0 
7fd921963000-7fd921a6e000 rw-p 00000000 00:00 0                          [stack:5126]
7fd921a6e000-7fd921ab6000 rw-p 00000000 00:00 0 
7fd921ab6000-7fd921ae0000 rw-p 00000000 00:00 0 
7fd921ae0000-7fd921c0c000 rw-p 00000000 00:00 0 
7fd921c0c000-7fd921c17000 rw-p 00000000 00:00 0 
7fd921c17000-7fd921c5f000 rw-p 00000000 00:00 0 
7fd921c5f000-7fd921c89000 rw-p 00000000 00:00 0 
7fd921c89000-7fd921db4000 rw-p 00000000 00:00 0 
7fd921db4000-7fd921e05000 rw-p 00000000 00:00 0 
7fd921e05000-7fd921e5f000 rw-p 00000000 00:00 0 
7fd921e5f000-7fd921e60000 rw-p 00000000 00:00 0 
7fd921e60000-7fd921e68000 r-xp 00000000 08:14 663905                     /usr/lib/jvm/java-7-openjdk/jre/lib/amd64/libzip.so
7fd921e68000-7fd922067000 ---p 00008000 08:14 663905                     /usr/lib/jvm/java-7-openjdk/jre/lib/amd64/libzip.so
7fd922067000-7fd922068000 rw-p 00007000 08:14 663905                     /usr/lib/jvm/java-7-openjdk/jre/lib/amd64/libzip.so
7fd922068000-7fd922073000 r-xp 00000000 08:14 264997                     /usr/lib/libnss_files-2.21.so
7fd922073000-7fd922273000 ---p 0000b000 08:14 264997                     /usr/lib/libnss_files-2.21.so
7fd922273000-7fd922274000 r--p 0000b000 08:14 264997                     /usr/lib/libnss_files-2.21.so
7fd922274000-7fd922275000 rw-p 0000c000 08:14 264997                     /usr/lib/libnss_files-2.21.so
7fd922278000-7fd9222a4000 r-xp 00000000 08:14 663904                     /usr/lib/jvm/java-7-openjdk/jre/lib/amd64/libjava.so
7fd9222a4000-7fd9224a3000 ---p 0002c000 08:14 663904                     /usr/lib/jvm/java-7-openjdk/jre/lib/amd64/libjava.so
7fd9224a3000-7fd9224a5000 rw-p 0002b000 08:14 663904                     /usr/lib/jvm/java-7-openjdk/jre/lib/amd64/libjava.so
7fd9224a8000-7fd9224b5000 r-xp 00000000 08:14 663903                     /usr/lib/jvm/java-7-openjdk/jre/lib/amd64/libverify.so
7fd9224b5000-7fd9226b4000 ---p 0000d000 08:14 663903                     /usr/lib/jvm/java-7-openjdk/jre/lib/amd64/libverify.so
7fd9226b4000-7fd9226b6000 rw-p 0000c000 08:14 663903                     /usr/lib/jvm/java-7-openjdk/jre/lib/amd64/libverify.so
7fd9226b8000-7fd9226bf000 r-xp 00000000 08:14 265046                     /usr/lib/librt-2.21.so
7fd9226bf000-7fd9228be000 ---p 00007000 08:14 265046                     /usr/lib/librt-2.21.so
7fd9228be000-7fd9228bf000 r--p 00006000 08:14 265046                     /usr/lib/librt-2.21.so
7fd9228bf000-7fd9228c0000 rw-p 00007000 08:14 265046                     /usr/lib/librt-2.21.so
7fd9228c0000-7fd9228d6000 r-xp 00000000 08:14 264920                     /usr/lib/libgcc_s.so.1
7fd9228d6000-7fd922ad5000 ---p 00016000 08:14 264920                     /usr/lib/libgcc_s.so.1
7fd922ad5000-7fd922ad6000 rw-p 00015000 08:14 264920                     /usr/lib/libgcc_s.so.1
7fd922ad8000-7fd922bdb000 r-xp 00000000 08:14 265079                     /usr/lib/libm-2.21.so
7fd922bdb000-7fd922ddb000 ---p 00103000 08:14 265079                     /usr/lib/libm-2.21.so
7fd922ddb000-7fd922ddc000 r--p 00103000 08:14 265079                     /usr/lib/libm-2.21.so
7fd922ddc000-7fd922ddd000 rw-p 00104000 08:14 265079                     /usr/lib/libm-2.21.so
7fd922de0000-7fd922ed0000 r-xp 00000000 08:14 274048                     /usr/lib/libstdc++.so.6.0.20
7fd922ed0000-7fd9230d0000 ---p 000f0000 08:14 274048                     /usr/lib/libstdc++.so.6.0.20
7fd9230d0000-7fd9230d8000 r--p 000f0000 08:14 274048                     /usr/lib/libstdc++.so.6.0.20
7fd9230d8000-7fd9230da000 rw-p 000f8000 08:14 274048                     /usr/lib/libstdc++.so.6.0.20
7fd9230da000-7fd9230ef000 rw-p 00000000 00:00 0 
7fd9230f0000-7fd923c3a000 r-xp 00000000 08:14 663937                     /usr/lib/jvm/java-7-openjdk/jre/lib/amd64/server/libjvm.so
7fd923c3a000-7fd923e3a000 ---p 00b4a000 08:14 663937                     /usr/lib/jvm/java-7-openjdk/jre/lib/amd64/server/libjvm.so
7fd923e3a000-7fd923efc000 rw-p 00b4a000 08:14 663937                     /usr/lib/jvm/java-7-openjdk/jre/lib/amd64/server/libjvm.so
7fd923efc000-7fd923f28000 rw-p 00000000 00:00 0 
7fd923f28000-7fd923f3d000 r-xp 00000000 08:14 267949                     /usr/lib/libz.so.1.2.8
7fd923f3d000-7fd92413c000 ---p 00015000 08:14 267949                     /usr/lib/libz.so.1.2.8
7fd92413c000-7fd92413d000 r--p 00014000 08:14 267949                     /usr/lib/libz.so.1.2.8
7fd92413d000-7fd92413e000 rw-p 00015000 08:14 267949                     /usr/lib/libz.so.1.2.8
7fd924140000-7fd9242d9000 r-xp 00000000 08:14 265018                     /usr/lib/libc-2.21.so
7fd9242d9000-7fd9244d9000 ---p 00199000 08:14 265018                     /usr/lib/libc-2.21.so
7fd9244d9000-7fd9244dd000 r--p 00199000 08:14 265018                     /usr/lib/libc-2.21.so
7fd9244dd000-7fd9244df000 rw-p 0019d000 08:14 265018                     /usr/lib/libc-2.21.so
7fd9244df000-7fd9244e3000 rw-p 00000000 00:00 0 
7fd9244e8000-7fd9244ea000 r-xp 00000000 08:14 265057                     /usr/lib/libdl-2.21.so
7fd9244ea000-7fd9246ea000 ---p 00002000 08:14 265057                     /usr/lib/libdl-2.21.so
7fd9246ea000-7fd9246eb000 r--p 00002000 08:14 265057                     /usr/lib/libdl-2.21.so
7fd9246eb000-7fd9246ec000 rw-p 00003000 08:14 265057                     /usr/lib/libdl-2.21.so
7fd9246f0000-7fd9246fd000 r-xp 00000000 08:14 663933                     /usr/lib/jvm/java-7-openjdk/jre/lib/amd64/jli/libjli.so
7fd9246fd000-7fd9248fc000 ---p 0000d000 08:14 663933                     /usr/lib/jvm/java-7-openjdk/jre/lib/amd64/jli/libjli.so
7fd9248fc000-7fd9248fd000 rw-p 0000c000 08:14 663933                     /usr/lib/jvm/java-7-openjdk/jre/lib/amd64/jli/libjli.so
7fd924900000-7fd924918000 r-xp 00000000 08:14 265045                     /usr/lib/libpthread-2.21.so
7fd924918000-7fd924b17000 ---p 00018000 08:14 265045                     /usr/lib/libpthread-2.21.so
7fd924b17000-7fd924b18000 r--p 00017000 08:14 265045                     /usr/lib/libpthread-2.21.so
7fd924b18000-7fd924b19000 rw-p 00018000 08:14 265045                     /usr/lib/libpthread-2.21.so
7fd924b19000-7fd924b1d000 rw-p 00000000 00:00 0 
7fd924b20000-7fd924b42000 r-xp 00000000 08:14 265075                     /usr/lib/ld-2.21.so
7fd924b48000-7fd924b49000 r--p 00000000 08:14 264883                     /usr/share/locale/en_GB/LC_MESSAGES/libc.mo
7fd924b4c000-7fd924b5a000 r--s 000b4000 08:14 933170                     /opt/android-sdk/build-tools/20.0.0/lib/dx.jar
7fd924b5f000-7fd924b83000 rw-p 00000000 00:00 0 
7fd924b83000-7fd924c38000 rw-p 00000000 00:00 0 
7fd924c38000-7fd924c40000 rw-s 00000000 00:20 874201                     /tmp/hsperfdata_robin/5068
7fd924c40000-7fd924c43000 ---p 00000000 00:00 0 
7fd924c43000-7fd924d41000 rw-p 00000000 00:00 0                          [stack:5117]
7fd924d41000-7fd924d42000 r--p 00021000 08:14 265075                     /usr/lib/ld-2.21.so
7fd924d42000-7fd924d43000 rw-p 00022000 08:14 265075                     /usr/lib/ld-2.21.so
7fd924d43000-7fd924d45000 rw-p 00000000 00:00 0 
7fd924d45000-7fd924d46000 ---p 00000000 00:00 0 
7fd924d46000-7fd924d4b000 rw-p 00000000 00:00 0 
7ffed2ce6000-7ffed2d07000 rw-p 00000000 00:00 0                          [stack]
7ffed2db8000-7ffed2dba000 r--p 00000000 00:00 0                          [vvar]
7ffed2dba000-7ffed2dbc000 r-xp 00000000 00:00 0                          [vdso]
ffffffffff600000-ffffffffff601000 r-xp 00000000 00:00 0                  [vsyscall]

VM Arguments:
jvm_args: -Xmx1024M 
java_command: /opt/android-sdk/build-tools/20.0.0/lib/dx.jar --dex --output /home/robin/AndroidStudioProjects/be.robinj.ubuntu/UbuntuLauncher/app/build/intermediates/pre-dexed/debug/libGoogleAnalyticsServices-7eb596eb2f9bbba73330b5f1f817fa02bdd8b743.jar /home/robin/AndroidStudioProjects/be.robinj.ubuntu/UbuntuLauncher/app/libs/libGoogleAnalyticsServices.jar
Launcher Type: SUN_STANDARD

Environment Variables:
CLASSPATH=/opt/android-studio/bin/../lib/bootstrap.jar:/opt/android-studio/bin/../lib/extensions.jar:/opt/android-studio/bin/../lib/util.jar:/opt/android-studio/bin/../lib/jdom.jar:/opt/android-studio/bin/../lib/log4j.jar:/opt/android-studio/bin/../lib/trove4j.jar:/opt/android-studio/bin/../lib/jna.jar:/usr/lib/jvm/java-7-openjdk/lib/tools.jar
PATH=/usr/local/sbin:/usr/local/bin:/usr/bin:/opt/android-sdk/tools:/usr/lib/jvm/default/bin:/usr/bin/site_perl:/usr/bin/vendor_perl:/usr/bin/core_perl
LD_LIBRARY_PATH=/opt/android-studio/bin:
SHELL=/bin/bash
DISPLAY=:0

Signal Handlers:
SIGSEGV: [libjvm.so+0x97eaa0], sa_mask[0]=0x7ffbfeff, sa_flags=0x10000004
SIGBUS: [libjvm.so+0x97eaa0], sa_mask[0]=0x7ffbfeff, sa_flags=0x10000004
SIGFPE: [libjvm.so+0x7ece30], sa_mask[0]=0x7ffbfeff, sa_flags=0x10000004
SIGPIPE: [libjvm.so+0x7ece30], sa_mask[0]=0x7ffbfeff, sa_flags=0x10000004
SIGXFSZ: [libjvm.so+0x7ece30], sa_mask[0]=0x7ffbfeff, sa_flags=0x10000004
SIGILL: [libjvm.so+0x7ece30], sa_mask[0]=0x7ffbfeff, sa_flags=0x10000004
SIGUSR1: SIG_DFL, sa_mask[0]=0x00000000, sa_flags=0x00000000
SIGUSR2: [libjvm.so+0x7eccb0], sa_mask[0]=0x00000004, sa_flags=0x10000004
SIGHUP: [libjvm.so+0x7eceb0], sa_mask[0]=0x7ffbfeff, sa_flags=0x10000004
SIGINT: [libjvm.so+0x7eceb0], sa_mask[0]=0x7ffbfeff, sa_flags=0x10000004
SIGTERM: [libjvm.so+0x7eceb0], sa_mask[0]=0x7ffbfeff, sa_flags=0x10000004
SIGQUIT: [libjvm.so+0x7eceb0], sa_mask[0]=0x7ffbfeff, sa_flags=0x10000004
SIGTRAP: SIG_DFL, sa_mask[0]=0x00000000, sa_flags=0x00000000


---------------  S Y S T E M  ---------------

OS:Linux
uname:Linux 3.19.2-1-ARCH #1 SMP PREEMPT Wed Mar 18 16:21:02 CET 2015 x86_64
libc:glibc 2.21 NPTL 2.21 
rlimit: STACK 8192k, CORE 0k, NPROC 31610, NOFILE 4096, AS infinity
load average:5.34 3.26 2.32

/proc/meminfo:
MemTotal:        8163844 kB
MemFree:         2190216 kB
MemAvailable:    2198764 kB
Buffers:            1304 kB
Cached:           170472 kB
SwapCached:            0 kB
Active:          4124472 kB
Inactive:         151056 kB
Active(anon):    4114768 kB
Inactive(anon):    58248 kB
Active(file):       9704 kB
Inactive(file):    92808 kB
Unevictable:         100 kB
Mlocked:             100 kB
SwapTotal:             0 kB
SwapFree:              0 kB
Dirty:              1500 kB
Writeback:             0 kB
AnonPages:       4105300 kB
Mapped:           192428 kB
Shmem:             67744 kB
Slab:             136996 kB
SReclaimable:      83524 kB
SUnreclaim:        53472 kB
KernelStack:       11504 kB
PageTables:        45708 kB
NFS_Unstable:          0 kB
Bounce:                0 kB
WritebackTmp:          0 kB
CommitLimit:     4081920 kB
Committed_AS:    9488040 kB
VmallocTotal:   34359738367 kB
VmallocUsed:      361440 kB
VmallocChunk:   34359374244 kB
HardwareCorrupted:     0 kB
AnonHugePages:   1222656 kB
HugePages_Total:       0
HugePages_Free:        0
HugePages_Rsvd:        0
HugePages_Surp:        0
Hugepagesize:       2048 kB
DirectMap4k:     2237952 kB
DirectMap2M:     6133760 kB
DirectMap1G:     1048576 kB


CPU:total 6 (6 cores per cpu, 1 threads per core) family 21 model 1 stepping 2, cmov, cx8, fxsr, mmx, sse, sse2, sse3, ssse3, sse4.1, sse4.2, popcnt, avx, aes, mmxext, 3dnowpref, lzcnt, sse4a, tsc, tscinvbit, tscinv

/proc/cpuinfo:
processor	: 0
vendor_id	: AuthenticAMD
cpu family	: 21
model		: 1
model name	: AMD FX(tm)-6100 Six-Core Processor
stepping	: 2
microcode	: 0x600063d
cpu MHz		: 3300.000
cache size	: 2048 KB
physical id	: 0
siblings	: 6
core id		: 0
cpu cores	: 3
apicid		: 16
initial apicid	: 0
fpu		: yes
fpu_exception	: yes
cpuid level	: 13
wp		: yes
flags		: fpu vme de pse tsc msr pae mce cx8 apic sep mtrr pge mca cmov pat pse36 clflush mmx fxsr sse sse2 ht syscall nx mmxext fxsr_opt pdpe1gb rdtscp lm constant_tsc rep_good nopl nonstop_tsc extd_apicid aperfmperf pni pclmulqdq monitor ssse3 cx16 sse4_1 sse4_2 popcnt aes xsave avx lahf_lm cmp_legacy svm extapic cr8_legacy abm sse4a misalignsse 3dnowprefetch osvw ibs xop skinit wdt lwp fma4 nodeid_msr topoext perfctr_core perfctr_nb arat cpb hw_pstate npt lbrv svm_lock nrip_save tsc_scale vmcb_clean flushbyasid decodeassists pausefilter pfthreshold vmmcall
bugs		: fxsave_leak
bogomips	: 6632.72
TLB size	: 1536 4K pages
clflush size	: 64
cache_alignment	: 64
address sizes	: 48 bits physical, 48 bits virtual
power management: ts ttp tm 100mhzsteps hwpstate cpb

processor	: 1
vendor_id	: AuthenticAMD
cpu family	: 21
model		: 1
model name	: AMD FX(tm)-6100 Six-Core Processor             
stepping	: 2
microcode	: 0x600063d
cpu MHz		: 3000.000
cache size	: 2048 KB
physical id	: 0
siblings	: 6
core id		: 1
cpu cores	: 3
apicid		: 17
initial apicid	: 1
fpu		: yes
fpu_exception	: yes
cpuid level	: 13
wp		: yes
flags		: fpu vme de pse tsc msr pae mce cx8 apic sep mtrr pge mca cmov pat pse36 clflush mmx fxsr sse sse2 ht syscall nx mmxext fxsr_opt pdpe1gb rdtscp lm constant_tsc rep_good nopl nonstop_tsc extd_apicid aperfmperf pni pclmulqdq monitor ssse3 cx16 sse4_1 sse4_2 popcnt aes xsave avx lahf_lm cmp_legacy svm extapic cr8_legacy abm sse4a misalignsse 3dnowprefetch osvw ibs xop skinit wdt lwp fma4 nodeid_msr topoext perfctr_core perfctr_nb arat cpb hw_pstate npt lbrv svm_lock nrip_save tsc_scale vmcb_clean flushbyasid decodeassists pausefilter pfthreshold vmmcall
bugs		: fxsave_leak
bogomips	: 6632.72
TLB size	: 1536 4K pages
clflush size	: 64
cache_alignment	: 64
address sizes	: 48 bits physical, 48 bits virtual
power management: ts ttp tm 100mhzsteps hwpstate cpb

processor	: 2
vendor_id	: AuthenticAMD
cpu family	: 21
model		: 1
model name	: AMD FX(tm)-6100 Six-Core Processor             
stepping	: 2
microcode	: 0x600063d
cpu MHz		: 3300.000
cache size	: 2048 KB
physical id	: 0
siblings	: 6
core id		: 2
cpu cores	: 3
apicid		: 18
initial apicid	: 2
fpu		: yes
fpu_exception	: yes
cpuid level	: 13
wp		: yes
flags		: fpu vme de pse tsc msr pae mce cx8 apic sep mtrr pge mca cmov pat pse36 clflush mmx fxsr sse sse2 ht syscall nx mmxext fxsr_opt pdpe1gb rdtscp lm constant_tsc rep_good nopl nonstop_tsc extd_apicid aperfmperf pni pclmulqdq monitor ssse3 cx16 sse4_1 sse4_2 popcnt aes xsave avx lahf_lm cmp_legacy svm extapic cr8_legacy abm sse4a misalignsse 3dnowprefetch osvw ibs xop skinit wdt lwp fma4 nodeid_msr topoext perfctr_core perfctr_nb arat cpb hw_pstate npt lbrv svm_lock nrip_save tsc_scale vmcb_clean flushbyasid decodeassists pausefilter pfthreshold vmmcall
bugs		: fxsave_leak
bogomips	: 6632.72
TLB size	: 1536 4K pages
clflush size	: 64
cache_alignment	: 64
address sizes	: 48 bits physical, 48 bits virtual
power management: ts ttp tm 100mhzsteps hwpstate cpb

processor	: 3
vendor_id	: AuthenticAMD
cpu family	: 21
model		: 1
model name	: AMD FX(tm)-6100 Six-Core Processor             
stepping	: 2
microcode	: 0x600063d
cpu MHz		: 2400.000
cache size	: 2048 KB
physical id	: 0
siblings	: 6
core id		: 3
cpu cores	: 3
apicid		: 19
initial apicid	: 3
fpu		: yes
fpu_exception	: yes
cpuid level	: 13
wp		: yes
flags		: fpu vme de pse tsc msr pae mce cx8 apic sep mtrr pge mca cmov pat pse36 clflush mmx fxsr sse sse2 ht syscall nx mmxext fxsr_opt pdpe1gb rdtscp lm constant_tsc rep_good nopl nonstop_tsc extd_apicid aperfmperf pni pclmulqdq monitor ssse3 cx16 sse4_1 sse4_2 popcnt aes xsave avx lahf_lm cmp_legacy svm extapic cr8_legacy abm sse4a misalignsse 3dnowprefetch osvw ibs xop skinit wdt lwp fma4 nodeid_msr topoext perfctr_core perfctr_nb arat cpb hw_pstate npt lbrv svm_lock nrip_save tsc_scale vmcb_clean flushbyasid decodeassists pausefilter pfthreshold vmmcall
bugs		: fxsave_leak
bogomips	: 6632.72
TLB size	: 1536 4K pages
clflush size	: 64
cache_alignment	: 64
address sizes	: 48 bits physical, 48 bits virtual
power management: ts ttp tm 100mhzsteps hwpstate cpb

processor	: 4
vendor_id	: AuthenticAMD
cpu family	: 21
model		: 1
model name	: AMD FX(tm)-6100 Six-Core Processor             
stepping	: 2
microcode	: 0x600063d
cpu MHz		: 3300.000
cache size	: 2048 KB
physical id	: 0
siblings	: 6
core id		: 4
cpu cores	: 3
apicid		: 20
initial apicid	: 4
fpu		: yes
fpu_exception	: yes
cpuid level	: 13
wp		: yes
flags		: fpu vme de pse tsc msr pae mce cx8 apic sep mtrr pge mca cmov pat pse36 clflush mmx fxsr sse sse2 ht syscall nx mmxext fxsr_opt pdpe1gb rdtscp lm constant_tsc rep_good nopl nonstop_tsc extd_apicid aperfmperf pni pclmulqdq monitor ssse3 cx16 sse4_1 sse4_2 popcnt aes xsave avx lahf_lm cmp_legacy svm extapic cr8_legacy abm sse4a misalignsse 3dnowprefetch osvw ibs xop skinit wdt lwp fma4 nodeid_msr topoext perfctr_core perfctr_nb arat cpb hw_pstate npt lbrv svm_lock nrip_save tsc_scale vmcb_clean flushbyasid decodeassists pausefilter pfthreshold vmmcall
bugs		: fxsave_leak
bogomips	: 6632.72
TLB size	: 1536 4K pages
clflush size	: 64
cache_alignment	: 64
address sizes	: 48 bits physical, 48 bits virtual
power management: ts ttp tm 100mhzsteps hwpstate cpb

processor	: 5
vendor_id	: AuthenticAMD
cpu family	: 21
model		: 1
model name	: AMD FX(tm)-6100 Six-Core Processor             
stepping	: 2
microcode	: 0x600063d
cpu MHz		: 3300.000
cache size	: 2048 KB
physical id	: 0
siblings	: 6
core id		: 5
cpu cores	: 3
apicid		: 21
initial apicid	: 5
fpu		: yes
fpu_exception	: yes
cpuid level	: 13
wp		: yes
flags		: fpu vme de pse tsc msr pae mce cx8 apic sep mtrr pge mca cmov pat pse36 clflush mmx fxsr sse sse2 ht syscall nx mmxext fxsr_opt pdpe1gb rdtscp lm constant_tsc rep_good nopl nonstop_tsc extd_apicid aperfmperf pni pclmulqdq monitor ssse3 cx16 sse4_1 sse4_2 popcnt aes xsave avx lahf_lm cmp_legacy svm extapic cr8_legacy abm sse4a misalignsse 3dnowprefetch osvw ibs xop skinit wdt lwp fma4 nodeid_msr topoext perfctr_core perfctr_nb arat cpb hw_pstate npt lbrv svm_lock nrip_save tsc_scale vmcb_clean flushbyasid decodeassists pausefilter pfthreshold vmmcall
bugs		: fxsave_leak
bogomips	: 6632.72
TLB size	: 1536 4K pages
clflush size	: 64
cache_alignment	: 64
address sizes	: 48 bits physical, 48 bits virtual
power management: ts ttp tm 100mhzsteps hwpstate cpb



Memory: 4k page, physical 8163844k(2227044k free), swap 0k(0k free)

vm_info: OpenJDK 64-Bit Server VM (24.75-b04) for linux-amd64 JRE (1.7.0_75-b13), built on Jan 23 2015 11:04:40 by "builduser" with gcc 4.9.2 20141224 (prerelease)

time: Sun Mar 29 13:36:23 2015
elapsed time: 12 seconds

