#
# There is insufficient memory for the Java Runtime Environment to continue.
# Native memory allocation (malloc) failed to allocate 174063616 bytes for committing reserved memory.
# Possible reasons:
#   The system is out of physical RAM or swap space
#   In 32 bit mode, the process size limit was hit
# Possible solutions:
#   Reduce memory load on the system
#   Increase physical memory or swap space
#   Check if swap backing store is full
#   Use 64 bit Java on a 64 bit OS
#   Decrease Java heap size (-Xmx/-Xms)
#   Decrease number of Java threads
#   Decrease Java thread stack sizes (-Xss)
#   Set larger code cache with -XX:ReservedCodeCacheSize=
# This output file may be truncated or incomplete.
#
#  Out of Memory Error (os_linux.cpp:2798), pid=4549, tid=140613406672640
#
# JRE version: OpenJDK Runtime Environment (7.0_75-b13) (build 1.7.0_75-b13)
# Java VM: OpenJDK 64-Bit Server VM (24.75-b04 mixed mode linux-amd64 compressed oops)
# Derivative: IcedTea 2.5.4
# Distribution: Custom build (Fri Jan 23 11:00:44 UTC 2015)
# Failed to write core dump. Core dumps have been disabled. To enable core dumping, try "ulimit -c unlimited" before starting Java again
#

---------------  T H R E A D  ---------------

Current thread (0x00007fe32417f800):  VMThread [stack: 0x00007fe31c17c000,0x00007fe31c27d000] [id=4638]

Stack: [0x00007fe31c17c000,0x00007fe31c27d000],  sp=0x00007fe31c27b4e0,  free space=1021k
Native frames: (J=compiled Java code, j=interpreted, Vv=VM code, C=native code)
V  [libjvm.so+0x97dfb6]
V  [libjvm.so+0x48e252]
V  [libjvm.so+0x7f188b]
V  [libjvm.so+0x7ebffe]
V  [libjvm.so+0x85e83b]
V  [libjvm.so+0x85f6e3]
V  [libjvm.so+0x85fdfb]
V  [libjvm.so+0x85b809]
V  [libjvm.so+0x85bfe8]
V  [libjvm.so+0x813d53]
V  [libjvm.so+0x97f882]
V  [libjvm.so+0x984107]
V  [libjvm.so+0x9826fb]
V  [libjvm.so+0x982da6]
V  [libjvm.so+0x983271]
V  [libjvm.so+0x7ee7d2]

VM_Operation (0x00007fe32aacbd80): ParallelGCFailedAllocation, mode: safepoint, requested by thread 0x00007fe324008800


---------------  P R O C E S S  ---------------

Java Threads: ( => current thread )
  0x00007fe3241ba800 JavaThread "Service Thread" daemon [_thread_blocked, id=4674, stack(0x00007fe30396c000,0x00007fe303a6d000)]
  0x00007fe3241b8000 JavaThread "C2 CompilerThread1" daemon [_thread_blocked, id=4672, stack(0x00007fe303a6d000,0x00007fe303b6e000)]
  0x00007fe3241b5000 JavaThread "C2 CompilerThread0" daemon [_thread_blocked, id=4669, stack(0x00007fe303b6e000,0x00007fe303c6f000)]
  0x00007fe3241b3000 JavaThread "Signal Dispatcher" daemon [_thread_blocked, id=4662, stack(0x00007fe303c6f000,0x00007fe303d70000)]
  0x00007fe324186000 JavaThread "Finalizer" daemon [_thread_blocked, id=4651, stack(0x00007fe303eff000,0x00007fe304000000)]
  0x00007fe324184000 JavaThread "Reference Handler" daemon [_thread_blocked, id=4645, stack(0x00007fe31c07b000,0x00007fe31c17c000)]
  0x00007fe324008800 JavaThread "main" [_thread_blocked, id=4596, stack(0x00007fe32a9cd000,0x00007fe32aace000)]

Other Threads:
=>0x00007fe32417f800 VMThread [stack: 0x00007fe31c17c000,0x00007fe31c27d000] [id=4638]
  0x00007fe3241bd000 WatcherThread [stack: 0x00007fe30386b000,0x00007fe30396c000] [id=4675]

VM state:at safepoint (normal execution)

VM Mutex/Monitor currently owned by a thread:  ([mutex/lock_event])
[0x00007fe324006510] Threads_lock - owner thread: 0x00007fe32417f800
[0x00007fe324006a10] Heap_lock - owner thread: 0x00007fe324008800

Heap
 PSYoungGen      total 134144K, used 5100K [0x00000000eaa80000, 0x00000000f3280000, 0x0000000100000000)
  eden space 129024K, 0% used [0x00000000eaa80000,0x00000000eaa80000,0x00000000f2880000)
  from space 5120K, 99% used [0x00000000f2880000,0x00000000f2d7b368,0x00000000f2d80000)
  to   space 5120K, 0% used [0x00000000f2d80000,0x00000000f2d80000,0x00000000f3280000)
 ParOldGen       total 84992K, used 45359K [0x00000000c0000000, 0x00000000c5300000, 0x00000000eaa80000)
  object space 84992K, 53% used [0x00000000c0000000,0x00000000c2c4bce0,0x00000000c5300000)
 PSPermGen       total 21504K, used 5702K [0x00000000b5a00000, 0x00000000b6f00000, 0x00000000c0000000)
  object space 21504K, 26% used [0x00000000b5a00000,0x00000000b5f919e0,0x00000000b6f00000)

Card table byte_map: [0x00007fe320994000,0x00007fe320be8000] byte_map_base: 0x00007fe3203e7000

Polling page: 0x00007fe32a9cc000

Code Cache  [0x00007fe320be8000, 0x00007fe320eb8000, 0x00007fe323be8000)
 total_blobs=881 nmethods=655 adapters=180 free_code_cache=46362Kb largest_free_block=47405760

Compilation events (10 events):
Event: 9.486 Thread 0x00007fe3241b5000 nmethod 661 0x00007fe320e75e50 code [0x00007fe320e75fa0, 0x00007fe320e76008]
Event: 9.547 Thread 0x00007fe3241b5000  662             com.android.dx.rop.cst.CstInteger::make (47 bytes)
Event: 9.549 Thread 0x00007fe3241b5000 nmethod 662 0x00007fe320e75ad0 code [0x00007fe320e75c20, 0x00007fe320e75d98]
Event: 9.581 Thread 0x00007fe3241b5000  663             com.android.dx.rop.cst.CstString::equals (24 bytes)
Event: 9.586 Thread 0x00007fe3241b5000 nmethod 663 0x00007fe320e75710 code [0x00007fe320e75860, 0x00007fe320e759d8]
Event: 9.588 Thread 0x00007fe3241b8000 nmethod 654 0x00007fe320ea5490 code [0x00007fe320ea5e60, 0x00007fe320eaaa28]
Event: 9.617 Thread 0x00007fe3241b5000  664             com.android.dx.ssa.SsaBasicBlock::addPhiInsnForReg (18 bytes)
Event: 9.624 Thread 0x00007fe3241b5000 nmethod 664 0x00007fe320e83590 code [0x00007fe320e83740, 0x00007fe320e83b68]
Event: 9.624 Thread 0x00007fe3241b5000  665             com.android.dx.ssa.PhiInsn::<init> (29 bytes)
Event: 9.626 Thread 0x00007fe3241b5000 nmethod 665 0x00007fe320e75310 code [0x00007fe320e75460, 0x00007fe320e755c8]

GC Heap History (9 events):
Event: 4.090 GC heap before
{Heap before GC invocations=1 (full 0):
 PSYoungGen      total 37376K, used 32256K [0x00000000eaa80000, 0x00000000ed400000, 0x0000000100000000)
  eden space 32256K, 100% used [0x00000000eaa80000,0x00000000eca00000,0x00000000eca00000)
  from space 5120K, 0% used [0x00000000ecf00000,0x00000000ecf00000,0x00000000ed400000)
  to   space 5120K, 0% used [0x00000000eca00000,0x00000000eca00000,0x00000000ecf00000)
 ParOldGen       total 84992K, used 0K [0x00000000c0000000, 0x00000000c5300000, 0x00000000eaa80000)
  object space 84992K, 0% used [0x00000000c0000000,0x00000000c0000000,0x00000000c5300000)
 PSPermGen       total 21504K, used 5507K [0x00000000b5a00000, 0x00000000b6f00000, 0x00000000c0000000)
  object space 21504K, 25% used [0x00000000b5a00000,0x00000000b5f60dc0,0x00000000b6f00000)
Event: 4.189 GC heap after
Heap after GC invocations=1 (full 0):
 PSYoungGen      total 37376K, used 5114K [0x00000000eaa80000, 0x00000000ef380000, 0x0000000100000000)
  eden space 32256K, 0% used [0x00000000eaa80000,0x00000000eaa80000,0x00000000eca00000)
  from space 5120K, 99% used [0x00000000eca00000,0x00000000ecefeaa8,0x00000000ecf00000)
  to   space 5120K, 0% used [0x00000000eee80000,0x00000000eee80000,0x00000000ef380000)
 ParOldGen       total 84992K, used 1751K [0x00000000c0000000, 0x00000000c5300000, 0x00000000eaa80000)
  object space 84992K, 2% used [0x00000000c0000000,0x00000000c01b5ef0,0x00000000c5300000)
 PSPermGen       total 21504K, used 5507K [0x00000000b5a00000, 0x00000000b6f00000, 0x00000000c0000000)
  object space 21504K, 25% used [0x00000000b5a00000,0x00000000b5f60dc0,0x00000000b6f00000)
}
Event: 5.928 GC heap before
{Heap before GC invocations=2 (full 0):
 PSYoungGen      total 37376K, used 37370K [0x00000000eaa80000, 0x00000000ef380000, 0x0000000100000000)
  eden space 32256K, 100% used [0x00000000eaa80000,0x00000000eca00000,0x00000000eca00000)
  from space 5120K, 99% used [0x00000000eca00000,0x00000000ecefeaa8,0x00000000ecf00000)
  to   space 5120K, 0% used [0x00000000eee80000,0x00000000eee80000,0x00000000ef380000)
 ParOldGen       total 84992K, used 1751K [0x00000000c0000000, 0x00000000c5300000, 0x00000000eaa80000)
  object space 84992K, 2% used [0x00000000c0000000,0x00000000c01b5ef0,0x00000000c5300000)
 PSPermGen       total 21504K, used 5577K [0x00000000b5a00000, 0x00000000b6f00000, 0x00000000c0000000)
  object space 21504K, 25% used [0x00000000b5a00000,0x00000000b5f72530,0x00000000b6f00000)
Event: 6.015 GC heap after
Heap after GC invocations=2 (full 0):
 PSYoungGen      total 69632K, used 5119K [0x00000000eaa80000, 0x00000000ef380000, 0x0000000100000000)
  eden space 64512K, 0% used [0x00000000eaa80000,0x00000000eaa80000,0x00000000ee980000)
  from space 5120K, 99% used [0x00000000eee80000,0x00000000ef37fd98,0x00000000ef380000)
  to   space 5120K, 0% used [0x00000000ee980000,0x00000000ee980000,0x00000000eee80000)
 ParOldGen       total 84992K, used 6625K [0x00000000c0000000, 0x00000000c5300000, 0x00000000eaa80000)
  object space 84992K, 7% used [0x00000000c0000000,0x00000000c06787c0,0x00000000c5300000)
 PSPermGen       total 21504K, used 5577K [0x00000000b5a00000, 0x00000000b6f00000, 0x00000000c0000000)
  object space 21504K, 25% used [0x00000000b5a00000,0x00000000b5f72530,0x00000000b6f00000)
}
Event: 7.581 GC heap before
{Heap before GC invocations=3 (full 0):
 PSYoungGen      total 69632K, used 69631K [0x00000000eaa80000, 0x00000000ef380000, 0x0000000100000000)
  eden space 64512K, 100% used [0x00000000eaa80000,0x00000000ee980000,0x00000000ee980000)
  from space 5120K, 99% used [0x00000000eee80000,0x00000000ef37fd98,0x00000000ef380000)
  to   space 5120K, 0% used [0x00000000ee980000,0x00000000ee980000,0x00000000eee80000)
 ParOldGen       total 84992K, used 6625K [0x00000000c0000000, 0x00000000c5300000, 0x00000000eaa80000)
  object space 84992K, 7% used [0x00000000c0000000,0x00000000c06787c0,0x00000000c5300000)
 PSPermGen       total 21504K, used 5635K [0x00000000b5a00000, 0x00000000b6f00000, 0x00000000c0000000)
  object space 21504K, 26% used [0x00000000b5a00000,0x00000000b5f80e10,0x00000000b6f00000)
Event: 7.658 GC heap after
Heap after GC invocations=3 (full 0):
 PSYoungGen      total 69632K, used 5109K [0x00000000eaa80000, 0x00000000f3280000, 0x0000000100000000)
  eden space 64512K, 0% used [0x00000000eaa80000,0x00000000eaa80000,0x00000000ee980000)
  from space 5120K, 99% used [0x00000000ee980000,0x00000000eee7d410,0x00000000eee80000)
  to   space 5120K, 0% used [0x00000000f2d80000,0x00000000f2d80000,0x00000000f3280000)
 ParOldGen       total 84992K, used 16929K [0x00000000c0000000, 0x00000000c5300000, 0x00000000eaa80000)
  object space 84992K, 19% used [0x00000000c0000000,0x00000000c10884a8,0x00000000c5300000)
 PSPermGen       total 21504K, used 5635K [0x00000000b5a00000, 0x00000000b6f00000, 0x00000000c0000000)
  object space 21504K, 26% used [0x00000000b5a00000,0x00000000b5f80e10,0x00000000b6f00000)
}
Event: 8.561 GC heap before
{Heap before GC invocations=4 (full 0):
 PSYoungGen      total 69632K, used 69621K [0x00000000eaa80000, 0x00000000f3280000, 0x0000000100000000)
  eden space 64512K, 100% used [0x00000000eaa80000,0x00000000ee980000,0x00000000ee980000)
  from space 5120K, 99% used [0x00000000ee980000,0x00000000eee7d410,0x00000000eee80000)
  to   space 5120K, 0% used [0x00000000f2d80000,0x00000000f2d80000,0x00000000f3280000)
 ParOldGen       total 84992K, used 16929K [0x00000000c0000000, 0x00000000c5300000, 0x00000000eaa80000)
  object space 84992K, 19% used [0x00000000c0000000,0x00000000c10884a8,0x00000000c5300000)
 PSPermGen       total 21504K, used 5671K [0x00000000b5a00000, 0x00000000b6f00000, 0x00000000c0000000)
  object space 21504K, 26% used [0x00000000b5a00000,0x00000000b5f89d20,0x00000000b6f00000)
Event: 8.624 GC heap after
Heap after GC invocations=4 (full 0):
 PSYoungGen      total 134144K, used 5118K [0x00000000eaa80000, 0x00000000f3280000, 0x0000000100000000)
  eden space 129024K, 0% used [0x00000000eaa80000,0x00000000eaa80000,0x00000000f2880000)
  from space 5120K, 99% used [0x00000000f2d80000,0x00000000f327f920,0x00000000f3280000)
  to   space 5120K, 0% used [0x00000000f2880000,0x00000000f2880000,0x00000000f2d80000)
 ParOldGen       total 84992K, used 27404K [0x00000000c0000000, 0x00000000c5300000, 0x00000000eaa80000)
  object space 84992K, 32% used [0x00000000c0000000,0x00000000c1ac3120,0x00000000c5300000)
 PSPermGen       total 21504K, used 5671K [0x00000000b5a00000, 0x00000000b6f00000, 0x00000000c0000000)
  object space 21504K, 26% used [0x00000000b5a00000,0x00000000b5f89d20,0x00000000b6f00000)
}
Event: 9.629 GC heap before
{Heap before GC invocations=5 (full 0):
 PSYoungGen      total 134144K, used 134142K [0x00000000eaa80000, 0x00000000f3280000, 0x0000000100000000)
  eden space 129024K, 100% used [0x00000000eaa80000,0x00000000f2880000,0x00000000f2880000)
  from space 5120K, 99% used [0x00000000f2d80000,0x00000000f327f920,0x00000000f3280000)
  to   space 5120K, 0% used [0x00000000f2880000,0x00000000f2880000,0x00000000f2d80000)
 ParOldGen       total 84992K, used 27404K [0x00000000c0000000, 0x00000000c5300000, 0x00000000eaa80000)
  object space 84992K, 32% used [0x00000000c0000000,0x00000000c1ac3120,0x00000000c5300000)
 PSPermGen       total 21504K, used 5702K [0x00000000b5a00000, 0x00000000b6f00000, 0x00000000c0000000)
  object space 21504K, 26% used [0x00000000b5a00000,0x00000000b5f919e0,0x00000000b6f00000)

Deoptimization events (10 events):
Event: 7.805 Thread 0x00007fe324008800 Uncommon trap: reason=class_check action=maybe_recompile pc=0x00007fe320d8fe08 method=com.android.dx.cf.code.RopperMachine.run(Lcom/android/dx/cf/code/Frame;II)V @ 310
Event: 7.952 Thread 0x00007fe324008800 Uncommon trap: reason=null_check action=make_not_entrant pc=0x00007fe320e112f8 method=com.android.dx.cf.code.Ropper$CatchInfo.getSetup(Lcom/android/dx/rop/type/Type;)Lcom/android/dx/cf/code/Ropper$ExceptionHandlerSetup; @ 10
Event: 8.064 Thread 0x00007fe324008800 Uncommon trap: reason=null_check action=make_not_entrant pc=0x00007fe320d065e8 method=com.android.dx.dex.file.FieldIdsSection.intern(Lcom/android/dx/rop/cst/CstFieldRef;)Lcom/android/dx/dex/file/FieldIdItem; @ 26
Event: 8.100 Thread 0x00007fe324008800 Uncommon trap: reason=class_check action=maybe_recompile pc=0x00007fe320d8fe08 method=com.android.dx.cf.code.RopperMachine.run(Lcom/android/dx/cf/code/Frame;II)V @ 310
Event: 8.101 Thread 0x00007fe324008800 Uncommon trap: reason=class_check action=maybe_recompile pc=0x00007fe320d8fe08 method=com.android.dx.cf.code.RopperMachine.run(Lcom/android/dx/cf/code/Frame;II)V @ 310
Event: 8.460 Thread 0x00007fe324008800 Uncommon trap: reason=bimorphic action=maybe_recompile pc=0x00007fe320de2e78 method=com.android.dx.cf.code.BytecodeArray.parseInstruction(ILcom/android/dx/cf/code/BytecodeArray$Visitor;)I @ 971
Event: 8.460 Thread 0x00007fe324008800 Uncommon trap: reason=bimorphic action=maybe_recompile pc=0x00007fe320de2e78 method=com.android.dx.cf.code.BytecodeArray.parseInstruction(ILcom/android/dx/cf/code/BytecodeArray$Visitor;)I @ 971
Event: 8.472 Thread 0x00007fe324008800 Uncommon trap: reason=unreached action=reinterpret pc=0x00007fe320e44dc4 method=com.android.dx.cf.code.RopperMachine.run(Lcom/android/dx/cf/code/Frame;II)V @ 1500
Event: 8.515 Thread 0x00007fe324008800 Uncommon trap: reason=unreached action=reinterpret pc=0x00007fe320cc31c0 method=com.android.dx.cf.cst.ConstantPoolParser.parse()V @ 124
Event: 9.271 Thread 0x00007fe324008800 Uncommon trap: reason=null_check action=make_not_entrant pc=0x00007fe320e88dc8 method=com.android.dx.rop.cst.CstType.intern(Lcom/android/dx/rop/type/Type;)Lcom/android/dx/rop/cst/CstType; @ 13

Internal exceptions (10 events):
Event: 5.615 Thread 0x00007fe324008800 Threw 0x00000000ec33e728 at /build/java7-openjdk/src/icedtea-2.5.4/openjdk/hotspot/src/share/vm/prims/jvm.cpp:1284
Event: 5.616 Thread 0x00007fe324008800 Threw 0x00000000ec340480 at /build/java7-openjdk/src/icedtea-2.5.4/openjdk/hotspot/src/share/vm/prims/jvm.cpp:1284
Event: 5.621 Thread 0x00007fe324008800 Threw 0x00000000ec348e48 at /build/java7-openjdk/src/icedtea-2.5.4/openjdk/hotspot/src/share/vm/prims/jvm.cpp:1284
Event: 5.621 Thread 0x00007fe324008800 Threw 0x00000000ec34ad78 at /build/java7-openjdk/src/icedtea-2.5.4/openjdk/hotspot/src/share/vm/prims/jvm.cpp:1284
Event: 6.671 Thread 0x00007fe324008800 Threw 0x00000000ec3b7090 at /build/java7-openjdk/src/icedtea-2.5.4/openjdk/hotspot/src/share/vm/prims/jvm.cpp:1284
Event: 6.732 Thread 0x00007fe324008800 Threw 0x00000000ec5a1f98 at /build/java7-openjdk/src/icedtea-2.5.4/openjdk/hotspot/src/share/vm/prims/jvm.cpp:1284
Event: 6.848 Thread 0x00007fe324008800 Implicit null exception at 0x00007fe320d7fef8 to 0x00007fe320d7fff9
Event: 7.952 Thread 0x00007fe324008800 Implicit null exception at 0x00007fe320e0cef5 to 0x00007fe320e112b9
Event: 8.559 Thread 0x00007fe324008800 Threw 0x00000000ee95ca78 at /build/java7-openjdk/src/icedtea-2.5.4/openjdk/hotspot/src/share/vm/prims/jvm.cpp:1284
Event: 9.271 Thread 0x00007fe324008800 Implicit null exception at 0x00007fe320e86a37 to 0x00007fe320e88dbd

Events (10 events):
Event: 8.559 loading class 0x00007fe3242197e0
Event: 8.559 loading class 0x00007fe3242197e0 done
Event: 8.561 Executing VM operation: ParallelGCFailedAllocation
Event: 8.624 Executing VM operation: ParallelGCFailedAllocation done
Event: 8.635 Thread 0x00007fe3241b5000 flushing nmethod 0x00007fe320cab7d0
Event: 8.640 Thread 0x00007fe3241b5000 flushing nmethod 0x00007fe320d52590
Event: 9.271 Thread 0x00007fe324008800 Uncommon trap: trap_request=0xfffffff4 fr.pc=0x00007fe320e88dc8
Event: 9.271 Thread 0x00007fe324008800 DEOPT PACKING pc=0x00007fe320e88dc8 sp=0x00007fe32aacbe00
Event: 9.271 Thread 0x00007fe324008800 DEOPT UNPACKING pc=0x00007fe320c21045 sp=0x00007fe32aacbcf8 mode 2
Event: 9.627 Executing VM operation: ParallelGCFailedAllocation


Dynamic libraries:
00400000-00401000 r-xp 00000000 08:14 406396                             /usr/lib/jvm/java-7-openjdk/jre/bin/java
00600000-00601000 rw-p 00000000 08:14 406396                             /usr/lib/jvm/java-7-openjdk/jre/bin/java
01038000-01059000 rw-p 00000000 00:00 0                                  [heap]
b5a00000-b6f00000 rw-p 00000000 00:00 0 
b6f00000-c0000000 rw-p 00000000 00:00 0 
c0000000-c5300000 rw-p 00000000 00:00 0 
c5300000-eaa80000 rw-p 00000000 00:00 0 
eaa80000-f3280000 rw-p 00000000 00:00 0 
fd880000-100000000 rw-p 00000000 00:00 0 
7fe2dc000000-7fe2dc021000 rw-p 00000000 00:00 0 
7fe2dc021000-7fe2e0000000 ---p 00000000 00:00 0 
7fe2e4000000-7fe2e4e9e000 rw-p 00000000 00:00 0 
7fe2e4e9e000-7fe2e8000000 ---p 00000000 00:00 0 
7fe2e8000000-7fe2e8021000 rw-p 00000000 00:00 0 
7fe2e8021000-7fe2ec000000 ---p 00000000 00:00 0 
7fe2ec000000-7fe2ed405000 rw-p 00000000 00:00 0 
7fe2ed405000-7fe2f0000000 ---p 00000000 00:00 0 
7fe2f0000000-7fe2f0021000 rw-p 00000000 00:00 0 
7fe2f0021000-7fe2f4000000 ---p 00000000 00:00 0 
7fe2f4000000-7fe2f4021000 rw-p 00000000 00:00 0 
7fe2f4021000-7fe2f8000000 ---p 00000000 00:00 0 
7fe2f8000000-7fe2f8021000 rw-p 00000000 00:00 0 
7fe2f8021000-7fe2fc000000 ---p 00000000 00:00 0 
7fe2fc000000-7fe2fc021000 rw-p 00000000 00:00 0 
7fe2fc021000-7fe300000000 ---p 00000000 00:00 0 
7fe3022c0000-7fe3022d4000 r-xp 00000000 08:14 264991                     /usr/lib/libresolv-2.21.so
7fe3022d4000-7fe3024d3000 ---p 00014000 08:14 264991                     /usr/lib/libresolv-2.21.so
7fe3024d3000-7fe3024d4000 r--p 00013000 08:14 264991                     /usr/lib/libresolv-2.21.so
7fe3024d4000-7fe3024d5000 rw-p 00014000 08:14 264991                     /usr/lib/libresolv-2.21.so
7fe3024d5000-7fe3024d7000 rw-p 00000000 00:00 0 
7fe3024d8000-7fe302546000 r-xp 00000000 08:14 272888                     /usr/lib/libpcre.so.1.2.4
7fe302546000-7fe302745000 ---p 0006e000 08:14 272888                     /usr/lib/libpcre.so.1.2.4
7fe302745000-7fe302746000 r--p 0006d000 08:14 272888                     /usr/lib/libpcre.so.1.2.4
7fe302746000-7fe302747000 rw-p 0006e000 08:14 272888                     /usr/lib/libpcre.so.1.2.4
7fe302748000-7fe30274b000 r-xp 00000000 08:14 314903                     /usr/lib/libgmodule-2.0.so.0.4200.2
7fe30274b000-7fe30294a000 ---p 00003000 08:14 314903                     /usr/lib/libgmodule-2.0.so.0.4200.2
7fe30294a000-7fe30294b000 r--p 00002000 08:14 314903                     /usr/lib/libgmodule-2.0.so.0.4200.2
7fe30294b000-7fe30294c000 rw-p 00003000 08:14 314903                     /usr/lib/libgmodule-2.0.so.0.4200.2
7fe302950000-7fe302958000 r-xp 00000000 08:14 273017                     /usr/lib/libffi.so.6.0.4
7fe302958000-7fe302b57000 ---p 00008000 08:14 273017                     /usr/lib/libffi.so.6.0.4
7fe302b57000-7fe302b58000 r--p 00007000 08:14 273017                     /usr/lib/libffi.so.6.0.4
7fe302b58000-7fe302b59000 rw-p 00008000 08:14 273017                     /usr/lib/libffi.so.6.0.4
7fe302b60000-7fe302c6c000 r-xp 00000000 08:14 310843                     /usr/lib/libglib-2.0.so.0.4200.2
7fe302c6c000-7fe302e6b000 ---p 0010c000 08:14 310843                     /usr/lib/libglib-2.0.so.0.4200.2
7fe302e6b000-7fe302e6c000 r--p 0010b000 08:14 310843                     /usr/lib/libglib-2.0.so.0.4200.2
7fe302e6c000-7fe302e6d000 rw-p 0010c000 08:14 310843                     /usr/lib/libglib-2.0.so.0.4200.2
7fe302e6d000-7fe302e6e000 rw-p 00000000 00:00 0 
7fe302e70000-7fe302ebf000 r-xp 00000000 08:14 314905                     /usr/lib/libgobject-2.0.so.0.4200.2
7fe302ebf000-7fe3030bf000 ---p 0004f000 08:14 314905                     /usr/lib/libgobject-2.0.so.0.4200.2
7fe3030bf000-7fe3030c0000 r--p 0004f000 08:14 314905                     /usr/lib/libgobject-2.0.so.0.4200.2
7fe3030c0000-7fe3030c1000 rw-p 00050000 08:14 314905                     /usr/lib/libgobject-2.0.so.0.4200.2
7fe3030c8000-7fe303237000 r-xp 00000000 08:14 314906                     /usr/lib/libgio-2.0.so.0.4200.2
7fe303237000-7fe303436000 ---p 0016f000 08:14 314906                     /usr/lib/libgio-2.0.so.0.4200.2
7fe303436000-7fe30343a000 r--p 0016e000 08:14 314906                     /usr/lib/libgio-2.0.so.0.4200.2
7fe30343a000-7fe30343c000 rw-p 00172000 08:14 314906                     /usr/lib/libgio-2.0.so.0.4200.2
7fe30343c000-7fe30343e000 rw-p 00000000 00:00 0 
7fe303440000-7fe303457000 r-xp 00000000 08:14 663906                     /usr/lib/jvm/java-7-openjdk/jre/lib/amd64/libnet.so
7fe303457000-7fe303656000 ---p 00017000 08:14 663906                     /usr/lib/jvm/java-7-openjdk/jre/lib/amd64/libnet.so
7fe303656000-7fe303657000 rw-p 00016000 08:14 663906                     /usr/lib/jvm/java-7-openjdk/jre/lib/amd64/libnet.so
7fe303658000-7fe303668000 r-xp 00000000 08:14 663907                     /usr/lib/jvm/java-7-openjdk/jre/lib/amd64/libnio.so
7fe303668000-7fe303868000 ---p 00010000 08:14 663907                     /usr/lib/jvm/java-7-openjdk/jre/lib/amd64/libnio.so
7fe303868000-7fe303869000 rw-p 00010000 08:14 663907                     /usr/lib/jvm/java-7-openjdk/jre/lib/amd64/libnio.so
7fe30386b000-7fe30386c000 ---p 00000000 00:00 0 
7fe30386c000-7fe30396c000 rw-p 00000000 00:00 0                          [stack:4675]
7fe30396c000-7fe30396f000 ---p 00000000 00:00 0 
7fe30396f000-7fe303a6d000 rw-p 00000000 00:00 0                          [stack:4674]
7fe303a6d000-7fe303a70000 ---p 00000000 00:00 0 
7fe303a70000-7fe303b6e000 rw-p 00000000 00:00 0                          [stack:4672]
7fe303b6e000-7fe303b71000 ---p 00000000 00:00 0 
7fe303b71000-7fe303c6f000 rw-p 00000000 00:00 0                          [stack:4669]
7fe303c6f000-7fe303c72000 ---p 00000000 00:00 0 
7fe303c72000-7fe303d70000 rw-p 00000000 00:00 0                          [stack:4662]
7fe303d70000-7fe303efa000 r--p 00000000 08:14 311179                     /usr/lib/locale/locale-archive
7fe303eff000-7fe303f02000 ---p 00000000 00:00 0 
7fe303f02000-7fe304000000 rw-p 00000000 00:00 0                          [stack:4651]
7fe304000000-7fe304021000 rw-p 00000000 00:00 0 
7fe304021000-7fe308000000 ---p 00000000 00:00 0 
7fe308000000-7fe308021000 rw-p 00000000 00:00 0 
7fe308021000-7fe30c000000 ---p 00000000 00:00 0 
7fe30c000000-7fe30c021000 rw-p 00000000 00:00 0 
7fe30c021000-7fe310000000 ---p 00000000 00:00 0 
7fe310000000-7fe310021000 rw-p 00000000 00:00 0 
7fe310021000-7fe314000000 ---p 00000000 00:00 0 
7fe314000000-7fe314021000 rw-p 00000000 00:00 0 
7fe314021000-7fe318000000 ---p 00000000 00:00 0 
7fe318000000-7fe318021000 rw-p 00000000 00:00 0 
7fe318021000-7fe31c000000 ---p 00000000 00:00 0 
7fe31c066000-7fe31c074000 r--s 000ce000 08:13 1187623                    /home/robin/AndroidStudioProjects/be.robinj.ubuntu/UbuntuLauncher/app/libs/libGoogleAnalyticsServices.jar
7fe31c07b000-7fe31c07e000 ---p 00000000 00:00 0 
7fe31c07e000-7fe31c17c000 rw-p 00000000 00:00 0                          [stack:4645]
7fe31c17c000-7fe31c17d000 ---p 00000000 00:00 0 
7fe31c17d000-7fe31d7db000 rw-p 00000000 00:00 0                          [stack:4638]
7fe31d7db000-7fe31d98c000 r--s 01d23000 08:14 406372                     /usr/lib/jvm/java-7-openjdk/jre/lib/rt.jar
7fe31d991000-7fe3201e5000 rw-p 00000000 00:00 0 
7fe3201e5000-7fe3201e6000 ---p 00000000 00:00 0 
7fe3201e6000-7fe3202e6000 rw-p 00000000 00:00 0                          [stack:4623]
7fe3202e6000-7fe3202e7000 ---p 00000000 00:00 0 
7fe3202e7000-7fe3203e7000 rw-p 00000000 00:00 0                          [stack:4621]
7fe3203e7000-7fe3203e8000 ---p 00000000 00:00 0 
7fe3203e8000-7fe3204e8000 rw-p 00000000 00:00 0                          [stack:4609]
7fe3204e8000-7fe3204e9000 ---p 00000000 00:00 0 
7fe3204e9000-7fe3205e9000 rw-p 00000000 00:00 0                          [stack:4608]
7fe3205e9000-7fe3205ea000 ---p 00000000 00:00 0 
7fe3205ea000-7fe3206ea000 rw-p 00000000 00:00 0                          [stack:4607]
7fe3206ea000-7fe3206eb000 ---p 00000000 00:00 0 
7fe3206eb000-7fe3207f6000 rw-p 00000000 00:00 0                          [stack:4598]
7fe3207f6000-7fe32083e000 rw-p 00000000 00:00 0 
7fe32083e000-7fe320868000 rw-p 00000000 00:00 0 
7fe320868000-7fe320994000 rw-p 00000000 00:00 0 
7fe320994000-7fe32099f000 rw-p 00000000 00:00 0 
7fe32099f000-7fe3209e7000 rw-p 00000000 00:00 0 
7fe3209e7000-7fe320a11000 rw-p 00000000 00:00 0 
7fe320a11000-7fe320b3c000 rw-p 00000000 00:00 0 
7fe320b3c000-7fe320b81000 rw-p 00000000 00:00 0 
7fe320b81000-7fe320be7000 rw-p 00000000 00:00 0 
7fe320be7000-7fe320be8000 rw-p 00000000 00:00 0 
7fe320be8000-7fe320eb8000 rwxp 00000000 00:00 0 
7fe320eb8000-7fe323be8000 rw-p 00000000 00:00 0 
7fe323be8000-7fe323bf0000 r-xp 00000000 08:14 663905                     /usr/lib/jvm/java-7-openjdk/jre/lib/amd64/libzip.so
7fe323bf0000-7fe323def000 ---p 00008000 08:14 663905                     /usr/lib/jvm/java-7-openjdk/jre/lib/amd64/libzip.so
7fe323def000-7fe323df0000 rw-p 00007000 08:14 663905                     /usr/lib/jvm/java-7-openjdk/jre/lib/amd64/libzip.so
7fe323df0000-7fe323dfb000 r-xp 00000000 08:14 264997                     /usr/lib/libnss_files-2.21.so
7fe323dfb000-7fe323ffb000 ---p 0000b000 08:14 264997                     /usr/lib/libnss_files-2.21.so
7fe323ffb000-7fe323ffc000 r--p 0000b000 08:14 264997                     /usr/lib/libnss_files-2.21.so
7fe323ffc000-7fe323ffd000 rw-p 0000c000 08:14 264997                     /usr/lib/libnss_files-2.21.so
7fe324000000-7fe32430f000 rw-p 00000000 00:00 0 
7fe32430f000-7fe328000000 ---p 00000000 00:00 0 
7fe328000000-7fe328001000 r--p 00000000 08:14 264883                     /usr/share/locale/en_GB/LC_MESSAGES/libc.mo
7fe328008000-7fe328034000 r-xp 00000000 08:14 663904                     /usr/lib/jvm/java-7-openjdk/jre/lib/amd64/libjava.so
7fe328034000-7fe328233000 ---p 0002c000 08:14 663904                     /usr/lib/jvm/java-7-openjdk/jre/lib/amd64/libjava.so
7fe328233000-7fe328235000 rw-p 0002b000 08:14 663904                     /usr/lib/jvm/java-7-openjdk/jre/lib/amd64/libjava.so
7fe328238000-7fe328245000 r-xp 00000000 08:14 663903                     /usr/lib/jvm/java-7-openjdk/jre/lib/amd64/libverify.so
7fe328245000-7fe328444000 ---p 0000d000 08:14 663903                     /usr/lib/jvm/java-7-openjdk/jre/lib/amd64/libverify.so
7fe328444000-7fe328446000 rw-p 0000c000 08:14 663903                     /usr/lib/jvm/java-7-openjdk/jre/lib/amd64/libverify.so
7fe328448000-7fe32844f000 r-xp 00000000 08:14 265046                     /usr/lib/librt-2.21.so
7fe32844f000-7fe32864e000 ---p 00007000 08:14 265046                     /usr/lib/librt-2.21.so
7fe32864e000-7fe32864f000 r--p 00006000 08:14 265046                     /usr/lib/librt-2.21.so
7fe32864f000-7fe328650000 rw-p 00007000 08:14 265046                     /usr/lib/librt-2.21.so
7fe328650000-7fe328666000 r-xp 00000000 08:14 264920                     /usr/lib/libgcc_s.so.1
7fe328666000-7fe328865000 ---p 00016000 08:14 264920                     /usr/lib/libgcc_s.so.1
7fe328865000-7fe328866000 rw-p 00015000 08:14 264920                     /usr/lib/libgcc_s.so.1
7fe328868000-7fe32896b000 r-xp 00000000 08:14 265079                     /usr/lib/libm-2.21.so
7fe32896b000-7fe328b6b000 ---p 00103000 08:14 265079                     /usr/lib/libm-2.21.so
7fe328b6b000-7fe328b6c000 r--p 00103000 08:14 265079                     /usr/lib/libm-2.21.so
7fe328b6c000-7fe328b6d000 rw-p 00104000 08:14 265079                     /usr/lib/libm-2.21.so
7fe328b70000-7fe328c60000 r-xp 00000000 08:14 274048                     /usr/lib/libstdc++.so.6.0.20
7fe328c60000-7fe328e60000 ---p 000f0000 08:14 274048                     /usr/lib/libstdc++.so.6.0.20
7fe328e60000-7fe328e68000 r--p 000f0000 08:14 274048                     /usr/lib/libstdc++.so.6.0.20
7fe328e68000-7fe328e6a000 rw-p 000f8000 08:14 274048                     /usr/lib/libstdc++.so.6.0.20
7fe328e6a000-7fe328e7f000 rw-p 00000000 00:00 0 
7fe328e80000-7fe3299ca000 r-xp 00000000 08:14 663937                     /usr/lib/jvm/java-7-openjdk/jre/lib/amd64/server/libjvm.so
7fe3299ca000-7fe329bca000 ---p 00b4a000 08:14 663937                     /usr/lib/jvm/java-7-openjdk/jre/lib/amd64/server/libjvm.so
7fe329bca000-7fe329c8c000 rw-p 00b4a000 08:14 663937                     /usr/lib/jvm/java-7-openjdk/jre/lib/amd64/server/libjvm.so
7fe329c8c000-7fe329cb8000 rw-p 00000000 00:00 0 
7fe329cb8000-7fe329ccd000 r-xp 00000000 08:14 267949                     /usr/lib/libz.so.1.2.8
7fe329ccd000-7fe329ecc000 ---p 00015000 08:14 267949                     /usr/lib/libz.so.1.2.8
7fe329ecc000-7fe329ecd000 r--p 00014000 08:14 267949                     /usr/lib/libz.so.1.2.8
7fe329ecd000-7fe329ece000 rw-p 00015000 08:14 267949                     /usr/lib/libz.so.1.2.8
7fe329ed0000-7fe32a069000 r-xp 00000000 08:14 265018                     /usr/lib/libc-2.21.so
7fe32a069000-7fe32a269000 ---p 00199000 08:14 265018                     /usr/lib/libc-2.21.so
7fe32a269000-7fe32a26d000 r--p 00199000 08:14 265018                     /usr/lib/libc-2.21.so
7fe32a26d000-7fe32a26f000 rw-p 0019d000 08:14 265018                     /usr/lib/libc-2.21.so
7fe32a26f000-7fe32a273000 rw-p 00000000 00:00 0 
7fe32a278000-7fe32a27a000 r-xp 00000000 08:14 265057                     /usr/lib/libdl-2.21.so
7fe32a27a000-7fe32a47a000 ---p 00002000 08:14 265057                     /usr/lib/libdl-2.21.so
7fe32a47a000-7fe32a47b000 r--p 00002000 08:14 265057                     /usr/lib/libdl-2.21.so
7fe32a47b000-7fe32a47c000 rw-p 00003000 08:14 265057                     /usr/lib/libdl-2.21.so
7fe32a480000-7fe32a48d000 r-xp 00000000 08:14 663933                     /usr/lib/jvm/java-7-openjdk/jre/lib/amd64/jli/libjli.so
7fe32a48d000-7fe32a68c000 ---p 0000d000 08:14 663933                     /usr/lib/jvm/java-7-openjdk/jre/lib/amd64/jli/libjli.so
7fe32a68c000-7fe32a68d000 rw-p 0000c000 08:14 663933                     /usr/lib/jvm/java-7-openjdk/jre/lib/amd64/jli/libjli.so
7fe32a690000-7fe32a6a8000 r-xp 00000000 08:14 265045                     /usr/lib/libpthread-2.21.so
7fe32a6a8000-7fe32a8a7000 ---p 00018000 08:14 265045                     /usr/lib/libpthread-2.21.so
7fe32a8a7000-7fe32a8a8000 r--p 00017000 08:14 265045                     /usr/lib/libpthread-2.21.so
7fe32a8a8000-7fe32a8a9000 rw-p 00018000 08:14 265045                     /usr/lib/libpthread-2.21.so
7fe32a8a9000-7fe32a8ad000 rw-p 00000000 00:00 0 
7fe32a8b0000-7fe32a8d2000 r-xp 00000000 08:14 265075                     /usr/lib/ld-2.21.so
7fe32a8d4000-7fe32a8e2000 r--s 000b4000 08:14 933170                     /opt/android-sdk/build-tools/20.0.0/lib/dx.jar
7fe32a8e8000-7fe32a90c000 rw-p 00000000 00:00 0 
7fe32a90c000-7fe32a9c0000 rw-p 00000000 00:00 0 
7fe32a9c0000-7fe32a9c8000 rw-s 00000000 00:20 836253                     /tmp/hsperfdata_robin/4549
7fe32a9ca000-7fe32a9cc000 rw-p 00000000 00:00 0 
7fe32a9cc000-7fe32a9cd000 ---p 00000000 00:00 0 
7fe32a9cd000-7fe32a9d0000 ---p 00000000 00:00 0 
7fe32a9d0000-7fe32aad1000 rw-p 00000000 00:00 0                          [stack:4596]
7fe32aad1000-7fe32aad2000 r--p 00021000 08:14 265075                     /usr/lib/ld-2.21.so
7fe32aad2000-7fe32aad3000 rw-p 00022000 08:14 265075                     /usr/lib/ld-2.21.so
7fe32aad3000-7fe32aad5000 rw-p 00000000 00:00 0 
7fe32aad5000-7fe32aad6000 rw-p 00000000 00:00 0 
7ffeb99e4000-7ffeb9a05000 rw-p 00000000 00:00 0                          [stack]
7ffeb9ad0000-7ffeb9ad2000 r--p 00000000 00:00 0                          [vvar]
7ffeb9ad2000-7ffeb9ad4000 r-xp 00000000 00:00 0                          [vdso]
ffffffffff600000-ffffffffff601000 r-xp 00000000 00:00 0                  [vsyscall]

VM Arguments:
jvm_args: -Xmx1024M 
java_command: /opt/android-sdk/build-tools/20.0.0/lib/dx.jar --dex --output /home/robin/AndroidStudioProjects/be.robinj.ubuntu/UbuntuLauncher/app/build/intermediates/pre-dexed/debug/libGoogleAnalyticsServices-7eb596eb2f9bbba73330b5f1f817fa02bdd8b743.jar /home/robin/AndroidStudioProjects/be.robinj.ubuntu/UbuntuLauncher/app/libs/libGoogleAnalyticsServices.jar
Launcher Type: SUN_STANDARD

Environment Variables:
CLASSPATH=/opt/android-studio/bin/../lib/bootstrap.jar:/opt/android-studio/bin/../lib/extensions.jar:/opt/android-studio/bin/../lib/util.jar:/opt/android-studio/bin/../lib/jdom.jar:/opt/android-studio/bin/../lib/log4j.jar:/opt/android-studio/bin/../lib/trove4j.jar:/opt/android-studio/bin/../lib/jna.jar:/usr/lib/jvm/java-7-openjdk/lib/tools.jar
PATH=/usr/local/sbin:/usr/local/bin:/usr/bin:/opt/android-sdk/tools:/usr/lib/jvm/default/bin:/usr/bin/site_perl:/usr/bin/vendor_perl:/usr/bin/core_perl
LD_LIBRARY_PATH=/opt/android-studio/bin:
SHELL=/bin/bash
DISPLAY=:0

Signal Handlers:
SIGSEGV: [libjvm.so+0x97eaa0], sa_mask[0]=0x7ffbfeff, sa_flags=0x10000004
SIGBUS: [libjvm.so+0x97eaa0], sa_mask[0]=0x7ffbfeff, sa_flags=0x10000004
SIGFPE: [libjvm.so+0x7ece30], sa_mask[0]=0x7ffbfeff, sa_flags=0x10000004
SIGPIPE: [libjvm.so+0x7ece30], sa_mask[0]=0x7ffbfeff, sa_flags=0x10000004
SIGXFSZ: [libjvm.so+0x7ece30], sa_mask[0]=0x7ffbfeff, sa_flags=0x10000004
SIGILL: [libjvm.so+0x7ece30], sa_mask[0]=0x7ffbfeff, sa_flags=0x10000004
SIGUSR1: SIG_DFL, sa_mask[0]=0x00000000, sa_flags=0x00000000
SIGUSR2: [libjvm.so+0x7eccb0], sa_mask[0]=0x00000004, sa_flags=0x10000004
SIGHUP: [libjvm.so+0x7eceb0], sa_mask[0]=0x7ffbfeff, sa_flags=0x10000004
SIGINT: [libjvm.so+0x7eceb0], sa_mask[0]=0x7ffbfeff, sa_flags=0x10000004
SIGTERM: [libjvm.so+0x7eceb0], sa_mask[0]=0x7ffbfeff, sa_flags=0x10000004
SIGQUIT: [libjvm.so+0x7eceb0], sa_mask[0]=0x7ffbfeff, sa_flags=0x10000004
SIGTRAP: SIG_DFL, sa_mask[0]=0x00000000, sa_flags=0x00000000


---------------  S Y S T E M  ---------------

OS:Linux
uname:Linux 3.19.2-1-ARCH #1 SMP PREEMPT Wed Mar 18 16:21:02 CET 2015 x86_64
libc:glibc 2.21 NPTL 2.21 
rlimit: STACK 8192k, CORE 0k, NPROC 31610, NOFILE 4096, AS infinity
load average:5.39 2.93 2.17

/proc/meminfo:
MemTotal:        8163844 kB
MemFree:          152884 kB
MemAvailable:     132028 kB
Buffers:            1356 kB
Cached:           110828 kB
SwapCached:            0 kB
Active:          4247088 kB
Inactive:          77328 kB
Active(anon):    4222752 kB
Inactive(anon):    58124 kB
Active(file):      24336 kB
Inactive(file):    19204 kB
Unevictable:         100 kB
Mlocked:             100 kB
SwapTotal:             0 kB
SwapFree:              0 kB
Dirty:               116 kB
Writeback:           128 kB
AnonPages:       4213320 kB
Mapped:          3483036 kB
Shmem:             67548 kB
Slab:             153468 kB
SReclaimable:      83688 kB
SUnreclaim:        69780 kB
KernelStack:       11552 kB
PageTables:        54360 kB
NFS_Unstable:          0 kB
Bounce:                0 kB
WritebackTmp:          0 kB
CommitLimit:     4081920 kB
Committed_AS:   13175332 kB
VmallocTotal:   34359738367 kB
VmallocUsed:      361440 kB
VmallocChunk:   34359374244 kB
HardwareCorrupted:     0 kB
AnonHugePages:   1222656 kB
HugePages_Total:       0
HugePages_Free:        0
HugePages_Rsvd:        0
HugePages_Surp:        0
Hugepagesize:       2048 kB
DirectMap4k:     2235904 kB
DirectMap2M:     6135808 kB
DirectMap1G:     1048576 kB


CPU:total 6 (6 cores per cpu, 1 threads per core) family 21 model 1 stepping 2, cmov, cx8, fxsr, mmx, sse, sse2, sse3, ssse3, sse4.1, sse4.2, popcnt, avx, aes, mmxext, 3dnowpref, lzcnt, sse4a, tsc, tscinvbit, tscinv

/proc/cpuinfo:
processor	: 0
vendor_id	: AuthenticAMD
cpu family	: 21
model		: 1
model name	: AMD FX(tm)-6100 Six-Core Processor
stepping	: 2
microcode	: 0x600063d
cpu MHz		: 3300.000
cache size	: 2048 KB
physical id	: 0
siblings	: 6
core id		: 0
cpu cores	: 3
apicid		: 16
initial apicid	: 0
fpu		: yes
fpu_exception	: yes
cpuid level	: 13
wp		: yes
flags		: fpu vme de pse tsc msr pae mce cx8 apic sep mtrr pge mca cmov pat pse36 clflush mmx fxsr sse sse2 ht syscall nx mmxext fxsr_opt pdpe1gb rdtscp lm constant_tsc rep_good nopl nonstop_tsc extd_apicid aperfmperf pni pclmulqdq monitor ssse3 cx16 sse4_1 sse4_2 popcnt aes xsave avx lahf_lm cmp_legacy svm extapic cr8_legacy abm sse4a misalignsse 3dnowprefetch osvw ibs xop skinit wdt lwp fma4 nodeid_msr topoext perfctr_core perfctr_nb arat cpb hw_pstate npt lbrv svm_lock nrip_save tsc_scale vmcb_clean flushbyasid decodeassists pausefilter pfthreshold vmmcall
bugs		: fxsave_leak
bogomips	: 6632.72
TLB size	: 1536 4K pages
clflush size	: 64
cache_alignment	: 64
address sizes	: 48 bits physical, 48 bits virtual
power management: ts ttp tm 100mhzsteps hwpstate cpb

processor	: 1
vendor_id	: AuthenticAMD
cpu family	: 21
model		: 1
model name	: AMD FX(tm)-6100 Six-Core Processor             
stepping	: 2
microcode	: 0x600063d
cpu MHz		: 3000.000
cache size	: 2048 KB
physical id	: 0
siblings	: 6
core id		: 1
cpu cores	: 3
apicid		: 17
initial apicid	: 1
fpu		: yes
fpu_exception	: yes
cpuid level	: 13
wp		: yes
flags		: fpu vme de pse tsc msr pae mce cx8 apic sep mtrr pge mca cmov pat pse36 clflush mmx fxsr sse sse2 ht syscall nx mmxext fxsr_opt pdpe1gb rdtscp lm constant_tsc rep_good nopl nonstop_tsc extd_apicid aperfmperf pni pclmulqdq monitor ssse3 cx16 sse4_1 sse4_2 popcnt aes xsave avx lahf_lm cmp_legacy svm extapic cr8_legacy abm sse4a misalignsse 3dnowprefetch osvw ibs xop skinit wdt lwp fma4 nodeid_msr topoext perfctr_core perfctr_nb arat cpb hw_pstate npt lbrv svm_lock nrip_save tsc_scale vmcb_clean flushbyasid decodeassists pausefilter pfthreshold vmmcall
bugs		: fxsave_leak
bogomips	: 6632.72
TLB size	: 1536 4K pages
clflush size	: 64
cache_alignment	: 64
address sizes	: 48 bits physical, 48 bits virtual
power management: ts ttp tm 100mhzsteps hwpstate cpb

processor	: 2
vendor_id	: AuthenticAMD
cpu family	: 21
model		: 1
model name	: AMD FX(tm)-6100 Six-Core Processor             
stepping	: 2
microcode	: 0x600063d
cpu MHz		: 3300.000
cache size	: 2048 KB
physical id	: 0
siblings	: 6
core id		: 2
cpu cores	: 3
apicid		: 18
initial apicid	: 2
fpu		: yes
fpu_exception	: yes
cpuid level	: 13
wp		: yes
flags		: fpu vme de pse tsc msr pae mce cx8 apic sep mtrr pge mca cmov pat pse36 clflush mmx fxsr sse sse2 ht syscall nx mmxext fxsr_opt pdpe1gb rdtscp lm constant_tsc rep_good nopl nonstop_tsc extd_apicid aperfmperf pni pclmulqdq monitor ssse3 cx16 sse4_1 sse4_2 popcnt aes xsave avx lahf_lm cmp_legacy svm extapic cr8_legacy abm sse4a misalignsse 3dnowprefetch osvw ibs xop skinit wdt lwp fma4 nodeid_msr topoext perfctr_core perfctr_nb arat cpb hw_pstate npt lbrv svm_lock nrip_save tsc_scale vmcb_clean flushbyasid decodeassists pausefilter pfthreshold vmmcall
bugs		: fxsave_leak
bogomips	: 6632.72
TLB size	: 1536 4K pages
clflush size	: 64
cache_alignment	: 64
address sizes	: 48 bits physical, 48 bits virtual
power management: ts ttp tm 100mhzsteps hwpstate cpb

processor	: 3
vendor_id	: AuthenticAMD
cpu family	: 21
model		: 1
model name	: AMD FX(tm)-6100 Six-Core Processor             
stepping	: 2
microcode	: 0x600063d
cpu MHz		: 3300.000
cache size	: 2048 KB
physical id	: 0
siblings	: 6
core id		: 3
cpu cores	: 3
apicid		: 19
initial apicid	: 3
fpu		: yes
fpu_exception	: yes
cpuid level	: 13
wp		: yes
flags		: fpu vme de pse tsc msr pae mce cx8 apic sep mtrr pge mca cmov pat pse36 clflush mmx fxsr sse sse2 ht syscall nx mmxext fxsr_opt pdpe1gb rdtscp lm constant_tsc rep_good nopl nonstop_tsc extd_apicid aperfmperf pni pclmulqdq monitor ssse3 cx16 sse4_1 sse4_2 popcnt aes xsave avx lahf_lm cmp_legacy svm extapic cr8_legacy abm sse4a misalignsse 3dnowprefetch osvw ibs xop skinit wdt lwp fma4 nodeid_msr topoext perfctr_core perfctr_nb arat cpb hw_pstate npt lbrv svm_lock nrip_save tsc_scale vmcb_clean flushbyasid decodeassists pausefilter pfthreshold vmmcall
bugs		: fxsave_leak
bogomips	: 6632.72
TLB size	: 1536 4K pages
clflush size	: 64
cache_alignment	: 64
address sizes	: 48 bits physical, 48 bits virtual
power management: ts ttp tm 100mhzsteps hwpstate cpb

processor	: 4
vendor_id	: AuthenticAMD
cpu family	: 21
model		: 1
model name	: AMD FX(tm)-6100 Six-Core Processor             
stepping	: 2
microcode	: 0x600063d
cpu MHz		: 2400.000
cache size	: 2048 KB
physical id	: 0
siblings	: 6
core id		: 4
cpu cores	: 3
apicid		: 20
initial apicid	: 4
fpu		: yes
fpu_exception	: yes
cpuid level	: 13
wp		: yes
flags		: fpu vme de pse tsc msr pae mce cx8 apic sep mtrr pge mca cmov pat pse36 clflush mmx fxsr sse sse2 ht syscall nx mmxext fxsr_opt pdpe1gb rdtscp lm constant_tsc rep_good nopl nonstop_tsc extd_apicid aperfmperf pni pclmulqdq monitor ssse3 cx16 sse4_1 sse4_2 popcnt aes xsave avx lahf_lm cmp_legacy svm extapic cr8_legacy abm sse4a misalignsse 3dnowprefetch osvw ibs xop skinit wdt lwp fma4 nodeid_msr topoext perfctr_core perfctr_nb arat cpb hw_pstate npt lbrv svm_lock nrip_save tsc_scale vmcb_clean flushbyasid decodeassists pausefilter pfthreshold vmmcall
bugs		: fxsave_leak
bogomips	: 6632.72
TLB size	: 1536 4K pages
clflush size	: 64
cache_alignment	: 64
address sizes	: 48 bits physical, 48 bits virtual
power management: ts ttp tm 100mhzsteps hwpstate cpb

processor	: 5
vendor_id	: AuthenticAMD
cpu family	: 21
model		: 1
model name	: AMD FX(tm)-6100 Six-Core Processor             
stepping	: 2
microcode	: 0x600063d
cpu MHz		: 3000.000
cache size	: 2048 KB
physical id	: 0
siblings	: 6
core id		: 5
cpu cores	: 3
apicid		: 21
initial apicid	: 5
fpu		: yes
fpu_exception	: yes
cpuid level	: 13
wp		: yes
flags		: fpu vme de pse tsc msr pae mce cx8 apic sep mtrr pge mca cmov pat pse36 clflush mmx fxsr sse sse2 ht syscall nx mmxext fxsr_opt pdpe1gb rdtscp lm constant_tsc rep_good nopl nonstop_tsc extd_apicid aperfmperf pni pclmulqdq monitor ssse3 cx16 sse4_1 sse4_2 popcnt aes xsave avx lahf_lm cmp_legacy svm extapic cr8_legacy abm sse4a misalignsse 3dnowprefetch osvw ibs xop skinit wdt lwp fma4 nodeid_msr topoext perfctr_core perfctr_nb arat cpb hw_pstate npt lbrv svm_lock nrip_save tsc_scale vmcb_clean flushbyasid decodeassists pausefilter pfthreshold vmmcall
bugs		: fxsave_leak
bogomips	: 6632.72
TLB size	: 1536 4K pages
clflush size	: 64
cache_alignment	: 64
address sizes	: 48 bits physical, 48 bits virtual
power management: ts ttp tm 100mhzsteps hwpstate cpb



Memory: 4k page, physical 8163844k(154364k free), swap 0k(0k free)

vm_info: OpenJDK 64-Bit Server VM (24.75-b04) for linux-amd64 JRE (1.7.0_75-b13), built on Jan 23 2015 11:04:40 by "builduser" with gcc 4.9.2 20141224 (prerelease)

time: Sun Mar 29 13:35:25 2015
elapsed time: 9 seconds

