#
# There is insufficient memory for the Java Runtime Environment to continue.
# Native memory allocation (malloc) failed to allocate 66060288 bytes for committing reserved memory.
# Possible reasons:
#   The system is out of physical RAM or swap space
#   In 32 bit mode, the process size limit was hit
# Possible solutions:
#   Reduce memory load on the system
#   Increase physical memory or swap space
#   Check if swap backing store is full
#   Use 64 bit Java on a 64 bit OS
#   Decrease Java heap size (-Xmx/-Xms)
#   Decrease number of Java threads
#   Decrease Java thread stack sizes (-Xss)
#   Set larger code cache with -XX:ReservedCodeCacheSize=
# This output file may be truncated or incomplete.
#
#  Out of Memory Error (os_linux.cpp:2809), pid=3455, tid=140220632418048
#
# JRE version: OpenJDK Runtime Environment (7.0_79-b14) (build 1.7.0_79-b14)
# Java VM: OpenJDK 64-Bit Server VM (24.79-b02 mixed mode linux-amd64 compressed oops)
# Derivative: IcedTea 2.5.5
# Distribution: Custom build (Wed Apr 15 12:39:15 UTC 2015)
# Failed to write core dump. Core dumps have been disabled. To enable core dumping, try "ulimit -c unlimited" before starting Java again
#

---------------  T H R E A D  ---------------

Current thread (0x00007f87b4180000):  VMThread [stack: 0x00007f87a8ec4000,0x00007f87a8fc5000] [id=3471]

Stack: [0x00007f87a8ec4000,0x00007f87a8fc5000],  sp=0x00007f87a8fc34e0,  free space=1021k
Native frames: (J=compiled Java code, j=interpreted, Vv=VM code, C=native code)
V  [libjvm.so+0x9888a6]
V  [libjvm.so+0x48eff2]
V  [libjvm.so+0x7fbf2b]
V  [libjvm.so+0x7f667e]
V  [libjvm.so+0x868ecb]
V  [libjvm.so+0x869d73]
V  [libjvm.so+0x86a48b]
V  [libjvm.so+0x865e99]
V  [libjvm.so+0x866678]
V  [libjvm.so+0x81e443]
V  [libjvm.so+0x98a172]
V  [libjvm.so+0x98ea07]
V  [libjvm.so+0x98cfeb]
V  [libjvm.so+0x98d696]
V  [libjvm.so+0x98db61]
V  [libjvm.so+0x7f8e72]

VM_Operation (0x00007f87bb986260): ParallelGCFailedAllocation, mode: safepoint, requested by thread 0x00007f87b4009800


---------------  P R O C E S S  ---------------

Java Threads: ( => current thread )
  0x00007f87b41b9000 JavaThread "Service Thread" daemon [_thread_blocked, id=3477, stack(0x00007f87a8734000,0x00007f87a8835000)]
  0x00007f87b41b7000 JavaThread "C2 CompilerThread1" daemon [_thread_blocked, id=3476, stack(0x00007f87a8835000,0x00007f87a8936000)]
  0x00007f87b41b4000 JavaThread "C2 CompilerThread0" daemon [_thread_blocked, id=3475, stack(0x00007f87a8936000,0x00007f87a8a37000)]
  0x00007f87b41b1800 JavaThread "Signal Dispatcher" daemon [_thread_blocked, id=3474, stack(0x00007f87a8a37000,0x00007f87a8b38000)]
  0x00007f87b4186800 JavaThread "Finalizer" daemon [_thread_blocked, id=3473, stack(0x00007f87a8cc2000,0x00007f87a8dc3000)]
  0x00007f87b4184800 JavaThread "Reference Handler" daemon [_thread_blocked, id=3472, stack(0x00007f87a8dc3000,0x00007f87a8ec4000)]
  0x00007f87b4009800 JavaThread "main" [_thread_blocked, id=3463, stack(0x00007f87bb887000,0x00007f87bb988000)]

Other Threads:
=>0x00007f87b4180000 VMThread [stack: 0x00007f87a8ec4000,0x00007f87a8fc5000] [id=3471]
  0x00007f87b41bc000 WatcherThread [stack: 0x00007f87a8633000,0x00007f87a8734000] [id=3478]

VM state:at safepoint (normal execution)

VM Mutex/Monitor currently owned by a thread:  ([mutex/lock_event])
[0x00007f87b4007030] Threads_lock - owner thread: 0x00007f87b4180000
[0x00007f87b4007530] Heap_lock - owner thread: 0x00007f87b4009800

Heap
 PSYoungGen      total 69632K, used 5107K [0x00000000eaa80000, 0x00000000ef380000, 0x0000000100000000)
  eden space 64512K, 0% used [0x00000000eaa80000,0x00000000eaa80000,0x00000000ee980000)
  from space 5120K, 99% used [0x00000000ee980000,0x00000000eee7cd80,0x00000000eee80000)
  to   space 5120K, 0% used [0x00000000eee80000,0x00000000eee80000,0x00000000ef380000)
 ParOldGen       total 84992K, used 41150K [0x00000000c0000000, 0x00000000c5300000, 0x00000000eaa80000)
  object space 84992K, 48% used [0x00000000c0000000,0x00000000c282fbf0,0x00000000c5300000)
 PSPermGen       total 21504K, used 6745K [0x00000000b5a00000, 0x00000000b6f00000, 0x00000000c0000000)
  object space 21504K, 31% used [0x00000000b5a00000,0x00000000b6096758,0x00000000b6f00000)

Card table byte_map: [0x00007f87b87cc000,0x00007f87b8a20000] byte_map_base: 0x00007f87b821f000

Polling page: 0x00007f87bb886000

Code Cache  [0x00007f87b1000000, 0x00007f87b1270000, 0x00007f87b4000000)
 total_blobs=850 nmethods=602 adapters=202 free_code_cache=47368Kb largest_free_block=48463168

Compilation events (10 events):
Event: 5.406 Thread 0x00007f87b41b7000 nmethod 609 0x00007f87b11b9b50 code [0x00007f87b11b9ce0, 0x00007f87b11ba378]
Event: 5.406 Thread 0x00007f87b41b7000  610             com.android.dx.io.instructions.InstructionCodec$2::decode (27 bytes)
Event: 5.408 Thread 0x00007f87b41b7000 nmethod 610 0x00007f87b11baa90 code [0x00007f87b11babe0, 0x00007f87b11bacd8]
Event: 5.408 Thread 0x00007f87b41b7000  611             com.android.dx.io.instructions.InstructionCodec$2::encode (11 bytes)
Event: 5.409 Thread 0x00007f87b41b7000 nmethod 611 0x00007f87b11b6d90 code [0x00007f87b11b6ee0, 0x00007f87b11b6fd8]
Event: 5.410 Thread 0x00007f87b41b7000  612             com.android.dx.io.instructions.RegisterRangeDecodedInstruction::<init> (26 bytes)
Event: 5.412 Thread 0x00007f87b41b7000 nmethod 612 0x00007f87b11b6990 code [0x00007f87b11b6ae0, 0x00007f87b11b6bf8]
Event: 5.413 Thread 0x00007f87b41b7000  613             com.android.dx.io.instructions.InstructionCodec$14::decode (53 bytes)
Event: 5.416 Thread 0x00007f87b41b7000 nmethod 613 0x00007f87b1150bd0 code [0x00007f87b1150d20, 0x00007f87b1150ef8]
Event: 5.416 Thread 0x00007f87b41b7000  614             com.android.dx.io.instructions.InstructionCodec$14::encode (29 bytes)

GC Heap History (5 events):
Event: 1.882 GC heap before
{Heap before GC invocations=1 (full 0):
 PSYoungGen      total 37376K, used 32089K [0x00000000eaa80000, 0x00000000ed400000, 0x0000000100000000)
  eden space 32256K, 99% used [0x00000000eaa80000,0x00000000ec9d65c8,0x00000000eca00000)
  from space 5120K, 0% used [0x00000000ecf00000,0x00000000ecf00000,0x00000000ed400000)
  to   space 5120K, 0% used [0x00000000eca00000,0x00000000eca00000,0x00000000ecf00000)
 ParOldGen       total 84992K, used 0K [0x00000000c0000000, 0x00000000c5300000, 0x00000000eaa80000)
  object space 84992K, 0% used [0x00000000c0000000,0x00000000c0000000,0x00000000c5300000)
 PSPermGen       total 21504K, used 5038K [0x00000000b5a00000, 0x00000000b6f00000, 0x00000000c0000000)
  object space 21504K, 23% used [0x00000000b5a00000,0x00000000b5eeb928,0x00000000b6f00000)
Event: 1.909 GC heap after
Heap after GC invocations=1 (full 0):
 PSYoungGen      total 37376K, used 5117K [0x00000000eaa80000, 0x00000000ef380000, 0x0000000100000000)
  eden space 32256K, 0% used [0x00000000eaa80000,0x00000000eaa80000,0x00000000eca00000)
  from space 5120K, 99% used [0x00000000eca00000,0x00000000eceff488,0x00000000ecf00000)
  to   space 5120K, 0% used [0x00000000eee80000,0x00000000eee80000,0x00000000ef380000)
 ParOldGen       total 84992K, used 8666K [0x00000000c0000000, 0x00000000c5300000, 0x00000000eaa80000)
  object space 84992K, 10% used [0x00000000c0000000,0x00000000c08768e8,0x00000000c5300000)
 PSPermGen       total 21504K, used 5038K [0x00000000b5a00000, 0x00000000b6f00000, 0x00000000c0000000)
  object space 21504K, 23% used [0x00000000b5a00000,0x00000000b5eeb928,0x00000000b6f00000)
}
Event: 4.289 GC heap before
{Heap before GC invocations=2 (full 0):
 PSYoungGen      total 37376K, used 37373K [0x00000000eaa80000, 0x00000000ef380000, 0x0000000100000000)
  eden space 32256K, 100% used [0x00000000eaa80000,0x00000000eca00000,0x00000000eca00000)
  from space 5120K, 99% used [0x00000000eca00000,0x00000000eceff488,0x00000000ecf00000)
  to   space 5120K, 0% used [0x00000000eee80000,0x00000000eee80000,0x00000000ef380000)
 ParOldGen       total 84992K, used 8666K [0x00000000c0000000, 0x00000000c5300000, 0x00000000eaa80000)
  object space 84992K, 10% used [0x00000000c0000000,0x00000000c08768e8,0x00000000c5300000)
 PSPermGen       total 21504K, used 6682K [0x00000000b5a00000, 0x00000000b6f00000, 0x00000000c0000000)
  object space 21504K, 31% used [0x00000000b5a00000,0x00000000b6086b80,0x00000000b6f00000)
Event: 4.315 GC heap after
Heap after GC invocations=2 (full 0):
 PSYoungGen      total 69632K, used 5107K [0x00000000eaa80000, 0x00000000ef380000, 0x0000000100000000)
  eden space 64512K, 0% used [0x00000000eaa80000,0x00000000eaa80000,0x00000000ee980000)
  from space 5120K, 99% used [0x00000000eee80000,0x00000000ef37cd88,0x00000000ef380000)
  to   space 5120K, 0% used [0x00000000ee980000,0x00000000ee980000,0x00000000eee80000)
 ParOldGen       total 84992K, used 22132K [0x00000000c0000000, 0x00000000c5300000, 0x00000000eaa80000)
  object space 84992K, 26% used [0x00000000c0000000,0x00000000c159d190,0x00000000c5300000)
 PSPermGen       total 21504K, used 6682K [0x00000000b5a00000, 0x00000000b6f00000, 0x00000000c0000000)
  object space 21504K, 31% used [0x00000000b5a00000,0x00000000b6086b80,0x00000000b6f00000)
}
Event: 5.425 GC heap before
{Heap before GC invocations=3 (full 0):
 PSYoungGen      total 69632K, used 69619K [0x00000000eaa80000, 0x00000000ef380000, 0x0000000100000000)
  eden space 64512K, 100% used [0x00000000eaa80000,0x00000000ee980000,0x00000000ee980000)
  from space 5120K, 99% used [0x00000000eee80000,0x00000000ef37cd88,0x00000000ef380000)
  to   space 5120K, 0% used [0x00000000ee980000,0x00000000ee980000,0x00000000eee80000)
 ParOldGen       total 84992K, used 22132K [0x00000000c0000000, 0x00000000c5300000, 0x00000000eaa80000)
  object space 84992K, 26% used [0x00000000c0000000,0x00000000c159d190,0x00000000c5300000)
 PSPermGen       total 21504K, used 6745K [0x00000000b5a00000, 0x00000000b6f00000, 0x00000000c0000000)
  object space 21504K, 31% used [0x00000000b5a00000,0x00000000b6096758,0x00000000b6f00000)

Deoptimization events (10 events):
Event: 1.477 Thread 0x00007f87b4009800 Uncommon trap: reason=null_check action=make_not_entrant pc=0x00007f87b10912cc method=com.android.dx.rop.type.Type.putIntern(Lcom/android/dx/rop/type/Type;)Lcom/android/dx/rop/type/Type; @ 18
Event: 1.490 Thread 0x00007f87b4009800 Uncommon trap: reason=null_check action=make_not_entrant pc=0x00007f87b10a5e50 method=com.android.dx.cf.code.Ropper$CatchInfo.getSetup(Lcom/android/dx/rop/type/Type;)Lcom/android/dx/cf/code/Ropper$ExceptionHandlerSetup; @ 10
Event: 1.492 Thread 0x00007f87b4009800 Uncommon trap: reason=unreached action=reinterpret pc=0x00007f87b109ae24 method=com.android.dx.cf.code.BaseMachine.getLocalTarget(Z)Lcom/android/dx/rop/code/RegisterSpec; @ 131
Event: 2.166 Thread 0x00007f87b4009800 Uncommon trap: reason=unreached action=reinterpret pc=0x00007f87b1103ef4 method=com.android.dx.rop.cst.CstType.equals(Ljava/lang/Object;)Z @ 20
Event: 2.806 Thread 0x00007f87b4009800 Uncommon trap: reason=class_check action=maybe_recompile pc=0x00007f87b1137738 method=com.android.dex.Leb128.writeUnsignedLeb128(Lcom/android/dex/util/ByteOutput;I)V @ 40
Event: 2.807 Thread 0x00007f87b4009800 Uncommon trap: reason=class_check action=maybe_recompile pc=0x00007f87b1137738 method=com.android.dex.Leb128.writeUnsignedLeb128(Lcom/android/dex/util/ByteOutput;I)V @ 40
Event: 2.807 Thread 0x00007f87b4009800 Uncommon trap: reason=class_check action=maybe_recompile pc=0x00007f87b1137738 method=com.android.dex.Leb128.writeUnsignedLeb128(Lcom/android/dex/util/ByteOutput;I)V @ 40
Event: 2.807 Thread 0x00007f87b4009800 Uncommon trap: reason=class_check action=maybe_recompile pc=0x00007f87b1137738 method=com.android.dex.Leb128.writeUnsignedLeb128(Lcom/android/dex/util/ByteOutput;I)V @ 40
Event: 3.717 Thread 0x00007f87b4009800 Uncommon trap: reason=predicate action=maybe_recompile pc=0x00007f87b1150c84 method=com.android.dex.Leb128.readUnsignedLeb128(Lcom/android/dex/util/ByteInput;)I @ 41
Event: 5.139 Thread 0x00007f87b4009800 Uncommon trap: reason=predicate action=maybe_recompile pc=0x00007f87b1182154 method=java.util.ComparableTimSort.binarySort([Ljava/lang/Object;III)V @ 37

Internal exceptions (10 events):
Event: 3.127 Thread 0x00007f87b4009800 Threw 0x00000000eb48e868 at /build/java7-openjdk/src/icedtea-2.5.5/openjdk/hotspot/src/share/vm/prims/jvm.cpp:1284
Event: 3.130 Thread 0x00007f87b4009800 Threw 0x00000000eb4957a8 at /build/java7-openjdk/src/icedtea-2.5.5/openjdk/hotspot/src/share/vm/prims/jvm.cpp:1284
Event: 3.131 Thread 0x00007f87b4009800 Threw 0x00000000eb497648 at /build/java7-openjdk/src/icedtea-2.5.5/openjdk/hotspot/src/share/vm/prims/jvm.cpp:1284
Event: 3.524 Thread 0x00007f87b4009800 Threw 0x00000000eb6682c8 at /build/java7-openjdk/src/icedtea-2.5.5/openjdk/hotspot/src/share/vm/prims/jvm.cpp:1284
Event: 3.524 Thread 0x00007f87b4009800 Threw 0x00000000eb6683f0 at /build/java7-openjdk/src/icedtea-2.5.5/openjdk/hotspot/src/share/vm/prims/jvm.cpp:1284
Event: 3.524 Thread 0x00007f87b4009800 Threw 0x00000000eb66a838 at /build/java7-openjdk/src/icedtea-2.5.5/openjdk/hotspot/src/share/vm/prims/jvm.cpp:1284
Event: 3.524 Thread 0x00007f87b4009800 Threw 0x00000000eb66a960 at /build/java7-openjdk/src/icedtea-2.5.5/openjdk/hotspot/src/share/vm/prims/jvm.cpp:1284
Event: 3.525 Thread 0x00007f87b4009800 Threw 0x00000000eb66b2e8 at /build/java7-openjdk/src/icedtea-2.5.5/openjdk/hotspot/src/share/vm/prims/jvm.cpp:1284
Event: 3.525 Thread 0x00007f87b4009800 Threw 0x00000000eb66b410 at /build/java7-openjdk/src/icedtea-2.5.5/openjdk/hotspot/src/share/vm/prims/jvm.cpp:1284
Event: 4.331 Thread 0x00007f87b4009800 Threw 0x00000000eab0c410 at /build/java7-openjdk/src/icedtea-2.5.5/openjdk/hotspot/src/share/vm/prims/jvm.cpp:1284

Events (10 events):
Event: 4.331 loading class 0x00007f87b4326120 done
Event: 4.346 Thread 0x00007f87b41b7000 flushing nmethod 0x00007f87b1103d50
Event: 4.393 loading class 0x00007f87b0d8bb90
Event: 4.397 loading class 0x00007f87b0d8bb90 done
Event: 4.400 Thread 0x00007f87b41b4000 flushing nmethod 0x00007f87b1137450
Event: 5.071 Thread 0x00007f87b4009800 Uncommon trap: trap_request=0xffffff86 fr.pc=0x00007f87b1182154
Event: 5.147 Thread 0x00007f87b4009800 DEOPT PACKING pc=0x00007f87b1182154 sp=0x00007f87bb9864a0
Event: 5.157 Thread 0x00007f87b4009800 DEOPT UNPACKING pc=0x00007f87b1039045 sp=0x00007f87bb986480 mode 2
Event: 5.412 Thread 0x00007f87b41b7000 flushing nmethod 0x00007f87b1150750
Event: 5.416 Executing VM operation: ParallelGCFailedAllocation


Dynamic libraries:
00400000-00401000 r-xp 00000000 08:14 406396                             /usr/lib/jvm/java-7-openjdk/jre/bin/java
00600000-00601000 rw-p 00000000 08:14 406396                             /usr/lib/jvm/java-7-openjdk/jre/bin/java
0113f000-01160000 rw-p 00000000 00:00 0                                  [heap]
b5a00000-b6f00000 rw-p 00000000 00:00 0 
b6f00000-c0000000 rw-p 00000000 00:00 0 
c0000000-c5300000 rw-p 00000000 00:00 0 
c5300000-eaa80000 rw-p 00000000 00:00 0 
eaa80000-ef380000 rw-p 00000000 00:00 0 
f3280000-100000000 rw-p 00000000 00:00 0 
7f876c000000-7f876c021000 rw-p 00000000 00:00 0 
7f876c021000-7f8770000000 ---p 00000000 00:00 0 
7f8774000000-7f8774a30000 rw-p 00000000 00:00 0 
7f8774a30000-7f8778000000 ---p 00000000 00:00 0 
7f8778000000-7f8778021000 rw-p 00000000 00:00 0 
7f8778021000-7f877c000000 ---p 00000000 00:00 0 
7f877c000000-7f877c021000 rw-p 00000000 00:00 0 
7f877c021000-7f8780000000 ---p 00000000 00:00 0 
7f8780000000-7f8780e3c000 rw-p 00000000 00:00 0 
7f8780e3c000-7f8784000000 ---p 00000000 00:00 0 
7f8784000000-7f8784021000 rw-p 00000000 00:00 0 
7f8784021000-7f8788000000 ---p 00000000 00:00 0 
7f8788000000-7f8788021000 rw-p 00000000 00:00 0 
7f8788021000-7f878c000000 ---p 00000000 00:00 0 
7f878c000000-7f878c021000 rw-p 00000000 00:00 0 
7f878c021000-7f8790000000 ---p 00000000 00:00 0 
7f8790000000-7f8790021000 rw-p 00000000 00:00 0 
7f8790021000-7f8794000000 ---p 00000000 00:00 0 
7f8794000000-7f8794021000 rw-p 00000000 00:00 0 
7f8794021000-7f8798000000 ---p 00000000 00:00 0 
7f8798000000-7f8798021000 rw-p 00000000 00:00 0 
7f8798021000-7f879c000000 ---p 00000000 00:00 0 
7f879c000000-7f879c021000 rw-p 00000000 00:00 0 
7f879c021000-7f87a0000000 ---p 00000000 00:00 0 
7f87a2e78000-7f87a2e8c000 r-xp 00000000 08:14 264999                     /usr/lib/libresolv-2.21.so
7f87a2e8c000-7f87a308b000 ---p 00014000 08:14 264999                     /usr/lib/libresolv-2.21.so
7f87a308b000-7f87a308c000 r--p 00013000 08:14 264999                     /usr/lib/libresolv-2.21.so
7f87a308c000-7f87a308d000 rw-p 00014000 08:14 264999                     /usr/lib/libresolv-2.21.so
7f87a308d000-7f87a308f000 rw-p 00000000 00:00 0 
7f87a3090000-7f87a30fe000 r-xp 00000000 08:14 272892                     /usr/lib/libpcre.so.1.2.5
7f87a30fe000-7f87a32fe000 ---p 0006e000 08:14 272892                     /usr/lib/libpcre.so.1.2.5
7f87a32fe000-7f87a32ff000 r--p 0006e000 08:14 272892                     /usr/lib/libpcre.so.1.2.5
7f87a32ff000-7f87a3300000 rw-p 0006f000 08:14 272892                     /usr/lib/libpcre.so.1.2.5
7f87a3300000-7f87a3303000 r-xp 00000000 08:14 314909                     /usr/lib/libgmodule-2.0.so.0.4400.1
7f87a3303000-7f87a3502000 ---p 00003000 08:14 314909                     /usr/lib/libgmodule-2.0.so.0.4400.1
7f87a3502000-7f87a3503000 r--p 00002000 08:14 314909                     /usr/lib/libgmodule-2.0.so.0.4400.1
7f87a3503000-7f87a3504000 rw-p 00003000 08:14 314909                     /usr/lib/libgmodule-2.0.so.0.4400.1
7f87a3508000-7f87a3510000 r-xp 00000000 08:14 273017                     /usr/lib/libffi.so.6.0.4
7f87a3510000-7f87a370f000 ---p 00008000 08:14 273017                     /usr/lib/libffi.so.6.0.4
7f87a370f000-7f87a3710000 r--p 00007000 08:14 273017                     /usr/lib/libffi.so.6.0.4
7f87a3710000-7f87a3711000 rw-p 00008000 08:14 273017                     /usr/lib/libffi.so.6.0.4
7f87a3718000-7f87a3824000 r-xp 00000000 08:14 314908                     /usr/lib/libglib-2.0.so.0.4400.1
7f87a3824000-7f87a3a23000 ---p 0010c000 08:14 314908                     /usr/lib/libglib-2.0.so.0.4400.1
7f87a3a23000-7f87a3a24000 r--p 0010b000 08:14 314908                     /usr/lib/libglib-2.0.so.0.4400.1
7f87a3a24000-7f87a3a25000 rw-p 0010c000 08:14 314908                     /usr/lib/libglib-2.0.so.0.4400.1
7f87a3a25000-7f87a3a26000 rw-p 00000000 00:00 0 
7f87a3a28000-7f87a3a77000 r-xp 00000000 08:14 314911                     /usr/lib/libgobject-2.0.so.0.4400.1
7f87a3a77000-7f87a3c77000 ---p 0004f000 08:14 314911                     /usr/lib/libgobject-2.0.so.0.4400.1
7f87a3c77000-7f87a3c78000 r--p 0004f000 08:14 314911                     /usr/lib/libgobject-2.0.so.0.4400.1
7f87a3c78000-7f87a3c79000 rw-p 00050000 08:14 314911                     /usr/lib/libgobject-2.0.so.0.4400.1
7f87a3c80000-7f87a3df6000 r-xp 00000000 08:14 317108                     /usr/lib/libgio-2.0.so.0.4400.1
7f87a3df6000-7f87a3ff6000 ---p 00176000 08:14 317108                     /usr/lib/libgio-2.0.so.0.4400.1
7f87a3ff6000-7f87a3ffa000 r--p 00176000 08:14 317108                     /usr/lib/libgio-2.0.so.0.4400.1
7f87a3ffa000-7f87a3ffc000 rw-p 0017a000 08:14 317108                     /usr/lib/libgio-2.0.so.0.4400.1
7f87a3ffc000-7f87a3ffe000 rw-p 00000000 00:00 0 
7f87a4000000-7f87a4021000 rw-p 00000000 00:00 0 
7f87a4021000-7f87a8000000 ---p 00000000 00:00 0 
7f87a8208000-7f87a821f000 r-xp 00000000 08:14 663902                     /usr/lib/jvm/java-7-openjdk/jre/lib/amd64/libnet.so
7f87a821f000-7f87a841e000 ---p 00017000 08:14 663902                     /usr/lib/jvm/java-7-openjdk/jre/lib/amd64/libnet.so
7f87a841e000-7f87a841f000 rw-p 00016000 08:14 663902                     /usr/lib/jvm/java-7-openjdk/jre/lib/amd64/libnet.so
7f87a8420000-7f87a8430000 r-xp 00000000 08:14 663903                     /usr/lib/jvm/java-7-openjdk/jre/lib/amd64/libnio.so
7f87a8430000-7f87a8630000 ---p 00010000 08:14 663903                     /usr/lib/jvm/java-7-openjdk/jre/lib/amd64/libnio.so
7f87a8630000-7f87a8631000 rw-p 00010000 08:14 663903                     /usr/lib/jvm/java-7-openjdk/jre/lib/amd64/libnio.so
7f87a8633000-7f87a8634000 ---p 00000000 00:00 0 
7f87a8634000-7f87a8734000 rw-p 00000000 00:00 0                          [stack:3478]
7f87a8734000-7f87a8737000 ---p 00000000 00:00 0 
7f87a8737000-7f87a8835000 rw-p 00000000 00:00 0                          [stack:3477]
7f87a8835000-7f87a8838000 ---p 00000000 00:00 0 
7f87a8838000-7f87a8936000 rw-p 00000000 00:00 0                          [stack:3476]
7f87a8936000-7f87a8939000 ---p 00000000 00:00 0 
7f87a8939000-7f87a8a37000 rw-p 00000000 00:00 0                          [stack:3475]
7f87a8a37000-7f87a8a3a000 ---p 00000000 00:00 0 
7f87a8a3a000-7f87a8b38000 rw-p 00000000 00:00 0                          [stack:3474]
7f87a8b38000-7f87a8cc2000 r--p 00000000 08:14 311179                     /usr/lib/locale/locale-archive
7f87a8cc2000-7f87a8cc5000 ---p 00000000 00:00 0 
7f87a8cc5000-7f87a8dc3000 rw-p 00000000 00:00 0                          [stack:3473]
7f87a8dc3000-7f87a8dc6000 ---p 00000000 00:00 0 
7f87a8dc6000-7f87a8ec4000 rw-p 00000000 00:00 0                          [stack:3472]
7f87a8ec4000-7f87a8ec5000 ---p 00000000 00:00 0 
7f87a8ec5000-7f87ac000000 rw-p 00000000 00:00 0                          [stack:3471]
7f87ac000000-7f87ac021000 rw-p 00000000 00:00 0 
7f87ac021000-7f87b0000000 ---p 00000000 00:00 0 
7f87b00d4000-7f87b0b27000 rw-p 00000000 00:00 0 
7f87b0b27000-7f87b0cd8000 r--s 01d27000 08:14 406372                     /usr/lib/jvm/java-7-openjdk/jre/lib/rt.jar
7f87b0cdc000-7f87b1000000 rw-p 00000000 00:00 0 
7f87b1000000-7f87b1270000 rwxp 00000000 00:00 0 
7f87b1270000-7f87b437e000 rw-p 00000000 00:00 0 
7f87b437e000-7f87b8000000 ---p 00000000 00:00 0 
7f87b8010000-7f87b8011000 r--p 00000000 08:14 264887                     /usr/share/locale/en_GB/LC_MESSAGES/libc.mo
7f87b8015000-7f87b801a000 r--s 0004d000 08:14 406374                     /usr/lib/jvm/java-7-openjdk/jre/lib/jsse.jar
7f87b801d000-7f87b801e000 ---p 00000000 00:00 0 
7f87b801e000-7f87b811e000 rw-p 00000000 00:00 0                          [stack:3469]
7f87b811e000-7f87b811f000 ---p 00000000 00:00 0 
7f87b811f000-7f87b821f000 rw-p 00000000 00:00 0                          [stack:3468]
7f87b821f000-7f87b8220000 ---p 00000000 00:00 0 
7f87b8220000-7f87b8320000 rw-p 00000000 00:00 0                          [stack:3467]
7f87b8320000-7f87b8321000 ---p 00000000 00:00 0 
7f87b8321000-7f87b8421000 rw-p 00000000 00:00 0                          [stack:3466]
7f87b8421000-7f87b8422000 ---p 00000000 00:00 0 
7f87b8422000-7f87b8522000 rw-p 00000000 00:00 0                          [stack:3465]
7f87b8522000-7f87b8523000 ---p 00000000 00:00 0 
7f87b8523000-7f87b862e000 rw-p 00000000 00:00 0                          [stack:3464]
7f87b862e000-7f87b8676000 rw-p 00000000 00:00 0 
7f87b8676000-7f87b86a0000 rw-p 00000000 00:00 0 
7f87b86a0000-7f87b87cc000 rw-p 00000000 00:00 0 
7f87b87cc000-7f87b87d7000 rw-p 00000000 00:00 0 
7f87b87d7000-7f87b881f000 rw-p 00000000 00:00 0 
7f87b881f000-7f87b8849000 rw-p 00000000 00:00 0 
7f87b8849000-7f87b8974000 rw-p 00000000 00:00 0 
7f87b8974000-7f87b8999000 rw-p 00000000 00:00 0 
7f87b8999000-7f87b8a1f000 rw-p 00000000 00:00 0 
7f87b8a1f000-7f87b8a20000 rw-p 00000000 00:00 0 
7f87b8a20000-7f87b8a28000 r-xp 00000000 08:14 663901                     /usr/lib/jvm/java-7-openjdk/jre/lib/amd64/libzip.so
7f87b8a28000-7f87b8c27000 ---p 00008000 08:14 663901                     /usr/lib/jvm/java-7-openjdk/jre/lib/amd64/libzip.so
7f87b8c27000-7f87b8c28000 rw-p 00007000 08:14 663901                     /usr/lib/jvm/java-7-openjdk/jre/lib/amd64/libzip.so
7f87b8c28000-7f87b8c33000 r-xp 00000000 08:14 265008                     /usr/lib/libnss_files-2.21.so
7f87b8c33000-7f87b8e33000 ---p 0000b000 08:14 265008                     /usr/lib/libnss_files-2.21.so
7f87b8e33000-7f87b8e34000 r--p 0000b000 08:14 265008                     /usr/lib/libnss_files-2.21.so
7f87b8e34000-7f87b8e35000 rw-p 0000c000 08:14 265008                     /usr/lib/libnss_files-2.21.so
7f87b8e38000-7f87b8e64000 r-xp 00000000 08:14 663900                     /usr/lib/jvm/java-7-openjdk/jre/lib/amd64/libjava.so
7f87b8e64000-7f87b9063000 ---p 0002c000 08:14 663900                     /usr/lib/jvm/java-7-openjdk/jre/lib/amd64/libjava.so
7f87b9063000-7f87b9065000 rw-p 0002b000 08:14 663900                     /usr/lib/jvm/java-7-openjdk/jre/lib/amd64/libjava.so
7f87b9068000-7f87b9075000 r-xp 00000000 08:14 663899                     /usr/lib/jvm/java-7-openjdk/jre/lib/amd64/libverify.so
7f87b9075000-7f87b9274000 ---p 0000d000 08:14 663899                     /usr/lib/jvm/java-7-openjdk/jre/lib/amd64/libverify.so
7f87b9274000-7f87b9276000 rw-p 0000c000 08:14 663899                     /usr/lib/jvm/java-7-openjdk/jre/lib/amd64/libverify.so
7f87b9278000-7f87b927f000 r-xp 00000000 08:14 265070                     /usr/lib/librt-2.21.so
7f87b927f000-7f87b947e000 ---p 00007000 08:14 265070                     /usr/lib/librt-2.21.so
7f87b947e000-7f87b947f000 r--p 00006000 08:14 265070                     /usr/lib/librt-2.21.so
7f87b947f000-7f87b9480000 rw-p 00007000 08:14 265070                     /usr/lib/librt-2.21.so
7f87b9480000-7f87b9496000 r-xp 00000000 08:14 264930                     /usr/lib/libgcc_s.so.1
7f87b9496000-7f87b9695000 ---p 00016000 08:14 264930                     /usr/lib/libgcc_s.so.1
7f87b9695000-7f87b9696000 rw-p 00015000 08:14 264930                     /usr/lib/libgcc_s.so.1
7f87b9698000-7f87b979b000 r-xp 00000000 08:14 265105                     /usr/lib/libm-2.21.so
7f87b979b000-7f87b999a000 ---p 00103000 08:14 265105                     /usr/lib/libm-2.21.so
7f87b999a000-7f87b999b000 r--p 00102000 08:14 265105                     /usr/lib/libm-2.21.so
7f87b999b000-7f87b999c000 rw-p 00103000 08:14 265105                     /usr/lib/libm-2.21.so
7f87b99a0000-7f87b9b12000 r-xp 00000000 08:14 275318                     /usr/lib/libstdc++.so.6.0.21
7f87b9b12000-7f87b9d12000 ---p 00172000 08:14 275318                     /usr/lib/libstdc++.so.6.0.21
7f87b9d12000-7f87b9d1c000 r--p 00172000 08:14 275318                     /usr/lib/libstdc++.so.6.0.21
7f87b9d1c000-7f87b9d1e000 rw-p 0017c000 08:14 275318                     /usr/lib/libstdc++.so.6.0.21
7f87b9d1e000-7f87b9d22000 rw-p 00000000 00:00 0 
7f87b9d28000-7f87ba87d000 r-xp 00000000 08:14 663933                     /usr/lib/jvm/java-7-openjdk/jre/lib/amd64/server/libjvm.so
7f87ba87d000-7f87baa7d000 ---p 00b55000 08:14 663933                     /usr/lib/jvm/java-7-openjdk/jre/lib/amd64/server/libjvm.so
7f87baa7d000-7f87bab3f000 rw-p 00b55000 08:14 663933                     /usr/lib/jvm/java-7-openjdk/jre/lib/amd64/server/libjvm.so
7f87bab3f000-7f87bab6b000 rw-p 00000000 00:00 0 
7f87bab70000-7f87bab85000 r-xp 00000000 08:14 267945                     /usr/lib/libz.so.1.2.8
7f87bab85000-7f87bad84000 ---p 00015000 08:14 267945                     /usr/lib/libz.so.1.2.8
7f87bad84000-7f87bad85000 r--p 00014000 08:14 267945                     /usr/lib/libz.so.1.2.8
7f87bad85000-7f87bad86000 rw-p 00015000 08:14 267945                     /usr/lib/libz.so.1.2.8
7f87bad88000-7f87baf21000 r-xp 00000000 08:14 265031                     /usr/lib/libc-2.21.so
7f87baf21000-7f87bb120000 ---p 00199000 08:14 265031                     /usr/lib/libc-2.21.so
7f87bb120000-7f87bb124000 r--p 00198000 08:14 265031                     /usr/lib/libc-2.21.so
7f87bb124000-7f87bb126000 rw-p 0019c000 08:14 265031                     /usr/lib/libc-2.21.so
7f87bb126000-7f87bb12a000 rw-p 00000000 00:00 0 
7f87bb130000-7f87bb133000 r-xp 00000000 08:14 265084                     /usr/lib/libdl-2.21.so
7f87bb133000-7f87bb332000 ---p 00003000 08:14 265084                     /usr/lib/libdl-2.21.so
7f87bb332000-7f87bb333000 r--p 00002000 08:14 265084                     /usr/lib/libdl-2.21.so
7f87bb333000-7f87bb334000 rw-p 00003000 08:14 265084                     /usr/lib/libdl-2.21.so
7f87bb338000-7f87bb345000 r-xp 00000000 08:14 663929                     /usr/lib/jvm/java-7-openjdk/jre/lib/amd64/jli/libjli.so
7f87bb345000-7f87bb544000 ---p 0000d000 08:14 663929                     /usr/lib/jvm/java-7-openjdk/jre/lib/amd64/jli/libjli.so
7f87bb544000-7f87bb545000 rw-p 0000c000 08:14 663929                     /usr/lib/jvm/java-7-openjdk/jre/lib/amd64/jli/libjli.so
7f87bb548000-7f87bb560000 r-xp 00000000 08:14 265069                     /usr/lib/libpthread-2.21.so
7f87bb560000-7f87bb75f000 ---p 00018000 08:14 265069                     /usr/lib/libpthread-2.21.so
7f87bb75f000-7f87bb760000 r--p 00017000 08:14 265069                     /usr/lib/libpthread-2.21.so
7f87bb760000-7f87bb761000 rw-p 00018000 08:14 265069                     /usr/lib/libpthread-2.21.so
7f87bb761000-7f87bb765000 rw-p 00000000 00:00 0 
7f87bb768000-7f87bb78a000 r-xp 00000000 08:14 265101                     /usr/lib/ld-2.21.so
7f87bb78c000-7f87bb79a000 r--s 000b4000 08:14 933170                     /opt/android-sdk/build-tools/20.0.0/lib/dx.jar
7f87bb7a0000-7f87bb7c2000 rw-p 00000000 00:00 0 
7f87bb7c2000-7f87bb878000 rw-p 00000000 00:00 0 
7f87bb878000-7f87bb880000 rw-s 00000000 00:20 1443883                    /tmp/hsperfdata_robin/3455
7f87bb884000-7f87bb886000 rw-p 00000000 00:00 0 
7f87bb886000-7f87bb887000 ---p 00000000 00:00 0 
7f87bb887000-7f87bb88a000 ---p 00000000 00:00 0 
7f87bb88a000-7f87bb989000 rw-p 00000000 00:00 0                          [stack:3463]
7f87bb989000-7f87bb98a000 r--p 00021000 08:14 265101                     /usr/lib/ld-2.21.so
7f87bb98a000-7f87bb98b000 rw-p 00022000 08:14 265101                     /usr/lib/ld-2.21.so
7f87bb98b000-7f87bb98d000 rw-p 00000000 00:00 0 
7f87bb98d000-7f87bb990000 rw-p 00000000 00:00 0 
7fffd4445000-7fffd4466000 rw-p 00000000 00:00 0                          [stack]
7fffd4548000-7fffd454a000 r--p 00000000 00:00 0                          [vvar]
7fffd454a000-7fffd454c000 r-xp 00000000 00:00 0                          [vdso]
ffffffffff600000-ffffffffff601000 r-xp 00000000 00:00 0                  [vsyscall]

VM Arguments:
jvm_args: -Xmx1024M 
java_command: /opt/android-sdk/build-tools/20.0.0/lib/dx.jar --dex --no-optimize --output /home/robin/AndroidStudioProjects/be.robinj.ubuntu/UbuntuLauncher/app/build/intermediates/dex/debug /home/robin/AndroidStudioProjects/be.robinj.ubuntu/UbuntuLauncher/app/build/intermediates/classes/debug /home/robin/AndroidStudioProjects/be.robinj.ubuntu/UbuntuLauncher/app/build/intermediates/pre-dexed/debug/support-annotations-20.0.0-f50f597d9217e331f8e66015492499685f9db236.jar /home/robin/AndroidStudioProjects/be.robinj.ubuntu/UbuntuLauncher/app/build/intermediates/pre-dexed/debug/minlog-1.2-2b8ac1bf51c803021fc10b67ef31bfe7e1a66e11.jar /home/robin/AndroidStudioProjects/be.robinj.ubuntu/UbuntuLauncher/app/build/intermediates/pre-dexed/debug/classes-a839c4523de41d490b1986f022dff31a194cfe6e.jar /home/robin/AndroidStudioProjects/be.robinj.ubuntu/UbuntuLauncher/app/build/intermediates/pre-dexed/debug/classes-6b18dbbc154a092abaca315e4f2df314c73e081c.jar /home/robin/AndroidStudioProjects/be.robinj.ubuntu/UbuntuLauncher/app/build/intermediates/pre-dexed/debug/objenesis-2.1-81420a5771303f152076a7ccf19ddcf96a8144da.jar /home/robin/AndroidStudioProjects/be.robinj.ubuntu/UbuntuLauncher/app/build/intermediates/pre-dexed/debug/classes-404c42a881560bf18b099e6256a81c758a25d667.jar /home/robin/AndroidStudioProjects/be.robinj.ubuntu/UbuntuLauncher/app/build/intermediates/pre-dexed/debug/internal_impl-20.0.0-db7254f059ce329b763af799487f7b1df54675a5.jar /home/robin/AndroidStudioProjects/be.robinj.ubuntu/UbuntuLauncher/app/build/intermediates/pre-dexed/debug/kryo-2.24.0-11d0ce6cba902cf20d1c7ea8ee4fcde72830c94b.jar /home/robin/AndroidStudioProjects/be.robinj.ubuntu/UbuntuLauncher/app/build/intermediates/pre-dexed/debug/classes-45b058ca821bbfe31b6d2b379588496e9755f818.jar /home/robin/AndroidStudioProjects/be.robinj.ubuntu/UbuntuLauncher/app/build/intermediates/pre-dexed/debug/libGoogleAnalyticsServices-7eb596eb2f9bbba73330b5f1f817fa02bdd8b743.jar
Launcher Type: SUN_STANDARD

Environment Variables:
PATH=/usr/local/sbin:/usr/local/bin:/usr/bin:/opt/android-sdk/tools:/usr/lib/jvm/default/bin:/usr/bin/site_perl:/usr/bin/vendor_perl:/usr/bin/core_perl
USERNAME=robin
LD_LIBRARY_PATH=/opt/android-studio/bin:
SHELL=/bin/bash
DISPLAY=:1

Signal Handlers:
SIGSEGV: [libjvm.so+0x989390], sa_mask[0]=0x7ffbfeff, sa_flags=0x10000004
SIGBUS: [libjvm.so+0x989390], sa_mask[0]=0x7ffbfeff, sa_flags=0x10000004
SIGFPE: [libjvm.so+0x7f74d0], sa_mask[0]=0x7ffbfeff, sa_flags=0x10000004
SIGPIPE: [libjvm.so+0x7f74d0], sa_mask[0]=0x7ffbfeff, sa_flags=0x10000004
SIGXFSZ: [libjvm.so+0x7f74d0], sa_mask[0]=0x7ffbfeff, sa_flags=0x10000004
SIGILL: [libjvm.so+0x7f74d0], sa_mask[0]=0x7ffbfeff, sa_flags=0x10000004
SIGUSR1: SIG_DFL, sa_mask[0]=0x00000000, sa_flags=0x00000000
SIGUSR2: [libjvm.so+0x7f7350], sa_mask[0]=0x00000004, sa_flags=0x10000004
SIGHUP: [libjvm.so+0x7f7550], sa_mask[0]=0x7ffbfeff, sa_flags=0x10000004
SIGINT: [libjvm.so+0x7f7550], sa_mask[0]=0x7ffbfeff, sa_flags=0x10000004
SIGTERM: [libjvm.so+0x7f7550], sa_mask[0]=0x7ffbfeff, sa_flags=0x10000004
SIGQUIT: [libjvm.so+0x7f7550], sa_mask[0]=0x7ffbfeff, sa_flags=0x10000004
SIGTRAP: SIG_DFL, sa_mask[0]=0x00000000, sa_flags=0x00000000


---------------  S Y S T E M  ---------------

OS:Linux
uname:Linux 4.0.7-2-ARCH #1 SMP PREEMPT Tue Jun 30 07:50:21 UTC 2015 x86_64
libc:glibc 2.21 NPTL 2.21 
rlimit: STACK 8192k, CORE 0k, NPROC 31610, NOFILE 4096, AS infinity
load average:5.87 2.14 1.51

/proc/meminfo:
MemTotal:        8163788 kB
MemFree:          377560 kB
MemAvailable:     355368 kB
Buffers:            1712 kB
Cached:           351152 kB
SwapCached:            0 kB
Active:          7045848 kB
Inactive:         342148 kB
Active(anon):    7039360 kB
Inactive(anon):   277052 kB
Active(file):       6488 kB
Inactive(file):    65096 kB
Unevictable:        1172 kB
Mlocked:            1172 kB
SwapTotal:             0 kB
SwapFree:              0 kB
Dirty:              5276 kB
Writeback:             0 kB
AnonPages:       7038168 kB
Mapped:           391744 kB
Shmem:            279416 kB
Slab:             106048 kB
SReclaimable:      52956 kB
SUnreclaim:        53092 kB
KernelStack:       15872 kB
PageTables:        84488 kB
NFS_Unstable:          0 kB
Bounce:                0 kB
WritebackTmp:          0 kB
CommitLimit:     4081892 kB
Committed_AS:   17426372 kB
VmallocTotal:   34359738367 kB
VmallocUsed:      354024 kB
VmallocChunk:   34359381628 kB
HardwareCorrupted:     0 kB
AnonHugePages:   2285568 kB
HugePages_Total:       0
HugePages_Free:        0
HugePages_Rsvd:        0
HugePages_Surp:        0
Hugepagesize:       2048 kB
DirectMap4k:      357888 kB
DirectMap2M:     8013824 kB
DirectMap1G:     1048576 kB


CPU:total 6 (6 cores per cpu, 1 threads per core) family 21 model 1 stepping 2, cmov, cx8, fxsr, mmx, sse, sse2, sse3, ssse3, sse4.1, sse4.2, popcnt, avx, aes, mmxext, 3dnowpref, lzcnt, sse4a, tsc, tscinvbit, tscinv

/proc/cpuinfo:
processor	: 0
vendor_id	: AuthenticAMD
cpu family	: 21
model		: 1
model name	: AMD FX(tm)-6100 Six-Core Processor
stepping	: 2
microcode	: 0x600063d
cpu MHz		: 2400.000
cache size	: 2048 KB
physical id	: 0
siblings	: 6
core id		: 0
cpu cores	: 3
apicid		: 16
initial apicid	: 0
fpu		: yes
fpu_exception	: yes
cpuid level	: 13
wp		: yes
flags		: fpu vme de pse tsc msr pae mce cx8 apic sep mtrr pge mca cmov pat pse36 clflush mmx fxsr sse sse2 ht syscall nx mmxext fxsr_opt pdpe1gb rdtscp lm constant_tsc rep_good nopl nonstop_tsc extd_apicid aperfmperf pni pclmulqdq monitor ssse3 cx16 sse4_1 sse4_2 popcnt aes xsave avx lahf_lm cmp_legacy svm extapic cr8_legacy abm sse4a misalignsse 3dnowprefetch osvw ibs xop skinit wdt lwp fma4 nodeid_msr topoext perfctr_core perfctr_nb arat cpb hw_pstate npt lbrv svm_lock nrip_save tsc_scale vmcb_clean flushbyasid decodeassists pausefilter pfthreshold vmmcall
bugs		: fxsave_leak
bogomips	: 6632.39
TLB size	: 1536 4K pages
clflush size	: 64
cache_alignment	: 64
address sizes	: 48 bits physical, 48 bits virtual
power management: ts ttp tm 100mhzsteps hwpstate cpb

processor	: 1
vendor_id	: AuthenticAMD
cpu family	: 21
model		: 1
model name	: AMD FX(tm)-6100 Six-Core Processor             
stepping	: 2
microcode	: 0x600063d
cpu MHz		: 1800.000
cache size	: 2048 KB
physical id	: 0
siblings	: 6
core id		: 1
cpu cores	: 3
apicid		: 17
initial apicid	: 1
fpu		: yes
fpu_exception	: yes
cpuid level	: 13
wp		: yes
flags		: fpu vme de pse tsc msr pae mce cx8 apic sep mtrr pge mca cmov pat pse36 clflush mmx fxsr sse sse2 ht syscall nx mmxext fxsr_opt pdpe1gb rdtscp lm constant_tsc rep_good nopl nonstop_tsc extd_apicid aperfmperf pni pclmulqdq monitor ssse3 cx16 sse4_1 sse4_2 popcnt aes xsave avx lahf_lm cmp_legacy svm extapic cr8_legacy abm sse4a misalignsse 3dnowprefetch osvw ibs xop skinit wdt lwp fma4 nodeid_msr topoext perfctr_core perfctr_nb arat cpb hw_pstate npt lbrv svm_lock nrip_save tsc_scale vmcb_clean flushbyasid decodeassists pausefilter pfthreshold vmmcall
bugs		: fxsave_leak
bogomips	: 6632.39
TLB size	: 1536 4K pages
clflush size	: 64
cache_alignment	: 64
address sizes	: 48 bits physical, 48 bits virtual
power management: ts ttp tm 100mhzsteps hwpstate cpb

processor	: 2
vendor_id	: AuthenticAMD
cpu family	: 21
model		: 1
model name	: AMD FX(tm)-6100 Six-Core Processor             
stepping	: 2
microcode	: 0x600063d
cpu MHz		: 1800.000
cache size	: 2048 KB
physical id	: 0
siblings	: 6
core id		: 2
cpu cores	: 3
apicid		: 18
initial apicid	: 2
fpu		: yes
fpu_exception	: yes
cpuid level	: 13
wp		: yes
flags		: fpu vme de pse tsc msr pae mce cx8 apic sep mtrr pge mca cmov pat pse36 clflush mmx fxsr sse sse2 ht syscall nx mmxext fxsr_opt pdpe1gb rdtscp lm constant_tsc rep_good nopl nonstop_tsc extd_apicid aperfmperf pni pclmulqdq monitor ssse3 cx16 sse4_1 sse4_2 popcnt aes xsave avx lahf_lm cmp_legacy svm extapic cr8_legacy abm sse4a misalignsse 3dnowprefetch osvw ibs xop skinit wdt lwp fma4 nodeid_msr topoext perfctr_core perfctr_nb arat cpb hw_pstate npt lbrv svm_lock nrip_save tsc_scale vmcb_clean flushbyasid decodeassists pausefilter pfthreshold vmmcall
bugs		: fxsave_leak
bogomips	: 6632.39
TLB size	: 1536 4K pages
clflush size	: 64
cache_alignment	: 64
address sizes	: 48 bits physical, 48 bits virtual
power management: ts ttp tm 100mhzsteps hwpstate cpb

processor	: 3
vendor_id	: AuthenticAMD
cpu family	: 21
model		: 1
model name	: AMD FX(tm)-6100 Six-Core Processor             
stepping	: 2
microcode	: 0x600063d
cpu MHz		: 1800.000
cache size	: 2048 KB
physical id	: 0
siblings	: 6
core id		: 3
cpu cores	: 3
apicid		: 19
initial apicid	: 3
fpu		: yes
fpu_exception	: yes
cpuid level	: 13
wp		: yes
flags		: fpu vme de pse tsc msr pae mce cx8 apic sep mtrr pge mca cmov pat pse36 clflush mmx fxsr sse sse2 ht syscall nx mmxext fxsr_opt pdpe1gb rdtscp lm constant_tsc rep_good nopl nonstop_tsc extd_apicid aperfmperf pni pclmulqdq monitor ssse3 cx16 sse4_1 sse4_2 popcnt aes xsave avx lahf_lm cmp_legacy svm extapic cr8_legacy abm sse4a misalignsse 3dnowprefetch osvw ibs xop skinit wdt lwp fma4 nodeid_msr topoext perfctr_core perfctr_nb arat cpb hw_pstate npt lbrv svm_lock nrip_save tsc_scale vmcb_clean flushbyasid decodeassists pausefilter pfthreshold vmmcall
bugs		: fxsave_leak
bogomips	: 6632.39
TLB size	: 1536 4K pages
clflush size	: 64
cache_alignment	: 64
address sizes	: 48 bits physical, 48 bits virtual
power management: ts ttp tm 100mhzsteps hwpstate cpb

processor	: 4
vendor_id	: AuthenticAMD
cpu family	: 21
model		: 1
model name	: AMD FX(tm)-6100 Six-Core Processor             
stepping	: 2
microcode	: 0x600063d
cpu MHz		: 2400.000
cache size	: 2048 KB
physical id	: 0
siblings	: 6
core id		: 4
cpu cores	: 3
apicid		: 20
initial apicid	: 4
fpu		: yes
fpu_exception	: yes
cpuid level	: 13
wp		: yes
flags		: fpu vme de pse tsc msr pae mce cx8 apic sep mtrr pge mca cmov pat pse36 clflush mmx fxsr sse sse2 ht syscall nx mmxext fxsr_opt pdpe1gb rdtscp lm constant_tsc rep_good nopl nonstop_tsc extd_apicid aperfmperf pni pclmulqdq monitor ssse3 cx16 sse4_1 sse4_2 popcnt aes xsave avx lahf_lm cmp_legacy svm extapic cr8_legacy abm sse4a misalignsse 3dnowprefetch osvw ibs xop skinit wdt lwp fma4 nodeid_msr topoext perfctr_core perfctr_nb arat cpb hw_pstate npt lbrv svm_lock nrip_save tsc_scale vmcb_clean flushbyasid decodeassists pausefilter pfthreshold vmmcall
bugs		: fxsave_leak
bogomips	: 6632.39
TLB size	: 1536 4K pages
clflush size	: 64
cache_alignment	: 64
address sizes	: 48 bits physical, 48 bits virtual
power management: ts ttp tm 100mhzsteps hwpstate cpb

processor	: 5
vendor_id	: AuthenticAMD
cpu family	: 21
model		: 1
model name	: AMD FX(tm)-6100 Six-Core Processor             
stepping	: 2
microcode	: 0x600063d
cpu MHz		: 1800.000
cache size	: 2048 KB
physical id	: 0
siblings	: 6
core id		: 5
cpu cores	: 3
apicid		: 21
initial apicid	: 5
fpu		: yes
fpu_exception	: yes
cpuid level	: 13
wp		: yes
flags		: fpu vme de pse tsc msr pae mce cx8 apic sep mtrr pge mca cmov pat pse36 clflush mmx fxsr sse sse2 ht syscall nx mmxext fxsr_opt pdpe1gb rdtscp lm constant_tsc rep_good nopl nonstop_tsc extd_apicid aperfmperf pni pclmulqdq monitor ssse3 cx16 sse4_1 sse4_2 popcnt aes xsave avx lahf_lm cmp_legacy svm extapic cr8_legacy abm sse4a misalignsse 3dnowprefetch osvw ibs xop skinit wdt lwp fma4 nodeid_msr topoext perfctr_core perfctr_nb arat cpb hw_pstate npt lbrv svm_lock nrip_save tsc_scale vmcb_clean flushbyasid decodeassists pausefilter pfthreshold vmmcall
bugs		: fxsave_leak
bogomips	: 6632.39
TLB size	: 1536 4K pages
clflush size	: 64
cache_alignment	: 64
address sizes	: 48 bits physical, 48 bits virtual
power management: ts ttp tm 100mhzsteps hwpstate cpb



Memory: 4k page, physical 8163788k(376568k free), swap 0k(0k free)

vm_info: OpenJDK 64-Bit Server VM (24.79-b02) for linux-amd64 JRE (1.7.0_79-b14), built on Apr 15 2015 12:42:59 by "builduser" with gcc 4.9.2 20150304 (prerelease)

time: Thu Jul  2 21:38:52 2015
elapsed time: 15 seconds

